#
# A fatal error has been detected by the Java Runtime Environment:
#
#  EXCEPTION_ACCESS_VIOLATION (0xc0000005) at pc=0x00007fff489da8c5, pid=70016, tid=68888
#
# JRE version: Java(TM) SE Runtime Environment 18.9 (11.0.7+8) (build 11.0.7+8-LTS)
# Java VM: Java HotSpot(TM) 64-Bit Server VM 18.9 (11.0.7+8-LTS, mixed mode, tiered, compressed oops, g1 gc, windows-amd64)
# Problematic frame:
# V  [jvm.dll+0x68a8c5]
#
# No core dump will be written. Minidumps are not enabled by default on client versions of Windows
#
# If you would like to submit a bug report, please visit:
#   https://bugreport.java.com/bugreport/crash.jsp
#

---------------  S U M M A R Y ------------

Command Line: -Dcom.sun.management.jmxremote -Dcom.sun.management.jmxremote.port=61712 -Dcom.sun.management.jmxremote.authenticate=false -Dcom.sun.management.jmxremote.ssl=false -Djava.rmi.server.hostname=localhost -Dspring.jmx.enabled=true -Dspring.application.admin.enabled=true -Xverify:none -XX:TieredStopAtLevel=1 -Dspring.boot.project.name=proj_spring_ionic -Dfile.encoding=UTF-8 com.devalex.spring_ionic.ProjSpringIonicApplication --spring.output.ansi.enabled=always

Host: Intel(R) Core(TM) i3-7020U CPU @ 2.30GHz, 4 cores, 7G,  Windows 10 , 64 bit Build 18362 (10.0.18362.778)
Time: Tue Jun  9 11:46:57 2020 Hora oficial do Brasil elapsed time: 1 seconds (0d 0h 0m 1s)

---------------  T H R E A D  ---------------

Current thread (0x0000021358515800):  WatcherThread [stack: 0x000000b1e3c00000,0x000000b1e3d00000] [id=68888]

Stack: [0x000000b1e3c00000,0x000000b1e3d00000],  sp=0x000000b1e3cff830,  free space=1022k
Native frames: (J=compiled Java code, j=interpreted, Vv=VM code, C=native code)
V  [jvm.dll+0x68a8c5]
V  [jvm.dll+0x6f394f]
V  [jvm.dll+0x73fc7d]
V  [jvm.dll+0x765fe9]
V  [jvm.dll+0x75e875]
V  [jvm.dll+0x660b26]
C  [ucrtbase.dll+0x20e82]
C  [KERNEL32.DLL+0x17bd4]
C  [ntdll.dll+0x6ce51]


siginfo: EXCEPTION_ACCESS_VIOLATION (0xc0000005), reading address 0x0000000c0000000b


Register to memory mapping:

RIP=0x00007fff489da8c5 jvm.dll
RAX=0x0000000c0000000b is an unknown value
RBX=0x0000021358439880 points into unknown readable memory: 80 bb c4 48 ff 7f 00 00
RCX=0x0000021358427810 points into unknown readable memory: 0b 00 00 00 0c 00 00 00
RDX=0x0000000000000032 is an unknown value
RSP=0x000000b1e3cff830 points into unknown readable memory: 20 45 6b 38 13 02 00 00
RBP=0x0000000000000002 is an unknown value
RSI=0x00000213584277c0 points into unknown readable memory: e0 4e 51 58 13 02 00 00
RDI=0x0 is NULL
R8 =0x0 is NULL
R9 =0x0000021340a60b80 is at begin+0 in a stub
StubRoutines::atomic_cmpxchg_long [0x0000021340a60b80, 0x0000021340a60b89[ (9 bytes)
R10=0x00000000546c6148 is an unknown value
R11=0x000007450b678281 is an unknown value
R12=0x0 is NULL
R13=0x0000021358515800 points into unknown readable memory: 18 92 c5 48 ff 7f 00 00
R14=0x0000000000000032 is an unknown value
R15=0x000002135834d3f0 points into unknown readable memory: 00 00 00 00 00 00 00 00


Registers:
RAX=0x0000000c0000000b, RBX=0x0000021358439880, RCX=0x0000021358427810, RDX=0x0000000000000032
RSP=0x000000b1e3cff830, RBP=0x0000000000000002, RSI=0x00000213584277c0, RDI=0x0000000000000000
R8 =0x0000000000000000, R9 =0x0000021340a60b80, R10=0x00000000546c6148, R11=0x000007450b678281
R12=0x0000000000000000, R13=0x0000021358515800, R14=0x0000000000000032, R15=0x000002135834d3f0
RIP=0x00007fff489da8c5, EFLAGS=0x0000000000010202

Top of Stack: (sp=0x000000b1e3cff830)
0x000000b1e3cff830:   00000213386b4520 0000000000000b18
0x000000b1e3cff840:   0000000000000001 00007fff48983850
0x000000b1e3cff850:   0000000000000000 00007fff48a4394f
0x000000b1e3cff860:   0000021358515800 0000021358515800
0x000000b1e3cff870:   0003f8498c4396e0 00007fff489842d9
0x000000b1e3cff880:   00007fff48dfabc8 00007fff48a8fc7d
0x000000b1e3cff890:   0000000000000001 00000213386b4520
0x000000b1e3cff8a0:   00000213386b4520 431bde82d7b634db
0x000000b1e3cff8b0:   000002135834d3f0 0003f8498c4396e0
0x000000b1e3cff8c0:   00000213386b4520 00007fff48ab5fe9
0x000000b1e3cff8d0:   0000000000000001 0000000000000032
0x000000b1e3cff8e0:   0000000000000032 0000000000000002
0x000000b1e3cff8f0:   0000000000000000 0000000000000000
0x000000b1e3cff900:   0000000000000000 00007fff8a94ce30
0x000000b1e3cff910:   000000000000027f 0000000000000000
0x000000b1e3cff920:   0000000000000000 0000ffff00001f80 

Instructions: (pc=0x00007fff489da8c5)
0x00007fff489da8a5:   70 48 83 c4 50 5f c3 cc cc cc cc 40 53 48 83 ec
0x00007fff489da8b5:   20 48 8b d9 48 8b 49 38 48 85 c9 74 0c 48 8b 01
0x00007fff489da8c5:   ff 10 48 8b 4b 28 48 89 01 48 83 c4 20 5b c3 cc
0x00007fff489da8d5:   cc cc cc cc cc cc cc cc cc cc cc 48 89 5c 24 08 


Stack slot to memory mapping:
stack at sp + 0 slots: 0x00000213386b4520 points into unknown readable memory: 01 00 00 00 00 00 00 00
stack at sp + 1 slots: 0x0000000000000b18 is an unknown value
stack at sp + 2 slots: 0x0000000000000001 is an unknown value
stack at sp + 3 slots: 0x00007fff48983850 jvm.dll
stack at sp + 4 slots: 0x0 is NULL
stack at sp + 5 slots: 0x00007fff48a4394f jvm.dll
stack at sp + 6 slots: 0x0000021358515800 points into unknown readable memory: 18 92 c5 48 ff 7f 00 00
stack at sp + 7 slots: 0x0000021358515800 points into unknown readable memory: 18 92 c5 48 ff 7f 00 00


---------------  P R O C E S S  ---------------

Threads class SMR info:
_java_thread_list=0x00000213585b7e00, length=15, elements={
0x00000213386ba800, 0x00000213572d3800, 0x00000213572df000, 0x0000021357331800,
0x0000021357332800, 0x0000021357334800, 0x000002135733b800, 0x00000213574dd800,
0x0000021357559800, 0x0000021358481000, 0x000002135848b000, 0x00000213584ef000,
0x000002135850a800, 0x00000213585a9000, 0x00000213585aa000
}

Java Threads: ( => current thread )
  0x00000213386ba800 JavaThread "main" [_thread_blocked, id=56464, stack(0x000000b1e2700000,0x000000b1e2800000)]
  0x00000213572d3800 JavaThread "Reference Handler" daemon [_thread_blocked, id=70704, stack(0x000000b1e2e00000,0x000000b1e2f00000)]
  0x00000213572df000 JavaThread "Finalizer" daemon [_thread_blocked, id=53908, stack(0x000000b1e2f00000,0x000000b1e3000000)]
  0x0000021357331800 JavaThread "Signal Dispatcher" daemon [_thread_blocked, id=62888, stack(0x000000b1e3000000,0x000000b1e3100000)]
  0x0000021357332800 JavaThread "Attach Listener" daemon [_thread_blocked, id=71368, stack(0x000000b1e3100000,0x000000b1e3200000)]
  0x0000021357334800 JavaThread "C1 CompilerThread0" daemon [_thread_in_vm, id=69840, stack(0x000000b1e3200000,0x000000b1e3300000)]
  0x000002135733b800 JavaThread "Sweeper thread" daemon [_thread_blocked, id=58128, stack(0x000000b1e3300000,0x000000b1e3400000)]
  0x00000213574dd800 JavaThread "Common-Cleaner" daemon [_thread_blocked, id=69848, stack(0x000000b1e3400000,0x000000b1e3500000)]
  0x0000021357559800 JavaThread "Service Thread" daemon [_thread_blocked, id=66988, stack(0x000000b1e3500000,0x000000b1e3600000)]
  0x0000021358481000 JavaThread "RMI TCP Accept-0" daemon [_thread_in_native, id=64376, stack(0x000000b1e3800000,0x000000b1e3900000)]
  0x000002135848b000 JavaThread "RMI TCP Accept-61712" daemon [_thread_in_native, id=70368, stack(0x000000b1e3900000,0x000000b1e3a00000)]
  0x00000213584ef000 JavaThread "RMI TCP Connection(1)-127.0.0.1" daemon [_thread_in_native, id=49516, stack(0x000000b1e3a00000,0x000000b1e3b00000)]
  0x000002135850a800 JavaThread "RMI TCP Accept-0" daemon [_thread_in_native, id=66472, stack(0x000000b1e3b00000,0x000000b1e3c00000)]
  0x00000213585a9000 JavaThread "RMI TCP Connection(2)-127.0.0.1" daemon [_thread_blocked, id=66516, stack(0x000000b1e3d00000,0x000000b1e3e00000)]
  0x00000213585aa000 JavaThread "RMI Scheduler(0)" daemon [_thread_blocked, id=39364, stack(0x000000b1e3e00000,0x000000b1e3f00000)]

Other Threads:
  0x0000021356aa7000 VMThread "VM Thread" [stack: 0x000000b1e2d00000,0x000000b1e2e00000] [id=67128]
=>0x0000021358515800 WatcherThread [stack: 0x000000b1e3c00000,0x000000b1e3d00000] [id=68888]
  0x00000213386d3000 GCTaskThread "GC Thread#0" [stack: 0x000000b1e2800000,0x000000b1e2900000] [id=70992]
  0x00000213576ab000 GCTaskThread "GC Thread#1" [stack: 0x000000b1e3600000,0x000000b1e3700000] [id=71220]
  0x00000213576ab800 GCTaskThread "GC Thread#2" [stack: 0x000000b1e3700000,0x000000b1e3800000] [id=68364]
  0x0000021338701800 ConcurrentGCThread "G1 Main Marker" [stack: 0x000000b1e2900000,0x000000b1e2a00000] [id=71276]
  0x0000021338703000 ConcurrentGCThread "G1 Conc#0" [stack: 0x000000b1e2a00000,0x000000b1e2b00000] [id=70100]
  0x0000021356913800 ConcurrentGCThread "G1 Refine#0" [stack: 0x000000b1e2b00000,0x000000b1e2c00000] [id=70420]
  0x0000021356914000 ConcurrentGCThread "G1 Young RemSet Sampling" [stack: 0x000000b1e2c00000,0x000000b1e2d00000] [id=71320]

Threads with active compile tasks:
C1 CompilerThread01126       1       java.lang.String::<init> (10 bytes)

VM state:synchronizing (normal execution)

VM Mutex/Monitor currently owned by a thread:  ([mutex/lock_event])
[0x00000213386b4400] Threads_lock - owner thread: 0x0000021356aa7000
[0x00000213386b4520] PeriodicTask_lock - owner thread: 0x0000021358515800

Heap address: 0x0000000081c00000, size: 2020 MB, Compressed Oops mode: 32-bit
Narrow klass base: 0x0000000000000000, Narrow klass shift: 3
Compressed class space size: 1073741824 Address: 0x0000000100000000

Heap:
 garbage-first heap   total 131072K, used 24968K [0x0000000081c00000, 0x0000000100000000)
  region size 1024K, 10 young (10240K), 2 survivors (2048K)
 Metaspace       used 12990K, capacity 13453K, committed 13568K, reserved 1060864K
  class space    used 1384K, capacity 1528K, committed 1536K, reserved 1048576K
Heap Regions: E=young(eden), S=young(survivor), O=old, HS=humongous(starts), HC=humongous(continues), CS=collection set, F=free, A=archive, TAMS=top-at-mark-start (previous, next)
|   0|0x0000000081c00000, 0x0000000081d00000, 0x0000000081d00000|100%|HS|  |TAMS 0x0000000081c00000, 0x0000000081c00000| Complete 
|   1|0x0000000081d00000, 0x0000000081e00000, 0x0000000081e00000|100%| O|  |TAMS 0x0000000081d00000, 0x0000000081d00000| Untracked 
|   2|0x0000000081e00000, 0x0000000081f00000, 0x0000000081f00000|100%| O|  |TAMS 0x0000000081e00000, 0x0000000081e00000| Untracked 
|   3|0x0000000081f00000, 0x0000000082000000, 0x0000000082000000|100%| O|  |TAMS 0x0000000081f00000, 0x0000000081f00000| Untracked 
|   4|0x0000000082000000, 0x0000000082100000, 0x0000000082100000|100%| O|  |TAMS 0x0000000082000000, 0x0000000082000000| Untracked 
|   5|0x0000000082100000, 0x0000000082200000, 0x0000000082200000|100%| O|  |TAMS 0x0000000082100000, 0x0000000082100000| Untracked 
|   6|0x0000000082200000, 0x0000000082300000, 0x0000000082300000|100%| O|  |TAMS 0x0000000082200000, 0x0000000082200000| Untracked 
|   7|0x0000000082300000, 0x0000000082400000, 0x0000000082400000|100%| O|  |TAMS 0x0000000082300000, 0x0000000082300000| Untracked 
|   8|0x0000000082400000, 0x0000000082500000, 0x0000000082500000|100%| O|  |TAMS 0x0000000082400000, 0x0000000082400000| Untracked 
|   9|0x0000000082500000, 0x0000000082600000, 0x0000000082600000|100%| O|  |TAMS 0x0000000082500000, 0x0000000082500000| Untracked 
|  10|0x0000000082600000, 0x0000000082700000, 0x0000000082700000|100%| O|  |TAMS 0x0000000082600000, 0x0000000082600000| Untracked 
|  11|0x0000000082700000, 0x0000000082800000, 0x0000000082800000|100%| O|  |TAMS 0x0000000082700000, 0x0000000082700000| Untracked 
|  12|0x0000000082800000, 0x0000000082900000, 0x0000000082900000|100%| O|  |TAMS 0x0000000082800000, 0x0000000082800000| Untracked 
|  13|0x0000000082900000, 0x0000000082a00000, 0x0000000082a00000|100%| O|  |TAMS 0x0000000082900000, 0x0000000082900000| Untracked 
|  14|0x0000000082a00000, 0x0000000082b00000, 0x0000000082b00000|100%| O|  |TAMS 0x0000000082a00000, 0x0000000082a00000| Untracked 
|  15|0x0000000082b00000, 0x0000000082b62200, 0x0000000082c00000| 38%| O|  |TAMS 0x0000000082b00000, 0x0000000082b00000| Untracked 
|  16|0x0000000082c00000, 0x0000000082c00000, 0x0000000082d00000|  0%| F|  |TAMS 0x0000000082c00000, 0x0000000082c00000| Untracked 
|  17|0x0000000082d00000, 0x0000000082d00000, 0x0000000082e00000|  0%| F|  |TAMS 0x0000000082d00000, 0x0000000082d00000| Untracked 
|  18|0x0000000082e00000, 0x0000000082e00000, 0x0000000082f00000|  0%| F|  |TAMS 0x0000000082e00000, 0x0000000082e00000| Untracked 
|  19|0x0000000082f00000, 0x0000000082f00000, 0x0000000083000000|  0%| F|  |TAMS 0x0000000082f00000, 0x0000000082f00000| Untracked 
|  20|0x0000000083000000, 0x0000000083000000, 0x0000000083100000|  0%| F|  |TAMS 0x0000000083000000, 0x0000000083000000| Untracked 
|  21|0x0000000083100000, 0x0000000083100000, 0x0000000083200000|  0%| F|  |TAMS 0x0000000083100000, 0x0000000083100000| Untracked 
|  22|0x0000000083200000, 0x0000000083200000, 0x0000000083300000|  0%| F|  |TAMS 0x0000000083200000, 0x0000000083200000| Untracked 
|  23|0x0000000083300000, 0x0000000083300000, 0x0000000083400000|  0%| F|  |TAMS 0x0000000083300000, 0x0000000083300000| Untracked 
|  24|0x0000000083400000, 0x0000000083400000, 0x0000000083500000|  0%| F|  |TAMS 0x0000000083400000, 0x0000000083400000| Untracked 
|  25|0x0000000083500000, 0x0000000083500000, 0x0000000083600000|  0%| F|  |TAMS 0x0000000083500000, 0x0000000083500000| Untracked 
|  26|0x0000000083600000, 0x0000000083600000, 0x0000000083700000|  0%| F|  |TAMS 0x0000000083600000, 0x0000000083600000| Untracked 
|  27|0x0000000083700000, 0x0000000083700000, 0x0000000083800000|  0%| F|  |TAMS 0x0000000083700000, 0x0000000083700000| Untracked 
|  28|0x0000000083800000, 0x0000000083800000, 0x0000000083900000|  0%| F|  |TAMS 0x0000000083800000, 0x0000000083800000| Untracked 
|  29|0x0000000083900000, 0x0000000083900000, 0x0000000083a00000|  0%| F|  |TAMS 0x0000000083900000, 0x0000000083900000| Untracked 
|  30|0x0000000083a00000, 0x0000000083a00000, 0x0000000083b00000|  0%| F|  |TAMS 0x0000000083a00000, 0x0000000083a00000| Untracked 
|  31|0x0000000083b00000, 0x0000000083b00000, 0x0000000083c00000|  0%| F|  |TAMS 0x0000000083b00000, 0x0000000083b00000| Untracked 
|  32|0x0000000083c00000, 0x0000000083c00000, 0x0000000083d00000|  0%| F|  |TAMS 0x0000000083c00000, 0x0000000083c00000| Untracked 
|  33|0x0000000083d00000, 0x0000000083d00000, 0x0000000083e00000|  0%| F|  |TAMS 0x0000000083d00000, 0x0000000083d00000| Untracked 
|  34|0x0000000083e00000, 0x0000000083e00000, 0x0000000083f00000|  0%| F|  |TAMS 0x0000000083e00000, 0x0000000083e00000| Untracked 
|  35|0x0000000083f00000, 0x0000000083f00000, 0x0000000084000000|  0%| F|  |TAMS 0x0000000083f00000, 0x0000000083f00000| Untracked 
|  36|0x0000000084000000, 0x0000000084000000, 0x0000000084100000|  0%| F|  |TAMS 0x0000000084000000, 0x0000000084000000| Untracked 
|  37|0x0000000084100000, 0x0000000084100000, 0x0000000084200000|  0%| F|  |TAMS 0x0000000084100000, 0x0000000084100000| Untracked 
|  38|0x0000000084200000, 0x0000000084200000, 0x0000000084300000|  0%| F|  |TAMS 0x0000000084200000, 0x0000000084200000| Untracked 
|  39|0x0000000084300000, 0x0000000084300000, 0x0000000084400000|  0%| F|  |TAMS 0x0000000084300000, 0x0000000084300000| Untracked 
|  40|0x0000000084400000, 0x0000000084400000, 0x0000000084500000|  0%| F|  |TAMS 0x0000000084400000, 0x0000000084400000| Untracked 
|  41|0x0000000084500000, 0x0000000084500000, 0x0000000084600000|  0%| F|  |TAMS 0x0000000084500000, 0x0000000084500000| Untracked 
|  42|0x0000000084600000, 0x0000000084600000, 0x0000000084700000|  0%| F|  |TAMS 0x0000000084600000, 0x0000000084600000| Untracked 
|  43|0x0000000084700000, 0x0000000084700000, 0x0000000084800000|  0%| F|  |TAMS 0x0000000084700000, 0x0000000084700000| Untracked 
|  44|0x0000000084800000, 0x0000000084800000, 0x0000000084900000|  0%| F|  |TAMS 0x0000000084800000, 0x0000000084800000| Untracked 
|  45|0x0000000084900000, 0x0000000084900000, 0x0000000084a00000|  0%| F|  |TAMS 0x0000000084900000, 0x0000000084900000| Untracked 
|  46|0x0000000084a00000, 0x0000000084a00000, 0x0000000084b00000|  0%| F|  |TAMS 0x0000000084a00000, 0x0000000084a00000| Untracked 
|  47|0x0000000084b00000, 0x0000000084b00000, 0x0000000084c00000|  0%| F|  |TAMS 0x0000000084b00000, 0x0000000084b00000| Untracked 
|  48|0x0000000084c00000, 0x0000000084c00000, 0x0000000084d00000|  0%| F|  |TAMS 0x0000000084c00000, 0x0000000084c00000| Untracked 
|  49|0x0000000084d00000, 0x0000000084d00000, 0x0000000084e00000|  0%| F|  |TAMS 0x0000000084d00000, 0x0000000084d00000| Untracked 
|  50|0x0000000084e00000, 0x0000000084e00000, 0x0000000084f00000|  0%| F|  |TAMS 0x0000000084e00000, 0x0000000084e00000| Untracked 
|  51|0x0000000084f00000, 0x0000000084f00000, 0x0000000085000000|  0%| F|  |TAMS 0x0000000084f00000, 0x0000000084f00000| Untracked 
|  52|0x0000000085000000, 0x0000000085000000, 0x0000000085100000|  0%| F|  |TAMS 0x0000000085000000, 0x0000000085000000| Untracked 
|  53|0x0000000085100000, 0x0000000085100000, 0x0000000085200000|  0%| F|  |TAMS 0x0000000085100000, 0x0000000085100000| Untracked 
|  54|0x0000000085200000, 0x0000000085200000, 0x0000000085300000|  0%| F|  |TAMS 0x0000000085200000, 0x0000000085200000| Untracked 
|  55|0x0000000085300000, 0x0000000085300000, 0x0000000085400000|  0%| F|  |TAMS 0x0000000085300000, 0x0000000085300000| Untracked 
|  56|0x0000000085400000, 0x0000000085400000, 0x0000000085500000|  0%| F|  |TAMS 0x0000000085400000, 0x0000000085400000| Untracked 
|  57|0x0000000085500000, 0x0000000085500000, 0x0000000085600000|  0%| F|  |TAMS 0x0000000085500000, 0x0000000085500000| Untracked 
|  58|0x0000000085600000, 0x0000000085600000, 0x0000000085700000|  0%| F|  |TAMS 0x0000000085600000, 0x0000000085600000| Untracked 
|  59|0x0000000085700000, 0x0000000085700000, 0x0000000085800000|  0%| F|  |TAMS 0x0000000085700000, 0x0000000085700000| Untracked 
|  60|0x0000000085800000, 0x0000000085800000, 0x0000000085900000|  0%| F|  |TAMS 0x0000000085800000, 0x0000000085800000| Untracked 
|  61|0x0000000085900000, 0x0000000085900000, 0x0000000085a00000|  0%| F|  |TAMS 0x0000000085900000, 0x0000000085900000| Untracked 
|  62|0x0000000085a00000, 0x0000000085a00000, 0x0000000085b00000|  0%| F|  |TAMS 0x0000000085a00000, 0x0000000085a00000| Untracked 
|  63|0x0000000085b00000, 0x0000000085b00000, 0x0000000085c00000|  0%| F|  |TAMS 0x0000000085b00000, 0x0000000085b00000| Untracked 
|  64|0x0000000085c00000, 0x0000000085c00000, 0x0000000085d00000|  0%| F|  |TAMS 0x0000000085c00000, 0x0000000085c00000| Untracked 
|  65|0x0000000085d00000, 0x0000000085d00000, 0x0000000085e00000|  0%| F|  |TAMS 0x0000000085d00000, 0x0000000085d00000| Untracked 
|  66|0x0000000085e00000, 0x0000000085e00000, 0x0000000085f00000|  0%| F|  |TAMS 0x0000000085e00000, 0x0000000085e00000| Untracked 
|  67|0x0000000085f00000, 0x0000000085f00000, 0x0000000086000000|  0%| F|  |TAMS 0x0000000085f00000, 0x0000000085f00000| Untracked 
|  68|0x0000000086000000, 0x0000000086000000, 0x0000000086100000|  0%| F|  |TAMS 0x0000000086000000, 0x0000000086000000| Untracked 
|  69|0x0000000086100000, 0x0000000086100000, 0x0000000086200000|  0%| F|  |TAMS 0x0000000086100000, 0x0000000086100000| Untracked 
|  70|0x0000000086200000, 0x0000000086200000, 0x0000000086300000|  0%| F|  |TAMS 0x0000000086200000, 0x0000000086200000| Untracked 
|  71|0x0000000086300000, 0x0000000086300000, 0x0000000086400000|  0%| F|  |TAMS 0x0000000086300000, 0x0000000086300000| Untracked 
|  72|0x0000000086400000, 0x0000000086400000, 0x0000000086500000|  0%| F|  |TAMS 0x0000000086400000, 0x0000000086400000| Untracked 
|  73|0x0000000086500000, 0x0000000086500000, 0x0000000086600000|  0%| F|  |TAMS 0x0000000086500000, 0x0000000086500000| Untracked 
|  74|0x0000000086600000, 0x0000000086600000, 0x0000000086700000|  0%| F|  |TAMS 0x0000000086600000, 0x0000000086600000| Untracked 
|  75|0x0000000086700000, 0x0000000086700000, 0x0000000086800000|  0%| F|  |TAMS 0x0000000086700000, 0x0000000086700000| Untracked 
|  76|0x0000000086800000, 0x0000000086800000, 0x0000000086900000|  0%| F|  |TAMS 0x0000000086800000, 0x0000000086800000| Untracked 
|  77|0x0000000086900000, 0x0000000086900000, 0x0000000086a00000|  0%| F|  |TAMS 0x0000000086900000, 0x0000000086900000| Untracked 
|  78|0x0000000086a00000, 0x0000000086a00000, 0x0000000086b00000|  0%| F|  |TAMS 0x0000000086a00000, 0x0000000086a00000| Untracked 
|  79|0x0000000086b00000, 0x0000000086b00000, 0x0000000086c00000|  0%| F|  |TAMS 0x0000000086b00000, 0x0000000086b00000| Untracked 
|  80|0x0000000086c00000, 0x0000000086c00000, 0x0000000086d00000|  0%| F|  |TAMS 0x0000000086c00000, 0x0000000086c00000| Untracked 
|  81|0x0000000086d00000, 0x0000000086d00000, 0x0000000086e00000|  0%| F|  |TAMS 0x0000000086d00000, 0x0000000086d00000| Untracked 
|  82|0x0000000086e00000, 0x0000000086e00000, 0x0000000086f00000|  0%| F|  |TAMS 0x0000000086e00000, 0x0000000086e00000| Untracked 
|  83|0x0000000086f00000, 0x0000000086f00000, 0x0000000087000000|  0%| F|  |TAMS 0x0000000086f00000, 0x0000000086f00000| Untracked 
|  84|0x0000000087000000, 0x0000000087000000, 0x0000000087100000|  0%| F|  |TAMS 0x0000000087000000, 0x0000000087000000| Untracked 
|  85|0x0000000087100000, 0x0000000087100000, 0x0000000087200000|  0%| F|  |TAMS 0x0000000087100000, 0x0000000087100000| Untracked 
|  86|0x0000000087200000, 0x0000000087200000, 0x0000000087300000|  0%| F|  |TAMS 0x0000000087200000, 0x0000000087200000| Untracked 
|  87|0x0000000087300000, 0x0000000087300000, 0x0000000087400000|  0%| F|  |TAMS 0x0000000087300000, 0x0000000087300000| Untracked 
|  88|0x0000000087400000, 0x0000000087400000, 0x0000000087500000|  0%| F|  |TAMS 0x0000000087400000, 0x0000000087400000| Untracked 
|  89|0x0000000087500000, 0x0000000087500000, 0x0000000087600000|  0%| F|  |TAMS 0x0000000087500000, 0x0000000087500000| Untracked 
|  90|0x0000000087600000, 0x0000000087600000, 0x0000000087700000|  0%| F|  |TAMS 0x0000000087600000, 0x0000000087600000| Untracked 
|  91|0x0000000087700000, 0x0000000087700000, 0x0000000087800000|  0%| F|  |TAMS 0x0000000087700000, 0x0000000087700000| Untracked 
|  92|0x0000000087800000, 0x0000000087800000, 0x0000000087900000|  0%| F|  |TAMS 0x0000000087800000, 0x0000000087800000| Untracked 
|  93|0x0000000087900000, 0x0000000087900000, 0x0000000087a00000|  0%| F|  |TAMS 0x0000000087900000, 0x0000000087900000| Untracked 
|  94|0x0000000087a00000, 0x0000000087a00000, 0x0000000087b00000|  0%| F|  |TAMS 0x0000000087a00000, 0x0000000087a00000| Untracked 
|  95|0x0000000087b00000, 0x0000000087b00000, 0x0000000087c00000|  0%| F|  |TAMS 0x0000000087b00000, 0x0000000087b00000| Untracked 
|  96|0x0000000087c00000, 0x0000000087c00000, 0x0000000087d00000|  0%| F|  |TAMS 0x0000000087c00000, 0x0000000087c00000| Untracked 
|  97|0x0000000087d00000, 0x0000000087d00000, 0x0000000087e00000|  0%| F|  |TAMS 0x0000000087d00000, 0x0000000087d00000| Untracked 
|  98|0x0000000087e00000, 0x0000000087e00000, 0x0000000087f00000|  0%| F|  |TAMS 0x0000000087e00000, 0x0000000087e00000| Untracked 
|  99|0x0000000087f00000, 0x0000000087f00000, 0x0000000088000000|  0%| F|  |TAMS 0x0000000087f00000, 0x0000000087f00000| Untracked 
| 100|0x0000000088000000, 0x0000000088000000, 0x0000000088100000|  0%| F|  |TAMS 0x0000000088000000, 0x0000000088000000| Untracked 
| 101|0x0000000088100000, 0x0000000088100000, 0x0000000088200000|  0%| F|  |TAMS 0x0000000088100000, 0x0000000088100000| Untracked 
| 102|0x0000000088200000, 0x0000000088200000, 0x0000000088300000|  0%| F|  |TAMS 0x0000000088200000, 0x0000000088200000| Untracked 
| 103|0x0000000088300000, 0x0000000088300000, 0x0000000088400000|  0%| F|  |TAMS 0x0000000088300000, 0x0000000088300000| Untracked 
| 104|0x0000000088400000, 0x0000000088400000, 0x0000000088500000|  0%| F|  |TAMS 0x0000000088400000, 0x0000000088400000| Untracked 
| 105|0x0000000088500000, 0x0000000088500000, 0x0000000088600000|  0%| F|  |TAMS 0x0000000088500000, 0x0000000088500000| Untracked 
| 106|0x0000000088600000, 0x0000000088600000, 0x0000000088700000|  0%| F|  |TAMS 0x0000000088600000, 0x0000000088600000| Untracked 
| 107|0x0000000088700000, 0x0000000088700000, 0x0000000088800000|  0%| F|  |TAMS 0x0000000088700000, 0x0000000088700000| Untracked 
| 108|0x0000000088800000, 0x0000000088800000, 0x0000000088900000|  0%| F|  |TAMS 0x0000000088800000, 0x0000000088800000| Untracked 
| 109|0x0000000088900000, 0x0000000088900000, 0x0000000088a00000|  0%| F|  |TAMS 0x0000000088900000, 0x0000000088900000| Untracked 
| 110|0x0000000088a00000, 0x0000000088a00000, 0x0000000088b00000|  0%| F|  |TAMS 0x0000000088a00000, 0x0000000088a00000| Untracked 
| 111|0x0000000088b00000, 0x0000000088b00000, 0x0000000088c00000|  0%| F|  |TAMS 0x0000000088b00000, 0x0000000088b00000| Untracked 
| 112|0x0000000088c00000, 0x0000000088c00000, 0x0000000088d00000|  0%| F|  |TAMS 0x0000000088c00000, 0x0000000088c00000| Untracked 
| 113|0x0000000088d00000, 0x0000000088d00000, 0x0000000088e00000|  0%| F|  |TAMS 0x0000000088d00000, 0x0000000088d00000| Untracked 
| 114|0x0000000088e00000, 0x0000000088e00000, 0x0000000088f00000|  0%| F|  |TAMS 0x0000000088e00000, 0x0000000088e00000| Untracked 
| 115|0x0000000088f00000, 0x0000000088f00000, 0x0000000089000000|  0%| F|  |TAMS 0x0000000088f00000, 0x0000000088f00000| Untracked 
| 116|0x0000000089000000, 0x0000000089000000, 0x0000000089100000|  0%| F|  |TAMS 0x0000000089000000, 0x0000000089000000| Untracked 
| 117|0x0000000089100000, 0x0000000089100000, 0x0000000089200000|  0%| F|  |TAMS 0x0000000089100000, 0x0000000089100000| Untracked 
| 118|0x0000000089200000, 0x00000000892a3ac0, 0x0000000089300000| 63%| E|  |TAMS 0x0000000089200000, 0x0000000089200000| Complete 
| 119|0x0000000089300000, 0x0000000089400000, 0x0000000089400000|100%| S|CS|TAMS 0x0000000089300000, 0x0000000089300000| Complete 
| 120|0x0000000089400000, 0x0000000089500000, 0x0000000089500000|100%| S|CS|TAMS 0x0000000089400000, 0x0000000089400000| Complete 
| 121|0x0000000089500000, 0x0000000089600000, 0x0000000089600000|100%| E|CS|TAMS 0x0000000089500000, 0x0000000089500000| Complete 
| 122|0x0000000089600000, 0x0000000089700000, 0x0000000089700000|100%| E|CS|TAMS 0x0000000089600000, 0x0000000089600000| Complete 
| 123|0x0000000089700000, 0x0000000089800000, 0x0000000089800000|100%| E|CS|TAMS 0x0000000089700000, 0x0000000089700000| Complete 
| 124|0x0000000089800000, 0x0000000089900000, 0x0000000089900000|100%| E|CS|TAMS 0x0000000089800000, 0x0000000089800000| Complete 
| 125|0x0000000089900000, 0x0000000089a00000, 0x0000000089a00000|100%| E|CS|TAMS 0x0000000089900000, 0x0000000089900000| Complete 
| 126|0x0000000089a00000, 0x0000000089b00000, 0x0000000089b00000|100%| E|CS|TAMS 0x0000000089a00000, 0x0000000089a00000| Complete 
| 127|0x0000000089b00000, 0x0000000089c00000, 0x0000000089c00000|100%| E|CS|TAMS 0x0000000089b00000, 0x0000000089b00000| Complete 

Card table byte_map: [0x000002134fe60000,0x0000021350260000] _byte_map_base: 0x000002134fa52000

Marking Bits (Prev, Next): (CMBitMap*) 0x00000213386f8f18, (CMBitMap*) 0x00000213386f8f50
 Prev Bits: [0x0000021350660000, 0x00000213525f0000)
 Next Bits: [0x00000213525f0000, 0x0000021354580000)

Polling page: 0x00000213363f0000

Metaspace:

Usage:
  Non-class:     11.65 MB capacity,    11.33 MB ( 97%) used,   284.81 KB (  2%) free+waste,    33.94 KB ( <1%) overhead. 
      Class:      1.49 MB capacity,     1.35 MB ( 91%) used,   126.88 KB (  8%) free+waste,    16.75 KB (  1%) overhead. 
       Both:     13.14 MB capacity,    12.69 MB ( 97%) used,   411.69 KB (  3%) free+waste,    50.69 KB ( <1%) overhead. 

Virtual space:
  Non-class space:       12.00 MB reserved,      11.75 MB ( 98%) committed 
      Class space:        1.00 GB reserved,       1.50 MB ( <1%) committed 
             Both:        1.01 GB reserved,      13.25 MB (  1%) committed 

Chunk freelists:
   Non-Class:  5.38 KB
       Class:  1.00 KB
        Both:  6.38 KB

CodeHeap 'non-profiled nmethods': size=238912Kb used=1587Kb max_used=1587Kb free=237324Kb
 bounds [0x0000021341110000, 0x0000021341380000, 0x000002134fa60000]
CodeHeap 'non-nmethods': size=6848Kb used=1106Kb max_used=1106Kb free=5741Kb
 bounds [0x0000021340a60000, 0x0000021340cd0000, 0x0000021341110000]
 total_blobs=1547 nmethods=1125 adapters=332
 compilation: enabled
              stopped_count=0, restarted_count=0
 full_count=0

Compilation events (10 events):
Event: 1.509 Thread 0x0000021357334800 nmethod 1108 0x0000021341295790 code [0x0000021341295980, 0x0000021341295d40]
Event: 1.509 Thread 0x0000021357334800 1109       1       jdk.internal.jimage.ImageReader::findLocation (14 bytes)
Event: 1.509 Thread 0x0000021357334800 nmethod 1109 0x0000021341295f10 code [0x00000213412960c0, 0x00000213412962e0]
Event: 1.509 Thread 0x0000021357334800 1110  s    1       jdk.internal.jimage.BasicImageReader::findLocation (115 bytes)
Event: 1.510 Thread 0x0000021357334800 nmethod 1110 0x0000021341296410 code [0x00000213412966c0, 0x00000213412970c0]
Event: 1.510 Thread 0x0000021357334800 1114       1       java.nio.DirectByteBuffer::<init> (35 bytes)
Event: 1.510 Thread 0x0000021357334800 nmethod 1114 0x0000021341297510 code [0x00000213412976c0, 0x0000021341297940]
Event: 1.510 Thread 0x0000021357334800 1115   !   1       jdk.internal.jimage.BasicImageReader::slice (32 bytes)
Event: 1.511 Thread 0x0000021357334800 nmethod 1115 0x0000021341297a10 code [0x0000021341297be0, 0x0000021341297f10]
Event: 1.511 Thread 0x0000021357334800 1116       1       java.nio.MappedByteBuffer::limit (6 bytes)

GC Heap History (4 events):
Event: 0.882 GC heap before
{Heap before GC invocations=0 (full 0):
 garbage-first heap   total 131072K, used 14336K [0x0000000081c00000, 0x0000000100000000)
  region size 1024K, 14 young (14336K), 0 survivors (0K)
 Metaspace       used 6087K, capacity 6174K, committed 6272K, reserved 1056768K
  class space    used 538K, capacity 567K, committed 640K, reserved 1048576K
}
Event: 0.889 GC heap after
{Heap after GC invocations=1 (full 0):
 garbage-first heap   total 131072K, used 11855K [0x0000000081c00000, 0x0000000100000000)
  region size 1024K, 2 young (2048K), 2 survivors (2048K)
 Metaspace       used 6087K, capacity 6174K, committed 6272K, reserved 1056768K
  class space    used 538K, capacity 567K, committed 640K, reserved 1048576K
}
Event: 1.024 GC heap before
{Heap before GC invocations=1 (full 0):
 garbage-first heap   total 131072K, used 17999K [0x0000000081c00000, 0x0000000100000000)
  region size 1024K, 9 young (9216K), 2 survivors (2048K)
 Metaspace       used 8173K, capacity 8275K, committed 8576K, reserved 1056768K
  class space    used 789K, capacity 845K, committed 896K, reserved 1048576K
}
Event: 1.030 GC heap after
{Heap after GC invocations=2 (full 0):
 garbage-first heap   total 131072K, used 17800K [0x0000000081c00000, 0x0000000100000000)
  region size 1024K, 2 young (2048K), 2 survivors (2048K)
 Metaspace       used 8173K, capacity 8275K, committed 8576K, reserved 1056768K
  class space    used 789K, capacity 845K, committed 896K, reserved 1048576K
}

Deoptimization events (0 events):
No events

Classes redefined (0 events):
No events

Internal exceptions (10 events):
Event: 1.392 Thread 0x00000213386ba800 Exception <a 'java/lang/NoSuchMethodError'{0x0000000089815d18}: java.lang.invoke.DirectMethodHandle$Holder.invokeStatic(Ljava/lang/Object;Ljava/lang/Object;IIII)Ljava/lang/Object;> (0x0000000089815d18) thrown at [./open/src/hotspot/share/interpreter/linkR
Event: 1.392 Thread 0x00000213386ba800 Exception <a 'java/lang/NoSuchMethodError'{0x0000000089819060}: java.lang.invoke.DirectMethodHandle$Holder.invokeStaticInit(Ljava/lang/Object;Ljava/lang/Object;IIII)Ljava/lang/Object;> (0x0000000089819060) thrown at [./open/src/hotspot/share/interpreter/l
Event: 1.403 Thread 0x00000213386ba800 Exception <a 'java/lang/ClassNotFoundException'{0x00000000898365c0}: javax/management/remote/rmi/RMIServerImpl_Skel> (0x00000000898365c0) thrown at [./open/src/hotspot/share/classfile/systemDictionary.cpp, line 228]
Event: 1.445 Thread 0x00000213386ba800 Exception <a 'java/lang/ClassNotFoundException'{0x0000000089710730}: jdk/internal/agent/resources/spi/agentProvider> (0x0000000089710730) thrown at [./open/src/hotspot/share/classfile/systemDictionary.cpp, line 228]
Event: 1.449 Thread 0x00000213584ef000 Exception <a 'java/lang/NoSuchMethodError'{0x00000000897973f0}: java.lang.invoke.DirectMethodHandle$Holder.invokeStatic(Ljava/lang/Object;Ljava/lang/Object;Ljava/lang/Object;Ljava/lang/Object;Ljava/lang/Object;Ljava/lang/Object;Ljava/lang/Object;Ljava/lan
Event: 1.450 Thread 0x00000213386ba800 Exception <a 'java/lang/NoSuchMethodError'{0x0000000089727fa0}: java.lang.invoke.DirectMethodHandle$Holder.invokeStatic(Ljava/lang/Object;Ljava/lang/Object;Ljava/lang/Object;Ljava/lang/Object;Ljava/lang/Object;Ljava/lang/Object;Ljava/lang/Object;Ljava/lan
Event: 1.452 Thread 0x00000213386ba800 Exception <a 'java/lang/NoSuchMethodError'{0x0000000089741a78}: java.lang.invoke.DelegatingMethodHandle$Holder.reinvoke_L(Ljava/lang/Object;ILjava/lang/Object;)Ljava/lang/Object;> (0x0000000089741a78) thrown at [./open/src/hotspot/share/interpreter/linkRe
Event: 1.452 Thread 0x00000213584ef000 Exception <a 'java/lang/NoSuchMethodError'{0x00000000897aead8}: java.lang.invoke.DelegatingMethodHandle$Holder.reinvoke_L(Ljava/lang/Object;ILjava/lang/Object;)Ljava/lang/Object;> (0x00000000897aead8) thrown at [./open/src/hotspot/share/interpreter/linkRe
Event: 1.501 Thread 0x00000213386ba800 Exception <a 'java/lang/ClassNotFoundException'{0x00000000892091b8}: javax/smartcardio/CardPermission> (0x00000000892091b8) thrown at [./open/src/hotspot/share/classfile/systemDictionary.cpp, line 228]
Event: 1.504 Thread 0x00000213386ba800 Exception <a 'java/io/FileNotFoundException'{0x0000000089217580}> (0x0000000089217580) thrown at [./open/src/hotspot/share/prims/jni.cpp, line 611]

Events (10 events):
Event: 1.507 loading class java/security/PermissionsEnumerator
Event: 1.507 loading class java/security/PermissionsEnumerator done
Event: 1.507 loading class java/security/AccessControlException
Event: 1.508 loading class java/security/AccessControlException done
Event: 1.509 loading class ch/qos/logback/core/status/InfoStatus
Event: 1.509 loading class ch/qos/logback/core/status/InfoStatus done
Event: 1.510 loading class ch/qos/logback/core/status/StatusBase
Event: 1.510 loading class ch/qos/logback/core/status/StatusBase done
Event: 1.510 loading class ch/qos/logback/core/status/Status
Event: 1.510 loading class ch/qos/logback/core/status/Status done


Dynamic libraries:
0x00007ff7c7ef0000 - 0x00007ff7c7f37000 	C:\Program Files\Java\jdk-11.0.7\bin\javaw.exe
0x00007fff8a8e0000 - 0x00007fff8aad0000 	C:\WINDOWS\SYSTEM32\ntdll.dll
0x00007fff8a5b0000 - 0x00007fff8a662000 	C:\WINDOWS\System32\KERNEL32.DLL
0x00007fff87c30000 - 0x00007fff87ed4000 	C:\WINDOWS\System32\KERNELBASE.dll
0x00007fff845b0000 - 0x00007fff8463f000 	C:\WINDOWS\SYSTEM32\apphelp.dll
0x00007fff259f0000 - 0x00007fff25e82000 	C:\WINDOWS\SYSTEM32\AcLayers.DLL
0x00007fff89da0000 - 0x00007fff89e3e000 	C:\WINDOWS\System32\msvcrt.dll
0x00007fff89f70000 - 0x00007fff8a104000 	C:\WINDOWS\System32\USER32.dll
0x00007fff88960000 - 0x00007fff88981000 	C:\WINDOWS\System32\win32u.dll
0x00007fff89a60000 - 0x00007fff89a86000 	C:\WINDOWS\System32\GDI32.dll
0x00007fff87990000 - 0x00007fff87b24000 	C:\WINDOWS\System32\gdi32full.dll
0x00007fff87b30000 - 0x00007fff87bce000 	C:\WINDOWS\System32\msvcp_win.dll
0x00007fff87870000 - 0x00007fff8796a000 	C:\WINDOWS\System32\ucrtbase.dll
0x00007fff8a550000 - 0x00007fff8a5a2000 	C:\WINDOWS\System32\SHLWAPI.dll
0x00007fff8a170000 - 0x00007fff8a4a6000 	C:\WINDOWS\System32\combase.dll
0x00007fff88990000 - 0x00007fff88ab0000 	C:\WINDOWS\System32\RPCRT4.dll
0x00007fff886e0000 - 0x00007fff88760000 	C:\WINDOWS\System32\bcryptPrimitives.dll
0x00007fff88d00000 - 0x00007fff88da3000 	C:\WINDOWS\System32\ADVAPI32.dll
0x00007fff88c60000 - 0x00007fff88cf7000 	C:\WINDOWS\System32\sechost.dll
0x0000021336320000 - 0x0000021336323000 	C:\WINDOWS\SYSTEM32\sfc.dll
0x00007fff68290000 - 0x00007fff68319000 	C:\WINDOWS\SYSTEM32\WINSPOOL.DRV
0x00007fff877b0000 - 0x00007fff877c1000 	C:\WINDOWS\System32\kernel.appcore.dll
0x00007fff87ee0000 - 0x00007fff87f06000 	C:\WINDOWS\System32\bcrypt.dll
0x00007fff854e0000 - 0x00007fff855d0000 	C:\WINDOWS\SYSTEM32\PROPSYS.dll
0x00007fff89cd0000 - 0x00007fff89d94000 	C:\WINDOWS\System32\OLEAUT32.dll
0x00007fff89a90000 - 0x00007fff89b39000 	C:\WINDOWS\System32\shcore.dll
0x00007fff86d20000 - 0x00007fff86d5a000 	C:\WINDOWS\SYSTEM32\IPHLPAPI.DLL
0x00007fff76db0000 - 0x00007fff76dc1000 	C:\WINDOWS\SYSTEM32\sfc_os.DLL
0x00007fff89f40000 - 0x00007fff89f6e000 	C:\WINDOWS\System32\IMM32.DLL
0x00007fff7a390000 - 0x00007fff7a614000 	C:\WINDOWS\WinSxS\amd64_microsoft.windows.common-controls_6595b64144ccf1df_6.0.18362.836_none_e6c4b943130f18ed\COMCTL32.dll
0x00007fff7e470000 - 0x00007fff7e47a000 	C:\WINDOWS\SYSTEM32\VERSION.dll
0x00007fff7ef70000 - 0x00007fff7ef86000 	C:\Program Files\Java\jdk-11.0.7\bin\vcruntime140.dll
0x00007fff5fb00000 - 0x00007fff5fbaa000 	C:\Program Files\Java\jdk-11.0.7\bin\msvcp140.dll
0x00007fff48350000 - 0x00007fff48eb1000 	C:\Program Files\Java\jdk-11.0.7\bin\server\jvm.dll
0x00007fff89360000 - 0x00007fff89368000 	C:\WINDOWS\System32\PSAPI.DLL
0x00007fff83f30000 - 0x00007fff83f54000 	C:\WINDOWS\SYSTEM32\WINMM.dll
0x00007fff83f00000 - 0x00007fff83f2d000 	C:\WINDOWS\SYSTEM32\WINMMBASE.dll
0x00007fff88690000 - 0x00007fff886da000 	C:\WINDOWS\System32\cfgmgr32.dll
0x00007fff783f0000 - 0x00007fff783f9000 	C:\WINDOWS\SYSTEM32\WSOCK32.dll
0x00007fff89ba0000 - 0x00007fff89c0f000 	C:\WINDOWS\System32\WS2_32.dll
0x00007fff80200000 - 0x00007fff80211000 	C:\Program Files\Java\jdk-11.0.7\bin\verify.dll
0x00007fff860d0000 - 0x00007fff862c4000 	C:\WINDOWS\SYSTEM32\DBGHELP.DLL
0x00007fff79080000 - 0x00007fff790aa000 	C:\WINDOWS\SYSTEM32\dbgcore.DLL
0x00007fff7ec90000 - 0x00007fff7ecb9000 	C:\Program Files\Java\jdk-11.0.7\bin\java.dll
0x00007fff84020000 - 0x00007fff8402a000 	C:\Program Files\Java\jdk-11.0.7\bin\jimage.dll
0x00007fff7fe60000 - 0x00007fff7fe76000 	C:\Program Files\Java\jdk-11.0.7\bin\zip.dll
0x00007fff89370000 - 0x00007fff89a54000 	C:\WINDOWS\System32\SHELL32.dll
0x00007fff87f10000 - 0x00007fff8868e000 	C:\WINDOWS\System32\windows.storage.dll
0x00007fff877f0000 - 0x00007fff87813000 	C:\WINDOWS\System32\profapi.dll
0x00007fff87820000 - 0x00007fff8786a000 	C:\WINDOWS\System32\powrprof.dll
0x00007fff877a0000 - 0x00007fff877b0000 	C:\WINDOWS\System32\UMPDC.dll
0x00007fff87970000 - 0x00007fff87987000 	C:\WINDOWS\System32\cryptsp.dll
0x00007fff7fe20000 - 0x00007fff7fe39000 	C:\Program Files\Java\jdk-11.0.7\bin\net.dll
0x00007fff7c1c0000 - 0x00007fff7c2b0000 	C:\WINDOWS\SYSTEM32\WINHTTP.dll
0x00007fff87010000 - 0x00007fff87077000 	C:\WINDOWS\system32\mswsock.dll
0x00007fff7ec70000 - 0x00007fff7ec83000 	C:\Program Files\Java\jdk-11.0.7\bin\nio.dll
0x00007fff82530000 - 0x00007fff82539000 	C:\Program Files\Java\jdk-11.0.7\bin\management.dll
0x00007fff802c0000 - 0x00007fff802cc000 	C:\Program Files\Java\jdk-11.0.7\bin\management_ext.dll
0x00007fff6e2a0000 - 0x00007fff6e2b6000 	C:\WINDOWS\system32\napinsp.dll
0x00007fff6e280000 - 0x00007fff6e29a000 	C:\WINDOWS\system32\pnrpnsp.dll
0x00007fff86d60000 - 0x00007fff86e2b000 	C:\WINDOWS\SYSTEM32\DNSAPI.dll
0x00007fff89f30000 - 0x00007fff89f38000 	C:\WINDOWS\System32\NSI.dll
0x00007fff6e270000 - 0x00007fff6e27e000 	C:\WINDOWS\System32\winrnr.dll
0x00007fff82470000 - 0x00007fff8248c000 	C:\WINDOWS\system32\NLAapi.dll
0x00007fff82380000 - 0x00007fff82395000 	C:\WINDOWS\system32\wshbth.dll
0x00007fff7fa80000 - 0x00007fff7fa8a000 	C:\Windows\System32\rasadhlp.dll
0x00007fff7bd20000 - 0x00007fff7bd97000 	C:\WINDOWS\System32\fwpuclnt.dll
0x00007fff86b80000 - 0x00007fff86bb3000 	C:\WINDOWS\system32\rsaenh.dll
0x00007fff876c0000 - 0x00007fff876e5000 	C:\WINDOWS\SYSTEM32\USERENV.dll
0x00007fff871e0000 - 0x00007fff871ec000 	C:\WINDOWS\SYSTEM32\CRYPTBASE.dll
0x00007fff7be00000 - 0x00007fff7be16000 	C:\WINDOWS\SYSTEM32\dhcpcsvc6.DLL
0x00007fff7c1a0000 - 0x00007fff7c1bc000 	C:\WINDOWS\SYSTEM32\dhcpcsvc.DLL

dbghelp: loaded successfully - version: 4.0.5 - missing functions: none
symbol engine: initialized successfully - sym options: 0x614 - pdb path: .;C:\Program Files\Java\jdk-11.0.7\bin;C:\WINDOWS\SYSTEM32;C:\WINDOWS\WinSxS\amd64_microsoft.windows.common-controls_6595b64144ccf1df_6.0.18362.836_none_e6c4b943130f18ed;C:\Program Files\Java\jdk-11.0.7\bin\server

VM Arguments:
jvm_args: -Dcom.sun.management.jmxremote -Dcom.sun.management.jmxremote.port=61712 -Dcom.sun.management.jmxremote.authenticate=false -Dcom.sun.management.jmxremote.ssl=false -Djava.rmi.server.hostname=localhost -Dspring.jmx.enabled=true -Dspring.application.admin.enabled=true -Xverify:none -XX:TieredStopAtLevel=1 -Dspring.boot.project.name=proj_spring_ionic -Dfile.encoding=UTF-8 
java_command: com.devalex.spring_ionic.ProjSpringIonicApplication --spring.output.ansi.enabled=always
java_class_path (initial): C:\temp\ws-sts\proj_spring_ionic\target\classes;C:\Users\alexm\.m2\repository\org\springframework\boot\spring-boot-starter-web\2.2.7.RELEASE\spring-boot-starter-web-2.2.7.RELEASE.jar;C:\Users\alexm\.m2\repository\org\springframework\boot\spring-boot-starter\2.2.7.RELEASE\spring-boot-starter-2.2.7.RELEASE.jar;C:\Users\alexm\.m2\repository\org\springframework\boot\spring-boot-starter-logging\2.2.7.RELEASE\spring-boot-starter-logging-2.2.7.RELEASE.jar;C:\Users\alexm\.m2\repository\ch\qos\logback\logback-classic\1.2.3\logback-classic-1.2.3.jar;C:\Users\alexm\.m2\repository\ch\qos\logback\logback-core\1.2.3\logback-core-1.2.3.jar;C:\Users\alexm\.m2\repository\org\apache\logging\log4j\log4j-to-slf4j\2.12.1\log4j-to-slf4j-2.12.1.jar;C:\Users\alexm\.m2\repository\org\apache\logging\log4j\log4j-api\2.12.1\log4j-api-2.12.1.jar;C:\Users\alexm\.m2\repository\org\slf4j\jul-to-slf4j\1.7.30\jul-to-slf4j-1.7.30.jar;C:\Users\alexm\.m2\repository\jakarta\annotation\jakarta.annotation-api\1.3.5\jakarta.annotation-api-1.3.5.jar;C:\Users\alexm\.m2\repository\org\yaml\snakeyaml\1.25\snakeyaml-1.25.jar;C:\Users\alexm\.m2\repository\org\springframework\boot\spring-boot-starter-json\2.2.7.RELEASE\spring-boot-starter-json-2.2.7.RELEASE.jar;C:\Users\alexm\.m2\repository\com\fasterxml\jackson\datatype\jackson-datatype-jdk8\2.10.4\jackson-datatype-jdk8-2.10.4.jar;C:\Users\alexm\.m2\repository\com\fasterxml\jackson\datatype\jackson-datatype-jsr310\2.10.4\jackson-datatype-jsr310-2.10.4.jar;C:\Users\alexm\.m2\repository\com\fasterxml\jackson\module\jackson-module-parameter-names\2.10.4\jackson-module-parameter-names-2.10.4.jar;C:\Users\alexm\.m2\repository\org\springframework\boot\spring-boot-starter-tomcat\2.2.7.RELEASE\spring-boot-starter-tomcat-2.2.7.RELEASE.jar;C:\Users\alexm\.m2\repository\org\apache\tomcat\embed\tomcat-embed-core\9.0.34\tomcat-embed-core-9.0.34.jar;C:\Users\alexm\.m2\repository\org\apache\tomcat\embed\tomcat-embed-el\9.0.34\tomcat-embed-el-9.0.34
Launcher Type: SUN_STANDARD

[Global flags]
     bool BytecodeVerificationLocal                = false                                     {product} {command line}
     bool BytecodeVerificationRemote               = false                                     {product} {command line}
     intx CICompilerCount                          = 3                                         {product} {ergonomic}
     uint ConcGCThreads                            = 1                                         {product} {ergonomic}
     uint G1ConcRefinementThreads                  = 4                                         {product} {ergonomic}
   size_t G1HeapRegionSize                         = 1048576                                   {product} {ergonomic}
    uintx GCDrainStackTargetSize                   = 64                                        {product} {ergonomic}
   size_t InitialHeapSize                          = 134217728                                 {product} {ergonomic}
     bool ManagementServer                         = true                                      {product} {command line}
   size_t MarkStackSize                            = 4194304                                   {product} {ergonomic}
   size_t MaxHeapSize                              = 2118123520                                {product} {ergonomic}
   size_t MaxNewSize                               = 1270874112                                {product} {ergonomic}
   size_t MinHeapDeltaBytes                        = 1048576                                   {product} {ergonomic}
    uintx NonNMethodCodeHeapSize                   = 6973028                                {pd product} {ergonomic}
    uintx NonProfiledCodeHeapSize                  = 244685212                              {pd product} {ergonomic}
    uintx ProfiledCodeHeapSize                     = 0                                      {pd product} {ergonomic}
    uintx ReservedCodeCacheSize                    = 251658240                              {pd product} {ergonomic}
     bool SegmentedCodeCache                       = true                                      {product} {ergonomic}
     intx TieredStopAtLevel                        = 1                                         {product} {command line}
     bool UseCompressedClassPointers               = true                                 {lp64_product} {ergonomic}
     bool UseCompressedOops                        = true                                 {lp64_product} {ergonomic}
     bool UseG1GC                                  = true                                      {product} {ergonomic}
     bool UseLargePagesIndividualAllocation        = false                                  {pd product} {ergonomic}

Logging:
Log output configuration:
 #0: stdout all=warning uptime,level,tags
 #1: stderr all=off uptime,level,tags

Environment Variables:
JAVA_HOME=C:\Program Files\Java\jdk-11.0.7
PATH=C:/Program Files/Java/jdk-11.0.7/bin/server;C:/Program Files/Java/jdk-11.0.7/bin;C:\Program Files (x86)\Intel\Intel(R) Management Engine Components\iCLS\;C:\Program Files\Intel\Intel(R) Management Engine Components\iCLS\;C:\WINDOWS\system32;C:\WINDOWS;C:\WINDOWS\System32\Wbem;C:\WINDOWS\System32\WindowsPowerShell\v1.0\;C:\WINDOWS\System32\OpenSSH\;C:\Program Files (x86)\Intel\Intel(R) Management Engine Components\DAL;C:\Program Files\Intel\Intel(R) Management Engine Components\DAL;C:\Program Files (x86)\Intel\Intel(R) Management Engine Components\IPT;C:\Program Files\Intel\Intel(R) Management Engine Components\IPT;C:\Program Files\Git\cmd;C:\Program Files\MongoDB\Server\4.2\bin;C:\Program Files\Java\jdk-11.0.7\bin;C:\xampp\mysql\bin;C:\Program Files\MySQL\MySQL Shell 8.0\bin\;C:\Users\alexm\AppData\Local\Microsoft\WindowsApps;C:\Program Files\heroku\bin;C:\Users\alexm\Documents\sts-4.6.1.RELEASE;
USERNAME=alexm
OS=Windows_NT
PROCESSOR_IDENTIFIER=Intel64 Family 6 Model 142 Stepping 9, GenuineIntel



---------------  S Y S T E M  ---------------

OS: Windows 10 , 64 bit Build 18362 (10.0.18362.778)

CPU:total 4 (initial active 4) (2 cores per cpu, 2 threads per core) family 6 model 142 stepping 9, cmov, cx8, fxsr, mmx, sse, sse2, sse3, ssse3, sse4.1, sse4.2, popcnt, avx, avx2, aes, clmul, erms, 3dnowpref, lzcnt, ht, tsc, tscinvbit, bmi1, bmi2, adx, fma

Memory: 4k page, system-wide physical 8075M (838M free)
TotalPageFile size 15811M (AvailPageFile size 2347M)
current process WorkingSet (physical memory assigned to process): 82M, peak: 82M
current process commit charge ("private bytes"): 222M, peak: 222M

vm_info: Java HotSpot(TM) 64-Bit Server VM (11.0.7+8-LTS) for windows-amd64 JRE (11.0.7+8-LTS), built on Mar 12 2020 02:04:32 by "mach5one" with MS VC++ 15.5 (VS2017)

END.
