#
# A fatal error has been detected by the Java Runtime Environment:
#
#  EXCEPTION_ACCESS_VIOLATION (0xc0000005) at pc=0x00007fff48616cd0, pid=56412, tid=51800
#
# JRE version: Java(TM) SE Runtime Environment 18.9 (11.0.7+8) (build 11.0.7+8-LTS)
# Java VM: Java HotSpot(TM) 64-Bit Server VM 18.9 (11.0.7+8-LTS, mixed mode, tiered, compressed oops, g1 gc, windows-amd64)
# Problematic frame:
# V  [jvm.dll+0x2c6cd0]
#
# No core dump will be written. Minidumps are not enabled by default on client versions of Windows
#
# If you would like to submit a bug report, please visit:
#   https://bugreport.java.com/bugreport/crash.jsp
#

---------------  S U M M A R Y ------------

Command Line: -Dcom.sun.management.jmxremote -Dcom.sun.management.jmxremote.port=62964 -Dcom.sun.management.jmxremote.authenticate=false -Dcom.sun.management.jmxremote.ssl=false -Djava.rmi.server.hostname=localhost -Dspring.jmx.enabled=true -Dspring.application.admin.enabled=true -Xverify:none -XX:TieredStopAtLevel=1 -Dspring.boot.project.name=proj_spring_ionic -Dfile.encoding=UTF-8 com.devalex.spring_ionic.ProjSpringIonicApplication --spring.output.ansi.enabled=always

Host: Intel(R) Core(TM) i3-7020U CPU @ 2.30GHz, 4 cores, 7G,  Windows 10 , 64 bit Build 18362 (10.0.18362.778)
Time: Tue Jun  9 13:00:49 2020 Hora oficial do Brasil elapsed time: 11 seconds (0d 0h 0m 11s)

---------------  T H R E A D  ---------------

Current thread (0x0000020efff46800):  VMThread "VM Thread" [stack: 0x000000c7cd200000,0x000000c7cd300000] [id=51800]

Stack: [0x000000c7cd200000,0x000000c7cd300000],  sp=0x000000c7cd2fe9e0,  free space=1018k
Native frames: (J=compiled Java code, j=interpreted, Vv=VM code, C=native code)
V  [jvm.dll+0x2c6cd0]
V  [jvm.dll+0x1e7174]
V  [jvm.dll+0x736fe0]
V  [jvm.dll+0x2ff999]
V  [jvm.dll+0x2fe5cc]
V  [jvm.dll+0x7aa5c8]
V  [jvm.dll+0x7a9d5c]
V  [jvm.dll+0x7a80e7]
V  [jvm.dll+0x7a8910]
V  [jvm.dll+0x7a8c17]
V  [jvm.dll+0x75e875]
V  [jvm.dll+0x660b26]
C  [ucrtbase.dll+0x20e82]
C  [KERNEL32.DLL+0x17bd4]
C  [ntdll.dll+0x6ce51]


siginfo: EXCEPTION_ACCESS_VIOLATION (0xc0000005), reading address 0x000000040000001b


Register to memory mapping:

RIP=0x00007fff48616cd0 jvm.dll
RAX=0x0000020e98cd9dc0 points into unknown readable memory: 03 00 00 00 04 00 00 00
RBX=0x0000020effdfa460 points into unknown readable memory: 00 00 00 00 00 00 00 00
RCX=0x0000020e98ce9880 points into unknown readable memory: 01 00 00 00 00 00 00 00
RDX=0x0 is NULL
RSP=0x000000c7cd2fe9e0 points into unknown readable memory: 40 ad e9 f8 0e 02 00 00
RBP=0x0000000000000008 is an unknown value
RSI=0x0000000400000003 is an unknown value
RDI=0x0000020e97b60c68 points into unknown readable memory: 80 5d f4 ff 0e 02 00 00
R8 =0x0 is NULL
R9 =0x0000000000000008 is an unknown value
R10=0x00000000546c6148 is an unknown value
R11=0x000000c7cd2feaf8 points into unknown readable memory: 74 71 53 48 ff 7f 00 00
R12=0x0000020efff01d01 points into unknown readable memory: 00 00 00 00 00 00 00
R13=0x00000000000003d8 is an unknown value
R14=0x0000000000000466 is an unknown value
R15=0x0000000000000001 is an unknown value


Registers:
RAX=0x0000020e98cd9dc0, RBX=0x0000020effdfa460, RCX=0x0000020e98ce9880, RDX=0x0000000000000000
RSP=0x000000c7cd2fe9e0, RBP=0x0000000000000008, RSI=0x0000000400000003, RDI=0x0000020e97b60c68
R8 =0x0000000000000000, R9 =0x0000000000000008, R10=0x00000000546c6148, R11=0x000000c7cd2feaf8
R12=0x0000020efff01d01, R13=0x00000000000003d8, R14=0x0000000000000466, R15=0x0000000000000001
RIP=0x00007fff48616cd0, EFLAGS=0x0000000000010206

Top of Stack: (sp=0x000000c7cd2fe9e0)
0x000000c7cd2fe9e0:   0000020ef8e9ad40 00007fff48983585
0x000000c7cd2fe9f0:   0000020ef8e9ad40 00007fff489838c1
0x000000c7cd2fea00:   0000000000000000 0000020e98ce9880
0x000000c7cd2fea10:   0000000000000000 0000020e97b60c68
0x000000c7cd2fea20:   0000020ef8e9ad40 00007fff48983585
0x000000c7cd2fea30:   0000020ef8e9ad40 00007fff489594cb
0x000000c7cd2fea40:   0000020ef8e9f6f0 00007fff489594cb
0x000000c7cd2fea50:   0000000000000000 00007fff48983635
0x000000c7cd2fea60:   0000000000000000 0000020efff46800
0x000000c7cd2fea70:   0000020effdfa460 00007fff485a7995
0x000000c7cd2fea80:   0000020ef8e9f6f0 00007fff489594cb
0x000000c7cd2fea90:   0000020ef8e9ad40 0000000000000000
0x000000c7cd2feaa0:   0000000000000000 0000020effdfa460
0x000000c7cd2feab0:   0000020effdfa460 0000000000000001
0x000000c7cd2feac0:   00002c7c528637a9 0000020efff01d01
0x000000c7cd2fead0:   0000000000000001 0000000000000466 

Instructions: (pc=0x00007fff48616cd0)
0x00007fff48616cb0:   48 8b 41 08 48 8b 34 02 48 85 f6 0f 84 a4 01 00
0x00007fff48616cc0:   00 0f 1f 40 00 66 66 66 0f 1f 84 00 00 00 00 00
0x00007fff48616cd0:   48 8b 5e 18 45 33 f6 48 85 db 0f 84 68 01 00 00
0x00007fff48616ce0:   48 8b cb e8 98 ff 3c 00 48 85 c0 0f 85 48 01 00 


Stack slot to memory mapping:
stack at sp + 0 slots: 0x0000020ef8e9ad40 points into unknown readable memory: 00 00 00 00 00 00 00 00
stack at sp + 1 slots: 0x00007fff48983585 jvm.dll
stack at sp + 2 slots: 0x0000020ef8e9ad40 points into unknown readable memory: 00 00 00 00 00 00 00 00
stack at sp + 3 slots: 0x00007fff489838c1 jvm.dll
stack at sp + 4 slots: 0x0 is NULL
stack at sp + 5 slots: 0x0000020e98ce9880 points into unknown readable memory: 01 00 00 00 00 00 00 00
stack at sp + 6 slots: 0x0 is NULL
stack at sp + 7 slots: 0x0000020e97b60c68 points into unknown readable memory: 80 5d f4 ff 0e 02 00 00

VM_Operation (0x000000c7cceff540): CGC_Operation, mode: safepoint, requested by thread 0x0000020ef8ed0000


---------------  P R O C E S S  ---------------

Threads class SMR info:
_java_thread_list=0x0000020e9cadcb50, length=27, elements={
0x0000020ef8e88000, 0x0000020e97b51800, 0x0000020e97b5c800, 0x0000020e97baf800,
0x0000020e97bb0800, 0x0000020e97bb1800, 0x0000020e97bd3000, 0x0000020e97d57800,
0x0000020e97dd8800, 0x0000020e98d05000, 0x0000020e98d02000, 0x0000020e98d20800,
0x0000020e98dd8800, 0x0000020e98e30000, 0x0000020e98ea1800, 0x0000020e99114000,
0x0000020e98cdb000, 0x0000020e991af800, 0x0000020e991f7000, 0x0000020e991f6000,
0x0000020e991f4800, 0x0000020e991f2000, 0x0000020e991f5000, 0x0000020e991f1000,
0x0000020e991f7800, 0x0000020e991f3800, 0x0000020e991f3000
}

Java Threads: ( => current thread )
  0x0000020ef8e88000 JavaThread "main" [_thread_blocked, id=67504, stack(0x000000c7ccc00000,0x000000c7ccd00000)]
  0x0000020e97b51800 JavaThread "Reference Handler" daemon [_thread_blocked, id=66108, stack(0x000000c7cd300000,0x000000c7cd400000)]
  0x0000020e97b5c800 JavaThread "Finalizer" daemon [_thread_blocked, id=71664, stack(0x000000c7cd400000,0x000000c7cd500000)]
  0x0000020e97baf800 JavaThread "Signal Dispatcher" daemon [_thread_blocked, id=69040, stack(0x000000c7cd500000,0x000000c7cd600000)]
  0x0000020e97bb0800 JavaThread "Attach Listener" daemon [_thread_blocked, id=65348, stack(0x000000c7cd600000,0x000000c7cd700000)]
  0x0000020e97bb1800 JavaThread "C1 CompilerThread0" daemon [_thread_blocked, id=59808, stack(0x000000c7cd700000,0x000000c7cd800000)]
  0x0000020e97bd3000 JavaThread "Sweeper thread" daemon [_thread_blocked, id=18856, stack(0x000000c7cd800000,0x000000c7cd900000)]
  0x0000020e97d57800 JavaThread "Common-Cleaner" daemon [_thread_blocked, id=68560, stack(0x000000c7cd900000,0x000000c7cda00000)]
  0x0000020e97dd8800 JavaThread "Service Thread" daemon [_thread_blocked, id=71856, stack(0x000000c7cda00000,0x000000c7cdb00000)]
  0x0000020e98d05000 JavaThread "RMI TCP Accept-0" daemon [_thread_in_native, id=64948, stack(0x000000c7cdd00000,0x000000c7cde00000)]
  0x0000020e98d02000 JavaThread "RMI TCP Accept-62964" daemon [_thread_in_native, id=66040, stack(0x000000c7cde00000,0x000000c7cdf00000)]
  0x0000020e98d20800 JavaThread "RMI TCP Accept-0" daemon [_thread_in_native, id=66232, stack(0x000000c7cdf00000,0x000000c7ce000000)]
  0x0000020e98dd8800 JavaThread "RMI TCP Connection(1)-127.0.0.1" daemon [_thread_in_native, id=61944, stack(0x000000c7ce200000,0x000000c7ce300000)]
  0x0000020e98e30000 JavaThread "RMI Scheduler(0)" daemon [_thread_blocked, id=70448, stack(0x000000c7ce100000,0x000000c7ce200000)]
  0x0000020e98ea1800 JavaThread "RMI TCP Connection(2)-127.0.0.1" daemon [_thread_blocked, id=70332, stack(0x000000c7ce400000,0x000000c7ce500000)]
  0x0000020e99114000 JavaThread "JMX server connection timeout 19" daemon [_thread_blocked, id=70736, stack(0x000000c7ce300000,0x000000c7ce400000)]
  0x0000020e98cdb000 JavaThread "RMI TCP Connection(3)-127.0.0.1" daemon [_thread_in_native, id=71940, stack(0x000000c7ce500000,0x000000c7ce600000)]
  0x0000020e991af800 JavaThread "JMX server connection timeout 21" daemon [_thread_blocked, id=71536, stack(0x000000c7ce600000,0x000000c7ce700000)]
  0x0000020e991f7000 JavaThread "Thread-0" [_thread_blocked, id=72096, stack(0x000000c7ce700000,0x000000c7ce800000)]
  0x0000020e991f6000 JavaThread "restartedMain" [_thread_blocked, id=68648, stack(0x000000c7ce800000,0x000000c7ce900000)]
  0x0000020e991f4800 JavaThread "mysql-cj-abandoned-connection-cleanup" daemon [_thread_blocked, id=66760, stack(0x000000c7ce900000,0x000000c7cea00000)]
  0x0000020e991f2000 JavaThread "HikariPool-1 housekeeper" daemon [_thread_blocked, id=57132, stack(0x000000c7ceb00000,0x000000c7cec00000)]
  0x0000020e991f5000 JavaThread "HikariPool-1 connection adder" daemon [_thread_blocked, id=69892, stack(0x000000c7cec00000,0x000000c7ced00000)]
  0x0000020e991f1000 JavaThread "Catalina-utility-1" [_thread_blocked, id=72124, stack(0x000000c7ced00000,0x000000c7cee00000)]
  0x0000020e991f7800 JavaThread "Catalina-utility-2" [_thread_blocked, id=72292, stack(0x000000c7cee00000,0x000000c7cef00000)]
  0x0000020e991f3800 JavaThread "container-0" [_thread_blocked, id=72624, stack(0x000000c7cef00000,0x000000c7cf000000)]
  0x0000020e991f3000 JavaThread "Live Reload Server" daemon [_thread_in_native, id=72468, stack(0x000000c7cf100000,0x000000c7cf200000)]

Other Threads:
=>0x0000020efff46800 VMThread "VM Thread" [stack: 0x000000c7cd200000,0x000000c7cd300000] [id=51800]
  0x0000020e98d82800 WatcherThread [stack: 0x000000c7ce000000,0x000000c7ce100000] [id=55588]
  0x0000020ef8ea1800 GCTaskThread "GC Thread#0" [stack: 0x000000c7ccd00000,0x000000c7cce00000] [id=62888]
  0x0000020e98839800 GCTaskThread "GC Thread#1" [stack: 0x000000c7cdb00000,0x000000c7cdc00000] [id=70960]
  0x0000020e9883a000 GCTaskThread "GC Thread#2" [stack: 0x000000c7cdc00000,0x000000c7cdd00000] [id=70436]
  0x0000020e99277800 GCTaskThread "GC Thread#3" [stack: 0x000000c7cea00000,0x000000c7ceb00000] [id=72052]
  0x0000020ef8ed0000 ConcurrentGCThread "G1 Main Marker" [stack: 0x000000c7cce00000,0x000000c7ccf00000] [id=61868]
  0x0000020ef8ed2000 ConcurrentGCThread "G1 Conc#0" [stack: 0x000000c7ccf00000,0x000000c7cd000000] [id=59108]
  0x0000020effdb2800 ConcurrentGCThread "G1 Refine#0" [stack: 0x000000c7cd000000,0x000000c7cd100000] [id=69264]
  0x0000020effdb3800 ConcurrentGCThread "G1 Young RemSet Sampling" [stack: 0x000000c7cd100000,0x000000c7cd200000] [id=72100]

Threads with active compile tasks:
C1 CompilerThread05727   !   1       java.util.concurrent.ConcurrentHashMap::transfer (828 bytes)

VM state:at safepoint (normal execution)

VM Mutex/Monitor currently owned by a thread:  ([mutex/lock_event])
[0x0000020ef8e83330] Threads_lock - owner thread: 0x0000020efff46800
[0x0000020ef8e845c0] Heap_lock - owner thread: 0x0000020ef8ed0000

Heap address: 0x0000000081c00000, size: 2020 MB, Compressed Oops mode: 32-bit
Narrow klass base: 0x0000000000000000, Narrow klass shift: 3
Compressed class space size: 1073741824 Address: 0x0000000100000000

Heap:
 garbage-first heap   total 189440K, used 43323K [0x0000000081c00000, 0x0000000100000000)
  region size 1024K, 15 young (15360K), 9 survivors (9216K)
 Metaspace       used 58547K, capacity 60078K, committed 60272K, reserved 1101824K
  class space    used 7557K, capacity 8162K, committed 8304K, reserved 1048576K
Heap Regions: E=young(eden), S=young(survivor), O=old, HS=humongous(starts), HC=humongous(continues), CS=collection set, F=free, A=archive, TAMS=top-at-mark-start (previous, next)
|   0|0x0000000081c00000, 0x0000000081d00000, 0x0000000081d00000|100%|HS|  |TAMS 0x0000000081d00000, 0x0000000081d00000| Complete 
|   1|0x0000000081d00000, 0x0000000081e00000, 0x0000000081e00000|100%| O|  |TAMS 0x0000000081e00000, 0x0000000081e00000| Untracked 
|   2|0x0000000081e00000, 0x0000000081f00000, 0x0000000081f00000|100%| O|  |TAMS 0x0000000081f00000, 0x0000000081f00000| Untracked 
|   3|0x0000000081f00000, 0x0000000082000000, 0x0000000082000000|100%| O|  |TAMS 0x0000000082000000, 0x0000000082000000| Untracked 
|   4|0x0000000082000000, 0x0000000082100000, 0x0000000082100000|100%| O|  |TAMS 0x0000000082100000, 0x0000000082100000| Untracked 
|   5|0x0000000082100000, 0x0000000082200000, 0x0000000082200000|100%| O|  |TAMS 0x0000000082200000, 0x0000000082200000| Untracked 
|   6|0x0000000082200000, 0x0000000082300000, 0x0000000082300000|100%| O|  |TAMS 0x0000000082300000, 0x0000000082300000| Untracked 
|   7|0x0000000082300000, 0x0000000082400000, 0x0000000082400000|100%| O|  |TAMS 0x0000000082400000, 0x0000000082400000| Untracked 
|   8|0x0000000082400000, 0x0000000082500000, 0x0000000082500000|100%| O|  |TAMS 0x0000000082500000, 0x0000000082500000| Untracked 
|   9|0x0000000082500000, 0x0000000082600000, 0x0000000082600000|100%| O|  |TAMS 0x0000000082600000, 0x0000000082600000| Untracked 
|  10|0x0000000082600000, 0x0000000082700000, 0x0000000082700000|100%| O|  |TAMS 0x0000000082700000, 0x0000000082700000| Untracked 
|  11|0x0000000082700000, 0x0000000082800000, 0x0000000082800000|100%| O|  |TAMS 0x0000000082800000, 0x0000000082800000| Untracked 
|  12|0x0000000082800000, 0x0000000082900000, 0x0000000082900000|100%| O|  |TAMS 0x0000000082900000, 0x0000000082900000| Untracked 
|  13|0x0000000082900000, 0x0000000082a00000, 0x0000000082a00000|100%| O|  |TAMS 0x0000000082a00000, 0x0000000082a00000| Untracked 
|  14|0x0000000082a00000, 0x0000000082b00000, 0x0000000082b00000|100%| O|  |TAMS 0x0000000082b00000, 0x0000000082b00000| Untracked 
|  15|0x0000000082b00000, 0x0000000082c00000, 0x0000000082c00000|100%| O|  |TAMS 0x0000000082c00000, 0x0000000082c00000| Untracked 
|  16|0x0000000082c00000, 0x0000000082d00000, 0x0000000082d00000|100%| O|  |TAMS 0x0000000082d00000, 0x0000000082d00000| Untracked 
|  17|0x0000000082d00000, 0x0000000082e00000, 0x0000000082e00000|100%| O|  |TAMS 0x0000000082e00000, 0x0000000082e00000| Untracked 
|  18|0x0000000082e00000, 0x0000000082f00000, 0x0000000082f00000|100%| O|  |TAMS 0x0000000082f00000, 0x0000000082f00000| Untracked 
|  19|0x0000000082f00000, 0x0000000083000000, 0x0000000083000000|100%| O|  |TAMS 0x0000000083000000, 0x0000000083000000| Untracked 
|  20|0x0000000083000000, 0x0000000083100000, 0x0000000083100000|100%| O|  |TAMS 0x0000000083100000, 0x0000000083100000| Untracked 
|  21|0x0000000083100000, 0x0000000083200000, 0x0000000083200000|100%| O|  |TAMS 0x0000000083200000, 0x0000000083200000| Untracked 
|  22|0x0000000083200000, 0x0000000083300000, 0x0000000083300000|100%| O|  |TAMS 0x0000000083300000, 0x0000000083300000| Untracked 
|  23|0x0000000083300000, 0x0000000083400000, 0x0000000083400000|100%| O|  |TAMS 0x00000000833a4200, 0x0000000083400000| Untracked 
|  24|0x0000000083400000, 0x0000000083500000, 0x0000000083500000|100%| O|  |TAMS 0x0000000083400000, 0x0000000083500000| Untracked 
|  25|0x0000000083500000, 0x0000000083600000, 0x0000000083600000|100%| O|  |TAMS 0x0000000083500000, 0x0000000083600000| Untracked 
|  26|0x0000000083600000, 0x0000000083700000, 0x0000000083700000|100%| O|  |TAMS 0x0000000083600000, 0x0000000083700000| Untracked 
|  27|0x0000000083700000, 0x0000000083800000, 0x0000000083800000|100%| O|  |TAMS 0x0000000083700000, 0x0000000083800000| Untracked 
|  28|0x0000000083800000, 0x000000008384ee00, 0x0000000083900000| 30%| O|  |TAMS 0x0000000083800000, 0x000000008384ee00| Untracked 
|  29|0x0000000083900000, 0x0000000083900000, 0x0000000083a00000|  0%| F|  |TAMS 0x0000000083900000, 0x0000000083900000| Untracked 
|  30|0x0000000083a00000, 0x0000000083a00000, 0x0000000083b00000|  0%| F|  |TAMS 0x0000000083a00000, 0x0000000083a00000| Untracked 
|  31|0x0000000083b00000, 0x0000000083b00000, 0x0000000083c00000|  0%| F|  |TAMS 0x0000000083b00000, 0x0000000083b00000| Untracked 
|  32|0x0000000083c00000, 0x0000000083c00000, 0x0000000083d00000|  0%| F|  |TAMS 0x0000000083c00000, 0x0000000083c00000| Untracked 
|  33|0x0000000083d00000, 0x0000000083d00000, 0x0000000083e00000|  0%| F|  |TAMS 0x0000000083d00000, 0x0000000083d00000| Untracked 
|  34|0x0000000083e00000, 0x0000000083e00000, 0x0000000083f00000|  0%| F|  |TAMS 0x0000000083e00000, 0x0000000083e00000| Untracked 
|  35|0x0000000083f00000, 0x0000000083f00000, 0x0000000084000000|  0%| F|  |TAMS 0x0000000083f00000, 0x0000000083f00000| Untracked 
|  36|0x0000000084000000, 0x0000000084000000, 0x0000000084100000|  0%| F|  |TAMS 0x0000000084000000, 0x0000000084000000| Untracked 
|  37|0x0000000084100000, 0x0000000084100000, 0x0000000084200000|  0%| F|  |TAMS 0x0000000084100000, 0x0000000084100000| Untracked 
|  38|0x0000000084200000, 0x0000000084200000, 0x0000000084300000|  0%| F|  |TAMS 0x0000000084200000, 0x0000000084200000| Untracked 
|  39|0x0000000084300000, 0x0000000084300000, 0x0000000084400000|  0%| F|  |TAMS 0x0000000084300000, 0x0000000084300000| Untracked 
|  40|0x0000000084400000, 0x0000000084400000, 0x0000000084500000|  0%| F|  |TAMS 0x0000000084400000, 0x0000000084400000| Untracked 
|  41|0x0000000084500000, 0x0000000084500000, 0x0000000084600000|  0%| F|  |TAMS 0x0000000084500000, 0x0000000084500000| Untracked 
|  42|0x0000000084600000, 0x0000000084600000, 0x0000000084700000|  0%| F|  |TAMS 0x0000000084600000, 0x0000000084600000| Untracked 
|  43|0x0000000084700000, 0x0000000084700000, 0x0000000084800000|  0%| F|  |TAMS 0x0000000084700000, 0x0000000084700000| Untracked 
|  44|0x0000000084800000, 0x0000000084800000, 0x0000000084900000|  0%| F|  |TAMS 0x0000000084800000, 0x0000000084800000| Untracked 
|  45|0x0000000084900000, 0x0000000084900000, 0x0000000084a00000|  0%| F|  |TAMS 0x0000000084900000, 0x0000000084900000| Untracked 
|  46|0x0000000084a00000, 0x0000000084a00000, 0x0000000084b00000|  0%| F|  |TAMS 0x0000000084a00000, 0x0000000084a00000| Untracked 
|  47|0x0000000084b00000, 0x0000000084b00000, 0x0000000084c00000|  0%| F|  |TAMS 0x0000000084b00000, 0x0000000084b00000| Untracked 
|  48|0x0000000084c00000, 0x0000000084c00000, 0x0000000084d00000|  0%| F|  |TAMS 0x0000000084c00000, 0x0000000084c00000| Untracked 
|  49|0x0000000084d00000, 0x0000000084d00000, 0x0000000084e00000|  0%| F|  |TAMS 0x0000000084d00000, 0x0000000084d00000| Untracked 
|  50|0x0000000084e00000, 0x0000000084e00000, 0x0000000084f00000|  0%| F|  |TAMS 0x0000000084e00000, 0x0000000084e00000| Untracked 
|  51|0x0000000084f00000, 0x0000000084f00000, 0x0000000085000000|  0%| F|  |TAMS 0x0000000084f00000, 0x0000000084f00000| Untracked 
|  52|0x0000000085000000, 0x0000000085000000, 0x0000000085100000|  0%| F|  |TAMS 0x0000000085000000, 0x0000000085000000| Untracked 
|  53|0x0000000085100000, 0x0000000085100000, 0x0000000085200000|  0%| F|  |TAMS 0x0000000085100000, 0x0000000085100000| Untracked 
|  54|0x0000000085200000, 0x0000000085200000, 0x0000000085300000|  0%| F|  |TAMS 0x0000000085200000, 0x0000000085200000| Untracked 
|  55|0x0000000085300000, 0x0000000085300000, 0x0000000085400000|  0%| F|  |TAMS 0x0000000085300000, 0x0000000085300000| Untracked 
|  56|0x0000000085400000, 0x0000000085400000, 0x0000000085500000|  0%| F|  |TAMS 0x0000000085400000, 0x0000000085400000| Untracked 
|  57|0x0000000085500000, 0x0000000085500000, 0x0000000085600000|  0%| F|  |TAMS 0x0000000085500000, 0x0000000085500000| Untracked 
|  58|0x0000000085600000, 0x0000000085600000, 0x0000000085700000|  0%| F|  |TAMS 0x0000000085600000, 0x0000000085600000| Untracked 
|  59|0x0000000085700000, 0x0000000085700000, 0x0000000085800000|  0%| F|  |TAMS 0x0000000085700000, 0x0000000085700000| Untracked 
|  60|0x0000000085800000, 0x0000000085800000, 0x0000000085900000|  0%| F|  |TAMS 0x0000000085800000, 0x0000000085800000| Untracked 
|  61|0x0000000085900000, 0x0000000085900000, 0x0000000085a00000|  0%| F|  |TAMS 0x0000000085900000, 0x0000000085900000| Untracked 
|  62|0x0000000085a00000, 0x0000000085a00000, 0x0000000085b00000|  0%| F|  |TAMS 0x0000000085a00000, 0x0000000085a00000| Untracked 
|  63|0x0000000085b00000, 0x0000000085b00000, 0x0000000085c00000|  0%| F|  |TAMS 0x0000000085b00000, 0x0000000085b00000| Untracked 
|  64|0x0000000085c00000, 0x0000000085c00000, 0x0000000085d00000|  0%| F|  |TAMS 0x0000000085c00000, 0x0000000085c00000| Untracked 
|  65|0x0000000085d00000, 0x0000000085d00000, 0x0000000085e00000|  0%| F|  |TAMS 0x0000000085d00000, 0x0000000085d00000| Untracked 
|  66|0x0000000085e00000, 0x0000000085e00000, 0x0000000085f00000|  0%| F|  |TAMS 0x0000000085e00000, 0x0000000085e00000| Untracked 
|  67|0x0000000085f00000, 0x0000000085f00000, 0x0000000086000000|  0%| F|  |TAMS 0x0000000085f00000, 0x0000000085f00000| Untracked 
|  68|0x0000000086000000, 0x0000000086000000, 0x0000000086100000|  0%| F|  |TAMS 0x0000000086000000, 0x0000000086000000| Untracked 
|  69|0x0000000086100000, 0x0000000086100000, 0x0000000086200000|  0%| F|  |TAMS 0x0000000086100000, 0x0000000086100000| Untracked 
|  70|0x0000000086200000, 0x0000000086200000, 0x0000000086300000|  0%| F|  |TAMS 0x0000000086200000, 0x0000000086200000| Untracked 
|  71|0x0000000086300000, 0x0000000086300000, 0x0000000086400000|  0%| F|  |TAMS 0x0000000086300000, 0x0000000086300000| Untracked 
|  72|0x0000000086400000, 0x0000000086400000, 0x0000000086500000|  0%| F|  |TAMS 0x0000000086400000, 0x0000000086400000| Untracked 
|  73|0x0000000086500000, 0x0000000086500000, 0x0000000086600000|  0%| F|  |TAMS 0x0000000086500000, 0x0000000086500000| Untracked 
|  74|0x0000000086600000, 0x0000000086600000, 0x0000000086700000|  0%| F|  |TAMS 0x0000000086600000, 0x0000000086600000| Untracked 
|  75|0x0000000086700000, 0x0000000086700000, 0x0000000086800000|  0%| F|  |TAMS 0x0000000086700000, 0x0000000086700000| Untracked 
|  76|0x0000000086800000, 0x0000000086800000, 0x0000000086900000|  0%| F|  |TAMS 0x0000000086800000, 0x0000000086800000| Untracked 
|  77|0x0000000086900000, 0x0000000086900000, 0x0000000086a00000|  0%| F|  |TAMS 0x0000000086900000, 0x0000000086900000| Untracked 
|  78|0x0000000086a00000, 0x0000000086a00000, 0x0000000086b00000|  0%| F|  |TAMS 0x0000000086a00000, 0x0000000086a00000| Untracked 
|  79|0x0000000086b00000, 0x0000000086b00000, 0x0000000086c00000|  0%| F|  |TAMS 0x0000000086b00000, 0x0000000086b00000| Untracked 
|  80|0x0000000086c00000, 0x0000000086c00000, 0x0000000086d00000|  0%| F|  |TAMS 0x0000000086c00000, 0x0000000086c00000| Untracked 
|  81|0x0000000086d00000, 0x0000000086d00000, 0x0000000086e00000|  0%| F|  |TAMS 0x0000000086d00000, 0x0000000086d00000| Untracked 
|  82|0x0000000086e00000, 0x0000000086e00000, 0x0000000086f00000|  0%| F|  |TAMS 0x0000000086e00000, 0x0000000086e00000| Untracked 
|  83|0x0000000086f00000, 0x0000000086f00000, 0x0000000087000000|  0%| F|  |TAMS 0x0000000086f00000, 0x0000000086f00000| Untracked 
|  84|0x0000000087000000, 0x0000000087000000, 0x0000000087100000|  0%| F|  |TAMS 0x0000000087000000, 0x0000000087000000| Untracked 
|  85|0x0000000087100000, 0x0000000087100000, 0x0000000087200000|  0%| F|  |TAMS 0x0000000087100000, 0x0000000087100000| Untracked 
|  86|0x0000000087200000, 0x0000000087200000, 0x0000000087300000|  0%| F|  |TAMS 0x0000000087200000, 0x0000000087200000| Untracked 
|  87|0x0000000087300000, 0x0000000087300000, 0x0000000087400000|  0%| F|  |TAMS 0x0000000087300000, 0x0000000087300000| Untracked 
|  88|0x0000000087400000, 0x0000000087400000, 0x0000000087500000|  0%| F|  |TAMS 0x0000000087400000, 0x0000000087400000| Untracked 
|  89|0x0000000087500000, 0x0000000087500000, 0x0000000087600000|  0%| F|  |TAMS 0x0000000087500000, 0x0000000087500000| Untracked 
|  90|0x0000000087600000, 0x0000000087600000, 0x0000000087700000|  0%| F|  |TAMS 0x0000000087600000, 0x0000000087600000| Untracked 
|  91|0x0000000087700000, 0x0000000087700000, 0x0000000087800000|  0%| F|  |TAMS 0x0000000087700000, 0x0000000087700000| Untracked 
|  92|0x0000000087800000, 0x0000000087800000, 0x0000000087900000|  0%| F|  |TAMS 0x0000000087800000, 0x0000000087800000| Untracked 
|  93|0x0000000087900000, 0x0000000087900000, 0x0000000087a00000|  0%| F|  |TAMS 0x0000000087900000, 0x0000000087900000| Untracked 
|  94|0x0000000087a00000, 0x0000000087a00000, 0x0000000087b00000|  0%| F|  |TAMS 0x0000000087a00000, 0x0000000087a00000| Untracked 
|  95|0x0000000087b00000, 0x0000000087b00000, 0x0000000087c00000|  0%| F|  |TAMS 0x0000000087b00000, 0x0000000087b00000| Untracked 
|  96|0x0000000087c00000, 0x0000000087c00000, 0x0000000087d00000|  0%| F|  |TAMS 0x0000000087c00000, 0x0000000087c00000| Untracked 
|  97|0x0000000087d00000, 0x0000000087d00000, 0x0000000087e00000|  0%| F|  |TAMS 0x0000000087d00000, 0x0000000087d00000| Untracked 
|  98|0x0000000087e00000, 0x0000000087e00000, 0x0000000087f00000|  0%| F|  |TAMS 0x0000000087e00000, 0x0000000087e00000| Untracked 
|  99|0x0000000087f00000, 0x0000000087f00000, 0x0000000088000000|  0%| F|  |TAMS 0x0000000087f00000, 0x0000000087f00000| Untracked 
| 100|0x0000000088000000, 0x0000000088000000, 0x0000000088100000|  0%| F|  |TAMS 0x0000000088000000, 0x0000000088000000| Untracked 
| 101|0x0000000088100000, 0x0000000088100000, 0x0000000088200000|  0%| F|  |TAMS 0x0000000088100000, 0x0000000088100000| Untracked 
| 102|0x0000000088200000, 0x0000000088200000, 0x0000000088300000|  0%| F|  |TAMS 0x0000000088200000, 0x0000000088200000| Untracked 
| 103|0x0000000088300000, 0x0000000088300000, 0x0000000088400000|  0%| F|  |TAMS 0x0000000088300000, 0x0000000088300000| Untracked 
| 104|0x0000000088400000, 0x0000000088400000, 0x0000000088500000|  0%| F|  |TAMS 0x0000000088400000, 0x0000000088400000| Untracked 
| 105|0x0000000088500000, 0x0000000088500000, 0x0000000088600000|  0%| F|  |TAMS 0x0000000088500000, 0x0000000088500000| Untracked 
| 106|0x0000000088600000, 0x0000000088600000, 0x0000000088700000|  0%| F|  |TAMS 0x0000000088600000, 0x0000000088600000| Untracked 
| 107|0x0000000088700000, 0x0000000088700000, 0x0000000088800000|  0%| F|  |TAMS 0x0000000088700000, 0x0000000088700000| Untracked 
| 108|0x0000000088800000, 0x0000000088800000, 0x0000000088900000|  0%| F|  |TAMS 0x0000000088800000, 0x0000000088800000| Untracked 
| 109|0x0000000088900000, 0x0000000088900000, 0x0000000088a00000|  0%| F|  |TAMS 0x0000000088900000, 0x0000000088900000| Untracked 
| 110|0x0000000088a00000, 0x0000000088a00000, 0x0000000088b00000|  0%| F|  |TAMS 0x0000000088a00000, 0x0000000088a00000| Untracked 
| 111|0x0000000088b00000, 0x0000000088b00000, 0x0000000088c00000|  0%| F|  |TAMS 0x0000000088b00000, 0x0000000088b00000| Untracked 
| 112|0x0000000088c00000, 0x0000000088c00000, 0x0000000088d00000|  0%| F|  |TAMS 0x0000000088c00000, 0x0000000088c00000| Untracked 
| 113|0x0000000088d00000, 0x0000000088d00000, 0x0000000088e00000|  0%| F|  |TAMS 0x0000000088d00000, 0x0000000088d00000| Untracked 
| 114|0x0000000088e00000, 0x0000000088e00000, 0x0000000088f00000|  0%| F|  |TAMS 0x0000000088e00000, 0x0000000088e00000| Untracked 
| 115|0x0000000088f00000, 0x0000000088f00000, 0x0000000089000000|  0%| F|  |TAMS 0x0000000088f00000, 0x0000000088f00000| Untracked 
| 116|0x0000000089000000, 0x0000000089000000, 0x0000000089100000|  0%| F|  |TAMS 0x0000000089000000, 0x0000000089000000| Untracked 
| 117|0x0000000089100000, 0x0000000089100000, 0x0000000089200000|  0%| F|  |TAMS 0x0000000089100000, 0x0000000089100000| Untracked 
| 118|0x0000000089200000, 0x0000000089200000, 0x0000000089300000|  0%| F|  |TAMS 0x0000000089200000, 0x0000000089200000| Untracked 
| 119|0x0000000089300000, 0x0000000089300000, 0x0000000089400000|  0%| F|  |TAMS 0x0000000089300000, 0x0000000089300000| Untracked 
| 120|0x0000000089400000, 0x0000000089400000, 0x0000000089500000|  0%| F|  |TAMS 0x0000000089400000, 0x0000000089400000| Untracked 
| 121|0x0000000089500000, 0x0000000089500000, 0x0000000089600000|  0%| F|  |TAMS 0x0000000089500000, 0x0000000089500000| Untracked 
| 122|0x0000000089600000, 0x0000000089600000, 0x0000000089700000|  0%| F|  |TAMS 0x0000000089600000, 0x0000000089600000| Untracked 
| 123|0x0000000089700000, 0x0000000089700000, 0x0000000089800000|  0%| F|  |TAMS 0x0000000089700000, 0x0000000089700000| Untracked 
| 124|0x0000000089800000, 0x0000000089800000, 0x0000000089900000|  0%| F|  |TAMS 0x0000000089800000, 0x0000000089800000| Untracked 
| 125|0x0000000089900000, 0x0000000089900000, 0x0000000089a00000|  0%| F|  |TAMS 0x0000000089900000, 0x0000000089900000| Untracked 
| 126|0x0000000089a00000, 0x0000000089a00000, 0x0000000089b00000|  0%| F|  |TAMS 0x0000000089a00000, 0x0000000089a00000| Untracked 
| 127|0x0000000089b00000, 0x0000000089b00000, 0x0000000089c00000|  0%| F|  |TAMS 0x0000000089b00000, 0x0000000089b00000| Untracked 
| 128|0x0000000089c00000, 0x0000000089c00000, 0x0000000089d00000|  0%| F|  |TAMS 0x0000000089c00000, 0x0000000089c00000| Untracked 
| 129|0x0000000089d00000, 0x0000000089d00000, 0x0000000089e00000|  0%| F|  |TAMS 0x0000000089d00000, 0x0000000089d00000| Untracked 
| 130|0x0000000089e00000, 0x0000000089e00000, 0x0000000089f00000|  0%| F|  |TAMS 0x0000000089e00000, 0x0000000089e00000| Untracked 
| 131|0x0000000089f00000, 0x0000000089f00000, 0x000000008a000000|  0%| F|  |TAMS 0x0000000089f00000, 0x0000000089f00000| Untracked 
| 132|0x000000008a000000, 0x000000008a000000, 0x000000008a100000|  0%| F|  |TAMS 0x000000008a000000, 0x000000008a000000| Untracked 
| 133|0x000000008a100000, 0x000000008a100000, 0x000000008a200000|  0%| F|  |TAMS 0x000000008a100000, 0x000000008a100000| Untracked 
| 134|0x000000008a200000, 0x000000008a200000, 0x000000008a300000|  0%| F|  |TAMS 0x000000008a200000, 0x000000008a200000| Untracked 
| 135|0x000000008a300000, 0x000000008a300000, 0x000000008a400000|  0%| F|  |TAMS 0x000000008a300000, 0x000000008a300000| Untracked 
| 136|0x000000008a400000, 0x000000008a400000, 0x000000008a500000|  0%| F|  |TAMS 0x000000008a400000, 0x000000008a400000| Untracked 
| 137|0x000000008a500000, 0x000000008a500000, 0x000000008a600000|  0%| F|  |TAMS 0x000000008a500000, 0x000000008a500000| Untracked 
| 138|0x000000008a600000, 0x000000008a600000, 0x000000008a700000|  0%| F|  |TAMS 0x000000008a600000, 0x000000008a600000| Untracked 
| 139|0x000000008a700000, 0x000000008a700000, 0x000000008a800000|  0%| F|  |TAMS 0x000000008a700000, 0x000000008a700000| Untracked 
| 140|0x000000008a800000, 0x000000008a800000, 0x000000008a900000|  0%| F|  |TAMS 0x000000008a800000, 0x000000008a800000| Untracked 
| 141|0x000000008a900000, 0x000000008a900000, 0x000000008aa00000|  0%| F|  |TAMS 0x000000008a900000, 0x000000008a900000| Untracked 
| 142|0x000000008aa00000, 0x000000008aa00000, 0x000000008ab00000|  0%| F|  |TAMS 0x000000008aa00000, 0x000000008aa00000| Untracked 
| 143|0x000000008ab00000, 0x000000008ab00000, 0x000000008ac00000|  0%| F|  |TAMS 0x000000008ab00000, 0x000000008ab00000| Untracked 
| 144|0x000000008ac00000, 0x000000008ac00000, 0x000000008ad00000|  0%| F|  |TAMS 0x000000008ac00000, 0x000000008ac00000| Untracked 
| 145|0x000000008ad00000, 0x000000008ad00000, 0x000000008ae00000|  0%| F|  |TAMS 0x000000008ad00000, 0x000000008ad00000| Untracked 
| 146|0x000000008ae00000, 0x000000008ae00000, 0x000000008af00000|  0%| F|  |TAMS 0x000000008ae00000, 0x000000008ae00000| Untracked 
| 147|0x000000008af00000, 0x000000008af00000, 0x000000008b000000|  0%| F|  |TAMS 0x000000008af00000, 0x000000008af00000| Untracked 
| 148|0x000000008b000000, 0x000000008b000000, 0x000000008b100000|  0%| F|  |TAMS 0x000000008b000000, 0x000000008b000000| Untracked 
| 149|0x000000008b100000, 0x000000008b100000, 0x000000008b200000|  0%| F|  |TAMS 0x000000008b100000, 0x000000008b100000| Untracked 
| 150|0x000000008b200000, 0x000000008b200000, 0x000000008b300000|  0%| F|  |TAMS 0x000000008b200000, 0x000000008b200000| Untracked 
| 151|0x000000008b300000, 0x000000008b300000, 0x000000008b400000|  0%| F|  |TAMS 0x000000008b300000, 0x000000008b300000| Untracked 
| 152|0x000000008b400000, 0x000000008b400000, 0x000000008b500000|  0%| F|  |TAMS 0x000000008b400000, 0x000000008b400000| Untracked 
| 153|0x000000008b500000, 0x000000008b500000, 0x000000008b600000|  0%| F|  |TAMS 0x000000008b500000, 0x000000008b500000| Untracked 
| 154|0x000000008b600000, 0x000000008b600000, 0x000000008b700000|  0%| F|  |TAMS 0x000000008b600000, 0x000000008b600000| Untracked 
| 155|0x000000008b700000, 0x000000008b700000, 0x000000008b800000|  0%| F|  |TAMS 0x000000008b700000, 0x000000008b700000| Untracked 
| 156|0x000000008b800000, 0x000000008b800000, 0x000000008b900000|  0%| F|  |TAMS 0x000000008b800000, 0x000000008b800000| Untracked 
| 157|0x000000008b900000, 0x000000008ba00000, 0x000000008ba00000|100%| S|CS|TAMS 0x000000008b900000, 0x000000008b900000| Complete 
| 158|0x000000008ba00000, 0x000000008bb00000, 0x000000008bb00000|100%| S|CS|TAMS 0x000000008ba00000, 0x000000008ba00000| Complete 
| 159|0x000000008bb00000, 0x000000008bc00000, 0x000000008bc00000|100%| S|CS|TAMS 0x000000008bb00000, 0x000000008bb00000| Complete 
| 160|0x000000008bc00000, 0x000000008bd00000, 0x000000008bd00000|100%| S|CS|TAMS 0x000000008bc00000, 0x000000008bc00000| Complete 
| 161|0x000000008bd00000, 0x000000008be00000, 0x000000008be00000|100%| S|CS|TAMS 0x000000008bd00000, 0x000000008bd00000| Complete 
| 162|0x000000008be00000, 0x000000008bf00000, 0x000000008bf00000|100%| S|CS|TAMS 0x000000008be00000, 0x000000008be00000| Complete 
| 163|0x000000008bf00000, 0x000000008c000000, 0x000000008c000000|100%| S|CS|TAMS 0x000000008bf00000, 0x000000008bf00000| Complete 
| 164|0x000000008c000000, 0x000000008c100000, 0x000000008c100000|100%| S|CS|TAMS 0x000000008c000000, 0x000000008c000000| Complete 
| 165|0x000000008c100000, 0x000000008c200000, 0x000000008c200000|100%| S|CS|TAMS 0x000000008c100000, 0x000000008c100000| Complete 
| 166|0x000000008c200000, 0x000000008c200000, 0x000000008c300000|  0%| F|  |TAMS 0x000000008c200000, 0x000000008c200000| Untracked 
| 167|0x000000008c300000, 0x000000008c300000, 0x000000008c400000|  0%| F|  |TAMS 0x000000008c300000, 0x000000008c300000| Untracked 
| 168|0x000000008c400000, 0x000000008c400000, 0x000000008c500000|  0%| F|  |TAMS 0x000000008c400000, 0x000000008c400000| Untracked 
| 169|0x000000008c500000, 0x000000008c500000, 0x000000008c600000|  0%| F|  |TAMS 0x000000008c500000, 0x000000008c500000| Untracked 
| 170|0x000000008c600000, 0x000000008c600000, 0x000000008c700000|  0%| F|  |TAMS 0x000000008c600000, 0x000000008c600000| Untracked 
| 171|0x000000008c700000, 0x000000008c700000, 0x000000008c800000|  0%| F|  |TAMS 0x000000008c700000, 0x000000008c700000| Untracked 
| 172|0x000000008c800000, 0x000000008c800000, 0x000000008c900000|  0%| F|  |TAMS 0x000000008c800000, 0x000000008c800000| Untracked 
| 173|0x000000008c900000, 0x000000008c900000, 0x000000008ca00000|  0%| F|  |TAMS 0x000000008c900000, 0x000000008c900000| Untracked 
| 174|0x000000008ca00000, 0x000000008ca00000, 0x000000008cb00000|  0%| F|  |TAMS 0x000000008ca00000, 0x000000008ca00000| Untracked 
| 175|0x000000008cb00000, 0x000000008cb00000, 0x000000008cc00000|  0%| F|  |TAMS 0x000000008cb00000, 0x000000008cb00000| Untracked 
| 176|0x000000008cc00000, 0x000000008cc00000, 0x000000008cd00000|  0%| F|  |TAMS 0x000000008cc00000, 0x000000008cc00000| Untracked 
| 177|0x000000008cd00000, 0x000000008cd00000, 0x000000008ce00000|  0%| F|  |TAMS 0x000000008cd00000, 0x000000008cd00000| Untracked 
| 178|0x000000008ce00000, 0x000000008ce00000, 0x000000008cf00000|  0%| F|  |TAMS 0x000000008ce00000, 0x000000008ce00000| Untracked 
| 179|0x000000008cf00000, 0x000000008cf80800, 0x000000008d000000| 50%| E|  |TAMS 0x000000008cf00000, 0x000000008cf00000| Complete 
| 180|0x000000008d000000, 0x000000008d100000, 0x000000008d100000|100%| E|CS|TAMS 0x000000008d000000, 0x000000008d000000| Complete 
| 181|0x000000008d100000, 0x000000008d200000, 0x000000008d200000|100%| E|CS|TAMS 0x000000008d100000, 0x000000008d100000| Complete 
| 182|0x000000008d200000, 0x000000008d300000, 0x000000008d300000|100%| E|CS|TAMS 0x000000008d200000, 0x000000008d200000| Complete 
| 183|0x000000008d300000, 0x000000008d400000, 0x000000008d400000|100%| E|CS|TAMS 0x000000008d300000, 0x000000008d300000| Complete 
| 184|0x000000008d400000, 0x000000008d500000, 0x000000008d500000|100%| E|CS|TAMS 0x000000008d400000, 0x000000008d400000| Complete 

Card table byte_map: [0x0000020ef9300000,0x0000020ef9700000] _byte_map_base: 0x0000020ef8ef2000

Marking Bits (Prev, Next): (CMBitMap*) 0x0000020ef8ec7668, (CMBitMap*) 0x0000020ef8ec76a0
 Prev Bits: [0x0000020ef9b00000, 0x0000020efba90000)
 Next Bits: [0x0000020efba90000, 0x0000020efda20000)

Polling page: 0x0000020ef8600000

Metaspace:

Usage:
  Non-class:     50.70 MB capacity,    49.79 MB ( 98%) used,   752.12 KB (  1%) free+waste,   174.44 KB ( <1%) overhead. 
      Class:      7.97 MB capacity,     7.38 MB ( 93%) used,   520.32 KB (  6%) free+waste,    84.06 KB (  1%) overhead. 
       Both:     58.67 MB capacity,    57.17 MB ( 97%) used,     1.24 MB (  2%) free+waste,   258.50 KB ( <1%) overhead. 

Virtual space:
  Non-class space:       52.00 MB reserved,      50.75 MB ( 98%) committed 
      Class space:        1.00 GB reserved,       8.11 MB ( <1%) committed 
             Both:        1.05 GB reserved,      58.86 MB (  5%) committed 

Chunk freelists:
   Non-Class:  6.50 KB
       Class:  3.75 KB
        Both:  10.25 KB

CodeHeap 'non-profiled nmethods': size=238912Kb used=9018Kb max_used=9018Kb free=229893Kb
 bounds [0x0000020e889e0000, 0x0000020e892b0000, 0x0000020e97330000]
CodeHeap 'non-nmethods': size=6848Kb used=1253Kb max_used=1253Kb free=5594Kb
 bounds [0x0000020e88330000, 0x0000020e885a0000, 0x0000020e889e0000]
 total_blobs=6369 nmethods=5698 adapters=552
 compilation: enabled
              stopped_count=0, restarted_count=0
 full_count=0

Compilation events (10 events):
Event: 11.772 Thread 0x0000020e97bb1800 nmethod 5722 0x0000020e892abc10 code [0x0000020e892abe80, 0x0000020e892ac9f0]
Event: 11.777 Thread 0x0000020e97bb1800 5723       1       sun.nio.cs.UTF_8$Decoder::isMalformed3 (45 bytes)
Event: 11.777 Thread 0x0000020e97bb1800 nmethod 5723 0x0000020e892ad310 code [0x0000020e892ad4a0, 0x0000020e892ad5f8]
Event: 11.779 Thread 0x0000020e97bb1800 5724   !   1       java.nio.CharBuffer::wrap (20 bytes)
Event: 11.779 Thread 0x0000020e97bb1800 nmethod 5724 0x0000020e892ad690 code [0x0000020e892ad860, 0x0000020e892adb20]
Event: 11.779 Thread 0x0000020e97bb1800 5725       1       java.nio.HeapCharBuffer::<init> (21 bytes)
Event: 11.780 Thread 0x0000020e97bb1800 nmethod 5725 0x0000020e892add10 code [0x0000020e892adec0, 0x0000020e892ae090]
Event: 11.780 Thread 0x0000020e97bb1800 5726       1       java.lang.StringUTF16::newBytesFor (61 bytes)
Event: 11.780 Thread 0x0000020e97bb1800 nmethod 5726 0x0000020e892ae190 code [0x0000020e892ae3c0, 0x0000020e892ae930]
Event: 11.789 Thread 0x0000020e97bb1800 5727   !   1       java.util.concurrent.ConcurrentHashMap::transfer (828 bytes)

GC Heap History (10 events):
Event: 8.210 GC heap before
{Heap before GC invocations=12 (full 0):
 garbage-first heap   total 157696K, used 93840K [0x0000000081c00000, 0x0000000100000000)
  region size 1024K, 69 young (70656K), 5 survivors (5120K)
 Metaspace       used 36035K, capacity 37328K, committed 37500K, reserved 1081344K
  class space    used 4562K, capacity 5090K, committed 5244K, reserved 1048576K
}
Event: 8.220 GC heap after
{Heap after GC invocations=13 (full 0):
 garbage-first heap   total 157696K, used 30352K [0x0000000081c00000, 0x0000000100000000)
  region size 1024K, 6 young (6144K), 6 survivors (6144K)
 Metaspace       used 36035K, capacity 37328K, committed 37500K, reserved 1081344K
  class space    used 4562K, capacity 5090K, committed 5244K, reserved 1048576K
}
Event: 8.717 GC heap before
{Heap before GC invocations=13 (full 0):
 garbage-first heap   total 157696K, used 98960K [0x0000000081c00000, 0x0000000100000000)
  region size 1024K, 74 young (75776K), 6 survivors (6144K)
 Metaspace       used 39185K, capacity 40481K, committed 40828K, reserved 1085440K
  class space    used 4852K, capacity 5375K, committed 5500K, reserved 1048576K
}
Event: 8.727 GC heap after
{Heap after GC invocations=14 (full 0):
 garbage-first heap   total 157696K, used 32147K [0x0000000081c00000, 0x0000000100000000)
  region size 1024K, 7 young (7168K), 7 survivors (7168K)
 Metaspace       used 39185K, capacity 40481K, committed 40828K, reserved 1085440K
  class space    used 4852K, capacity 5375K, committed 5500K, reserved 1048576K
}
Event: 9.865 GC heap before
{Heap before GC invocations=14 (full 0):
 garbage-first heap   total 157696K, used 103827K [0x0000000081c00000, 0x0000000100000000)
  region size 1024K, 77 young (78848K), 7 survivors (7168K)
 Metaspace       used 48062K, capacity 49399K, committed 49788K, reserved 1091584K
  class space    used 6101K, capacity 6637K, committed 6780K, reserved 1048576K
}
Event: 9.877 GC heap after
{Heap after GC invocations=15 (full 0):
 garbage-first heap   total 157696K, used 34242K [0x0000000081c00000, 0x0000000100000000)
  region size 1024K, 7 young (7168K), 7 survivors (7168K)
 Metaspace       used 48062K, capacity 49399K, committed 49788K, reserved 1091584K
  class space    used 6101K, capacity 6637K, committed 6780K, reserved 1048576K
}
Event: 11.251 GC heap before
{Heap before GC invocations=15 (full 0):
 garbage-first heap   total 157696K, used 108994K [0x0000000081c00000, 0x0000000100000000)
  region size 1024K, 80 young (81920K), 7 survivors (7168K)
 Metaspace       used 55695K, capacity 57143K, committed 57340K, reserved 1099776K
  class space    used 7234K, capacity 7815K, committed 7932K, reserved 1048576K
}
Event: 11.264 GC heap after
{Heap after GC invocations=16 (full 0):
 garbage-first heap   total 189440K, used 36675K [0x0000000081c00000, 0x0000000100000000)
  region size 1024K, 8 young (8192K), 8 survivors (8192K)
 Metaspace       used 55695K, capacity 57143K, committed 57340K, reserved 1099776K
  class space    used 7234K, capacity 7815K, committed 7932K, reserved 1048576K
}
Event: 11.715 GC heap before
{Heap before GC invocations=16 (full 0):
 garbage-first heap   total 189440K, used 55107K [0x0000000081c00000, 0x0000000100000000)
  region size 1024K, 27 young (27648K), 8 survivors (8192K)
 Metaspace       used 58321K, capacity 59790K, committed 59900K, reserved 1101824K
  class space    used 7522K, capacity 8130K, committed 8188K, reserved 1048576K
}
Event: 11.729 GC heap after
{Heap after GC invocations=17 (full 0):
 garbage-first heap   total 189440K, used 38203K [0x0000000081c00000, 0x0000000100000000)
  region size 1024K, 9 young (9216K), 9 survivors (9216K)
 Metaspace       used 58321K, capacity 59790K, committed 59900K, reserved 1101824K
  class space    used 7522K, capacity 8130K, committed 8188K, reserved 1048576K
}

Deoptimization events (0 events):
No events

Classes redefined (0 events):
No events

Internal exceptions (10 events):
Event: 9.506 Thread 0x0000020e98cdb000 Exception <a 'java/lang/ClassNotFoundException'{0x0000000088845e58}: org/springframework/context/support/LiveBeansView> (0x0000000088845e58) thrown at [./open/src/hotspot/share/classfile/systemDictionary.cpp, line 228]
Event: 9.506 Thread 0x0000020e98cdb000 Exception <a 'java/lang/ClassNotFoundException'{0x0000000088846208}: org/springframework/context/support/LiveBeansView> (0x0000000088846208) thrown at [./open/src/hotspot/share/classfile/systemDictionary.cpp, line 228]
Event: 9.506 Thread 0x0000020e98cdb000 Exception <a 'java/lang/ClassNotFoundException'{0x00000000888465b8}: org/springframework/context/support/LiveBeansView> (0x00000000888465b8) thrown at [./open/src/hotspot/share/classfile/systemDictionary.cpp, line 228]
Event: 9.508 Thread 0x0000020e98cdb000 Exception <a 'java/security/PrivilegedActionException'{0x000000008884c130}> (0x000000008884c130) thrown at [./open/src/hotspot/share/prims/jvm.cpp, line 1296]
Event: 9.508 Thread 0x0000020e98cdb000 Exception <a 'java/lang/reflect/InvocationTargetException'{0x000000008884c400}> (0x000000008884c400) thrown at [./open/src/hotspot/share/runtime/reflection.cpp, line 1242]
Event: 9.878 Thread 0x0000020e98ea1800 Exception <a 'java/lang/reflect/InvocationTargetException'{0x000000008b582730}> (0x000000008b582730) thrown at [./open/src/hotspot/share/runtime/reflection.cpp, line 1242]
Event: 10.380 Thread 0x0000020e98ea1800 Exception <a 'java/lang/reflect/InvocationTargetException'{0x000000008b586768}> (0x000000008b586768) thrown at [./open/src/hotspot/share/runtime/reflection.cpp, line 1242]
Event: 10.534 Thread 0x0000020e991f6000 Exception <a 'java/lang/NoSuchMethodError'{0x00000000893a8e20}: java.lang.invoke.DirectMethodHandle$Holder.invokeInterface(Ljava/lang/Object;Ljava/lang/Object;)V> (0x00000000893a8e20) thrown at [./open/src/hotspot/share/interpreter/linkResolver.cpp, line 
Event: 11.574 Thread 0x0000020e991f6000 Exception <a 'java/lang/NoSuchMethodError'{0x000000008caca550}: java.lang.invoke.DirectMethodHandle$Holder.invokeStaticInit(Ljava/lang/Object;Ljava/lang/Object;Ljava/lang/Object;Ljava/lang/Object;)I> (0x000000008caca550) thrown at [./open/src/hotspot/shar
Event: 11.579 Thread 0x0000020e991f6000 Exception <a 'sun/nio/fs/WindowsException'{0x000000008cafd0e8}> (0x000000008cafd0e8) thrown at [./open/src/hotspot/share/prims/jni.cpp, line 611]

Events (10 events):
Event: 11.783 loading class org/apache/http/conn/util/PublicSuffixMatcher done
Event: 11.787 loading class java/util/concurrent/ConcurrentHashMap$TreeNode
Event: 11.787 loading class java/util/concurrent/ConcurrentHashMap$TreeNode done
Event: 11.787 loading class java/util/concurrent/ConcurrentHashMap$TreeBin
Event: 11.787 loading class java/util/concurrent/ConcurrentHashMap$TreeBin done
Event: 11.788 Executing VM operation: RevokeBias
Event: 11.788 Executing VM operation: RevokeBias done
Event: 11.788 Thread 0x0000020e991f6000 DEOPT PACKING pc=0x0000020e88d1270f sp=0x000000c7ce8fab20
Event: 11.788 Thread 0x0000020e991f6000 DEOPT UNPACKING pc=0x0000020e88358d4e sp=0x000000c7ce8fa028 mode 3
Event: 11.791 Executing VM operation: CGC_Operation


Dynamic libraries:
0x00007ff7c7ef0000 - 0x00007ff7c7f37000 	C:\Program Files\Java\jdk-11.0.7\bin\javaw.exe
0x00007fff8a8e0000 - 0x00007fff8aad0000 	C:\WINDOWS\SYSTEM32\ntdll.dll
0x00007fff8a5b0000 - 0x00007fff8a662000 	C:\WINDOWS\System32\KERNEL32.DLL
0x00007fff87c30000 - 0x00007fff87ed4000 	C:\WINDOWS\System32\KERNELBASE.dll
0x00007fff845b0000 - 0x00007fff8463f000 	C:\WINDOWS\SYSTEM32\apphelp.dll
0x00007fff2c300000 - 0x00007fff2c792000 	C:\WINDOWS\SYSTEM32\AcLayers.DLL
0x00007fff89da0000 - 0x00007fff89e3e000 	C:\WINDOWS\System32\msvcrt.dll
0x00007fff89f70000 - 0x00007fff8a104000 	C:\WINDOWS\System32\USER32.dll
0x00007fff88960000 - 0x00007fff88981000 	C:\WINDOWS\System32\win32u.dll
0x00007fff89a60000 - 0x00007fff89a86000 	C:\WINDOWS\System32\GDI32.dll
0x00007fff87990000 - 0x00007fff87b24000 	C:\WINDOWS\System32\gdi32full.dll
0x00007fff87b30000 - 0x00007fff87bce000 	C:\WINDOWS\System32\msvcp_win.dll
0x00007fff87870000 - 0x00007fff8796a000 	C:\WINDOWS\System32\ucrtbase.dll
0x00007fff8a550000 - 0x00007fff8a5a2000 	C:\WINDOWS\System32\SHLWAPI.dll
0x00007fff8a170000 - 0x00007fff8a4a6000 	C:\WINDOWS\System32\combase.dll
0x00007fff88990000 - 0x00007fff88ab0000 	C:\WINDOWS\System32\RPCRT4.dll
0x00007fff886e0000 - 0x00007fff88760000 	C:\WINDOWS\System32\bcryptPrimitives.dll
0x00007fff88d00000 - 0x00007fff88da3000 	C:\WINDOWS\System32\ADVAPI32.dll
0x00007fff88c60000 - 0x00007fff88cf7000 	C:\WINDOWS\System32\sechost.dll
0x0000020ef6bb0000 - 0x0000020ef6bb3000 	C:\WINDOWS\SYSTEM32\sfc.dll
0x00007fff68290000 - 0x00007fff68319000 	C:\WINDOWS\SYSTEM32\WINSPOOL.DRV
0x00007fff877b0000 - 0x00007fff877c1000 	C:\WINDOWS\System32\kernel.appcore.dll
0x00007fff87ee0000 - 0x00007fff87f06000 	C:\WINDOWS\System32\bcrypt.dll
0x00007fff854e0000 - 0x00007fff855d0000 	C:\WINDOWS\SYSTEM32\PROPSYS.dll
0x00007fff89cd0000 - 0x00007fff89d94000 	C:\WINDOWS\System32\OLEAUT32.dll
0x00007fff89a90000 - 0x00007fff89b39000 	C:\WINDOWS\System32\shcore.dll
0x00007fff86d20000 - 0x00007fff86d5a000 	C:\WINDOWS\SYSTEM32\IPHLPAPI.DLL
0x00007fff76db0000 - 0x00007fff76dc1000 	C:\WINDOWS\SYSTEM32\sfc_os.DLL
0x00007fff89f40000 - 0x00007fff89f6e000 	C:\WINDOWS\System32\IMM32.DLL
0x00007fff7a390000 - 0x00007fff7a614000 	C:\WINDOWS\WinSxS\amd64_microsoft.windows.common-controls_6595b64144ccf1df_6.0.18362.836_none_e6c4b943130f18ed\COMCTL32.dll
0x00007fff7e470000 - 0x00007fff7e47a000 	C:\WINDOWS\SYSTEM32\VERSION.dll
0x00007fff7ef70000 - 0x00007fff7ef86000 	C:\Program Files\Java\jdk-11.0.7\bin\vcruntime140.dll
0x00007fff5fb00000 - 0x00007fff5fbaa000 	C:\Program Files\Java\jdk-11.0.7\bin\msvcp140.dll
0x00007fff48350000 - 0x00007fff48eb1000 	C:\Program Files\Java\jdk-11.0.7\bin\server\jvm.dll
0x00007fff89360000 - 0x00007fff89368000 	C:\WINDOWS\System32\PSAPI.DLL
0x00007fff83f30000 - 0x00007fff83f54000 	C:\WINDOWS\SYSTEM32\WINMM.dll
0x00007fff83f00000 - 0x00007fff83f2d000 	C:\WINDOWS\SYSTEM32\WINMMBASE.dll
0x00007fff88690000 - 0x00007fff886da000 	C:\WINDOWS\System32\cfgmgr32.dll
0x00007fff783f0000 - 0x00007fff783f9000 	C:\WINDOWS\SYSTEM32\WSOCK32.dll
0x00007fff89ba0000 - 0x00007fff89c0f000 	C:\WINDOWS\System32\WS2_32.dll
0x00007fff80200000 - 0x00007fff80211000 	C:\Program Files\Java\jdk-11.0.7\bin\verify.dll
0x00007fff860d0000 - 0x00007fff862c4000 	C:\WINDOWS\SYSTEM32\DBGHELP.DLL
0x00007fff79080000 - 0x00007fff790aa000 	C:\WINDOWS\SYSTEM32\dbgcore.DLL
0x00007fff7ec90000 - 0x00007fff7ecb9000 	C:\Program Files\Java\jdk-11.0.7\bin\java.dll
0x00007fff84020000 - 0x00007fff8402a000 	C:\Program Files\Java\jdk-11.0.7\bin\jimage.dll
0x00007fff7fe60000 - 0x00007fff7fe76000 	C:\Program Files\Java\jdk-11.0.7\bin\zip.dll
0x00007fff89370000 - 0x00007fff89a54000 	C:\WINDOWS\System32\SHELL32.dll
0x00007fff87f10000 - 0x00007fff8868e000 	C:\WINDOWS\System32\windows.storage.dll
0x00007fff877f0000 - 0x00007fff87813000 	C:\WINDOWS\System32\profapi.dll
0x00007fff87820000 - 0x00007fff8786a000 	C:\WINDOWS\System32\powrprof.dll
0x00007fff877a0000 - 0x00007fff877b0000 	C:\WINDOWS\System32\UMPDC.dll
0x00007fff87970000 - 0x00007fff87987000 	C:\WINDOWS\System32\cryptsp.dll
0x00007fff7fe20000 - 0x00007fff7fe39000 	C:\Program Files\Java\jdk-11.0.7\bin\net.dll
0x00007fff7c1c0000 - 0x00007fff7c2b0000 	C:\WINDOWS\SYSTEM32\WINHTTP.dll
0x00007fff87010000 - 0x00007fff87077000 	C:\WINDOWS\system32\mswsock.dll
0x00007fff7ec70000 - 0x00007fff7ec83000 	C:\Program Files\Java\jdk-11.0.7\bin\nio.dll
0x00007fff82530000 - 0x00007fff82539000 	C:\Program Files\Java\jdk-11.0.7\bin\management.dll
0x00007fff802c0000 - 0x00007fff802cc000 	C:\Program Files\Java\jdk-11.0.7\bin\management_ext.dll
0x00007fff6e2a0000 - 0x00007fff6e2b6000 	C:\WINDOWS\system32\napinsp.dll
0x00007fff6e280000 - 0x00007fff6e29a000 	C:\WINDOWS\system32\pnrpnsp.dll
0x00007fff86d60000 - 0x00007fff86e2b000 	C:\WINDOWS\SYSTEM32\DNSAPI.dll
0x00007fff89f30000 - 0x00007fff89f38000 	C:\WINDOWS\System32\NSI.dll
0x00007fff6e270000 - 0x00007fff6e27e000 	C:\WINDOWS\System32\winrnr.dll
0x00007fff82470000 - 0x00007fff8248c000 	C:\WINDOWS\system32\NLAapi.dll
0x00007fff82380000 - 0x00007fff82395000 	C:\WINDOWS\system32\wshbth.dll
0x00007fff7fa80000 - 0x00007fff7fa8a000 	C:\Windows\System32\rasadhlp.dll
0x00007fff7bd20000 - 0x00007fff7bd97000 	C:\WINDOWS\System32\fwpuclnt.dll
0x00007fff86b80000 - 0x00007fff86bb3000 	C:\WINDOWS\system32\rsaenh.dll
0x00007fff876c0000 - 0x00007fff876e5000 	C:\WINDOWS\SYSTEM32\USERENV.dll
0x00007fff871e0000 - 0x00007fff871ec000 	C:\WINDOWS\SYSTEM32\CRYPTBASE.dll
0x00007fff7be00000 - 0x00007fff7be16000 	C:\WINDOWS\SYSTEM32\dhcpcsvc6.DLL
0x00007fff7c1a0000 - 0x00007fff7c1bc000 	C:\WINDOWS\SYSTEM32\dhcpcsvc.DLL
0x00007fff7e840000 - 0x00007fff7e84e000 	C:\Program Files\Java\jdk-11.0.7\bin\sunmscapi.dll
0x00007fff88760000 - 0x00007fff888a9000 	C:\WINDOWS\System32\CRYPT32.dll
0x00007fff877d0000 - 0x00007fff877e2000 	C:\WINDOWS\System32\MSASN1.dll
0x00007fff872e0000 - 0x00007fff87306000 	C:\WINDOWS\SYSTEM32\ncrypt.dll
0x00007fff872a0000 - 0x00007fff872db000 	C:\WINDOWS\SYSTEM32\NTASN1.dll
0x00007fff7ecc0000 - 0x00007fff7ece6000 	C:\Program Files\Java\jdk-11.0.7\bin\sunec.dll

dbghelp: loaded successfully - version: 4.0.5 - missing functions: none
symbol engine: initialized successfully - sym options: 0x614 - pdb path: .;C:\Program Files\Java\jdk-11.0.7\bin;C:\WINDOWS\SYSTEM32;C:\WINDOWS\WinSxS\amd64_microsoft.windows.common-controls_6595b64144ccf1df_6.0.18362.836_none_e6c4b943130f18ed;C:\Program Files\Java\jdk-11.0.7\bin\server

VM Arguments:
jvm_args: -Dcom.sun.management.jmxremote -Dcom.sun.management.jmxremote.port=62964 -Dcom.sun.management.jmxremote.authenticate=false -Dcom.sun.management.jmxremote.ssl=false -Djava.rmi.server.hostname=localhost -Dspring.jmx.enabled=true -Dspring.application.admin.enabled=true -Xverify:none -XX:TieredStopAtLevel=1 -Dspring.boot.project.name=proj_spring_ionic -Dfile.encoding=UTF-8 
java_command: com.devalex.spring_ionic.ProjSpringIonicApplication --spring.output.ansi.enabled=always
java_class_path (initial): C:\temp\ws-sts\proj_spring_ionic\target\classes;C:\Users\alexm\.m2\repository\org\springframework\boot\spring-boot-starter-web\2.2.7.RELEASE\spring-boot-starter-web-2.2.7.RELEASE.jar;C:\Users\alexm\.m2\repository\org\springframework\boot\spring-boot-starter\2.2.7.RELEASE\spring-boot-starter-2.2.7.RELEASE.jar;C:\Users\alexm\.m2\repository\org\springframework\boot\spring-boot-starter-logging\2.2.7.RELEASE\spring-boot-starter-logging-2.2.7.RELEASE.jar;C:\Users\alexm\.m2\repository\ch\qos\logback\logback-classic\1.2.3\logback-classic-1.2.3.jar;C:\Users\alexm\.m2\repository\ch\qos\logback\logback-core\1.2.3\logback-core-1.2.3.jar;C:\Users\alexm\.m2\repository\org\apache\logging\log4j\log4j-to-slf4j\2.12.1\log4j-to-slf4j-2.12.1.jar;C:\Users\alexm\.m2\repository\org\apache\logging\log4j\log4j-api\2.12.1\log4j-api-2.12.1.jar;C:\Users\alexm\.m2\repository\org\slf4j\jul-to-slf4j\1.7.30\jul-to-slf4j-1.7.30.jar;C:\Users\alexm\.m2\repository\jakarta\annotation\jakarta.annotation-api\1.3.5\jakarta.annotation-api-1.3.5.jar;C:\Users\alexm\.m2\repository\org\yaml\snakeyaml\1.25\snakeyaml-1.25.jar;C:\Users\alexm\.m2\repository\org\springframework\boot\spring-boot-starter-json\2.2.7.RELEASE\spring-boot-starter-json-2.2.7.RELEASE.jar;C:\Users\alexm\.m2\repository\com\fasterxml\jackson\datatype\jackson-datatype-jdk8\2.10.4\jackson-datatype-jdk8-2.10.4.jar;C:\Users\alexm\.m2\repository\com\fasterxml\jackson\datatype\jackson-datatype-jsr310\2.10.4\jackson-datatype-jsr310-2.10.4.jar;C:\Users\alexm\.m2\repository\com\fasterxml\jackson\module\jackson-module-parameter-names\2.10.4\jackson-module-parameter-names-2.10.4.jar;C:\Users\alexm\.m2\repository\org\springframework\boot\spring-boot-starter-tomcat\2.2.7.RELEASE\spring-boot-starter-tomcat-2.2.7.RELEASE.jar;C:\Users\alexm\.m2\repository\org\apache\tomcat\embed\tomcat-embed-core\9.0.34\tomcat-embed-core-9.0.34.jar;C:\Users\alexm\.m2\repository\org\apache\tomcat\embed\tomcat-embed-el\9.0.34\tomcat-embed-el-9.0.34
Launcher Type: SUN_STANDARD

[Global flags]
     bool BytecodeVerificationLocal                = false                                     {product} {command line}
     bool BytecodeVerificationRemote               = false                                     {product} {command line}
     intx CICompilerCount                          = 3                                         {product} {ergonomic}
     uint ConcGCThreads                            = 1                                         {product} {ergonomic}
     uint G1ConcRefinementThreads                  = 4                                         {product} {ergonomic}
   size_t G1HeapRegionSize                         = 1048576                                   {product} {ergonomic}
    uintx GCDrainStackTargetSize                   = 64                                        {product} {ergonomic}
   size_t InitialHeapSize                          = 134217728                                 {product} {ergonomic}
     bool ManagementServer                         = true                                      {product} {command line}
   size_t MarkStackSize                            = 4194304                                   {product} {ergonomic}
   size_t MaxHeapSize                              = 2118123520                                {product} {ergonomic}
   size_t MaxNewSize                               = 1270874112                                {product} {ergonomic}
   size_t MinHeapDeltaBytes                        = 1048576                                   {product} {ergonomic}
    uintx NonNMethodCodeHeapSize                   = 6973028                                {pd product} {ergonomic}
    uintx NonProfiledCodeHeapSize                  = 244685212                              {pd product} {ergonomic}
    uintx ProfiledCodeHeapSize                     = 0                                      {pd product} {ergonomic}
    uintx ReservedCodeCacheSize                    = 251658240                              {pd product} {ergonomic}
     bool SegmentedCodeCache                       = true                                      {product} {ergonomic}
     intx TieredStopAtLevel                        = 1                                         {product} {command line}
     bool UseCompressedClassPointers               = true                                 {lp64_product} {ergonomic}
     bool UseCompressedOops                        = true                                 {lp64_product} {ergonomic}
     bool UseG1GC                                  = true                                      {product} {ergonomic}
     bool UseLargePagesIndividualAllocation        = false                                  {pd product} {ergonomic}

Logging:
Log output configuration:
 #0: stdout all=warning uptime,level,tags
 #1: stderr all=off uptime,level,tags

Environment Variables:
JAVA_HOME=C:\Program Files\Java\jdk-11.0.7
PATH=C:/Program Files/Java/jdk-11.0.7/bin/server;C:/Program Files/Java/jdk-11.0.7/bin;C:\Program Files (x86)\Intel\Intel(R) Management Engine Components\iCLS\;C:\Program Files\Intel\Intel(R) Management Engine Components\iCLS\;C:\WINDOWS\system32;C:\WINDOWS;C:\WINDOWS\System32\Wbem;C:\WINDOWS\System32\WindowsPowerShell\v1.0\;C:\WINDOWS\System32\OpenSSH\;C:\Program Files (x86)\Intel\Intel(R) Management Engine Components\DAL;C:\Program Files\Intel\Intel(R) Management Engine Components\DAL;C:\Program Files (x86)\Intel\Intel(R) Management Engine Components\IPT;C:\Program Files\Intel\Intel(R) Management Engine Components\IPT;C:\Program Files\Git\cmd;C:\Program Files\MongoDB\Server\4.2\bin;C:\Program Files\Java\jdk-11.0.7\bin;C:\xampp\mysql\bin;C:\Program Files\MySQL\MySQL Shell 8.0\bin\;C:\Users\alexm\AppData\Local\Microsoft\WindowsApps;C:\Program Files\heroku\bin;C:\Users\alexm\Documents\sts-4.6.1.RELEASE;
USERNAME=alexm
OS=Windows_NT
PROCESSOR_IDENTIFIER=Intel64 Family 6 Model 142 Stepping 9, GenuineIntel



---------------  S Y S T E M  ---------------

OS: Windows 10 , 64 bit Build 18362 (10.0.18362.778)

CPU:total 4 (initial active 4) (2 cores per cpu, 2 threads per core) family 6 model 142 stepping 9, cmov, cx8, fxsr, mmx, sse, sse2, sse3, ssse3, sse4.1, sse4.2, popcnt, avx, avx2, aes, clmul, erms, 3dnowpref, lzcnt, ht, tsc, tscinvbit, bmi1, bmi2, adx, fma

Memory: 4k page, system-wide physical 8075M (1238M free)
TotalPageFile size 15811M (AvailPageFile size 2362M)
current process WorkingSet (physical memory assigned to process): 290M, peak: 290M
current process commit charge ("private bytes"): 369M, peak: 369M

vm_info: Java HotSpot(TM) 64-Bit Server VM (11.0.7+8-LTS) for windows-amd64 JRE (11.0.7+8-LTS), built on Mar 12 2020 02:04:32 by "mach5one" with MS VC++ 15.5 (VS2017)

END.
