#
# A fatal error has been detected by the Java Runtime Environment:
#
#  Internal Error (./open/src/hotspot/share/runtime/signature.cpp:53), pid=72684, tid=70212
#  fatal error: expecting (
#
# JRE version: Java(TM) SE Runtime Environment 18.9 (11.0.7+8) (build 11.0.7+8-LTS)
# Java VM: Java HotSpot(TM) 64-Bit Server VM 18.9 (11.0.7+8-LTS, mixed mode, tiered, compressed oops, g1 gc, windows-amd64)
# No core dump will be written. Minidumps are not enabled by default on client versions of Windows
#
# If you would like to submit a bug report, please visit:
#   https://bugreport.java.com/bugreport/crash.jsp
#

---------------  S U M M A R Y ------------

Command Line: -Dcom.sun.management.jmxremote -Dcom.sun.management.jmxremote.port=63101 -Dcom.sun.management.jmxremote.authenticate=false -Dcom.sun.management.jmxremote.ssl=false -Djava.rmi.server.hostname=localhost -Dspring.jmx.enabled=true -Dspring.application.admin.enabled=true -Xverify:none -XX:TieredStopAtLevel=1 -Dspring.boot.project.name=proj_spring_ionic -Dfile.encoding=UTF-8 com.devalex.spring_ionic.ProjSpringIonicApplication --spring.output.ansi.enabled=always

Host: Intel(R) Core(TM) i3-7020U CPU @ 2.30GHz, 4 cores, 7G,  Windows 10 , 64 bit Build 18362 (10.0.18362.778)
Time: Tue Jun  9 13:08:07 2020 Hora oficial do Brasil elapsed time: 2 seconds (0d 0h 0m 2s)

---------------  T H R E A D  ---------------

Current thread (0x000001437b590000):  JavaThread "main" [_thread_in_vm, id=70212, stack(0x00000015c2400000,0x00000015c2500000)]

Stack: [0x00000015c2400000,0x00000015c2500000]
Native frames: (J=compiled Java code, j=interpreted, Vv=VM code, C=native code)
V  [jvm.dll+0x661a7a]
V  [jvm.dll+0x7a1b2f]
V  [jvm.dll+0x7a31d5]
V  [jvm.dll+0x7a37f7]
V  [jvm.dll+0x25ef54]
V  [jvm.dll+0x6e54d7]
V  [jvm.dll+0x2e3a20]
V  [jvm.dll+0x38cfcf]
V  [jvm.dll+0x38c7c3]
C  0x000001430834d9ee

Java frames: (J=compiled Java code, j=interpreted, Vv=VM code)
j  org.springframework.boot.SpringApplication.getSpringFactoriesInstances(Ljava/lang/Class;[Ljava/lang/Class;[Ljava/lang/Object;)Ljava/util/Collection;+29
j  org.springframework.boot.SpringApplication.getSpringFactoriesInstances(Ljava/lang/Class;)Ljava/util/Collection;+10
j  org.springframework.boot.SpringApplication.<init>(Lorg/springframework/core/io/ResourceLoader;[Ljava/lang/Class;)V+105
j  org.springframework.boot.SpringApplication.<init>([Ljava/lang/Class;)V+3
j  org.springframework.boot.SpringApplication.run([Ljava/lang/Class;[Ljava/lang/String;)Lorg/springframework/context/ConfigurableApplicationContext;+5
j  org.springframework.boot.SpringApplication.run(Ljava/lang/Class;[Ljava/lang/String;)Lorg/springframework/context/ConfigurableApplicationContext;+9
j  com.devalex.spring_ionic.ProjSpringIonicApplication.main([Ljava/lang/String;)V+3
v  ~StubRoutines::call_stub

---------------  P R O C E S S  ---------------

Threads class SMR info:
_java_thread_list=0x000001431b87d570, length=14, elements={
0x000001437b590000, 0x000001437e6f5000, 0x000001437e6ee000, 0x000001437e6f1800,
0x000001437f067800, 0x000001437f068800, 0x000001437f06e800, 0x000001437f200800,
0x000001437f294800, 0x000001431b75b800, 0x000001431b75e000, 0x000001431b7dd800,
0x000001431b8a8800, 0x000001431bb40800
}

Java Threads: ( => current thread )
=>0x000001437b590000 JavaThread "main" [_thread_in_vm, id=70212, stack(0x00000015c2400000,0x00000015c2500000)]
  0x000001437e6f5000 JavaThread "Reference Handler" daemon [_thread_blocked, id=71084, stack(0x00000015c2b00000,0x00000015c2c00000)]
  0x000001437e6ee000 JavaThread "Finalizer" daemon [_thread_blocked, id=68616, stack(0x00000015c2c00000,0x00000015c2d00000)]
  0x000001437e6f1800 JavaThread "Signal Dispatcher" daemon [_thread_blocked, id=71660, stack(0x00000015c2d00000,0x00000015c2e00000)]
  0x000001437f067800 JavaThread "Attach Listener" daemon [_thread_blocked, id=71964, stack(0x00000015c2e00000,0x00000015c2f00000)]
  0x000001437f068800 JavaThread "C1 CompilerThread0" daemon [_thread_blocked, id=63104, stack(0x00000015c2f00000,0x00000015c3000000)]
  0x000001437f06e800 JavaThread "Sweeper thread" daemon [_thread_blocked, id=64992, stack(0x00000015c3000000,0x00000015c3100000)]
  0x000001437f200800 JavaThread "Common-Cleaner" daemon [_thread_blocked, id=68404, stack(0x00000015c3100000,0x00000015c3200000)]
  0x000001437f294800 JavaThread "Service Thread" daemon [_thread_blocked, id=72308, stack(0x00000015c3200000,0x00000015c3300000)]
  0x000001431b75b800 JavaThread "RMI TCP Accept-0" daemon [_thread_in_native, id=69040, stack(0x00000015c3500000,0x00000015c3600000)]
  0x000001431b75e000 JavaThread "RMI TCP Accept-63101" daemon [_thread_in_native, id=72632, stack(0x00000015c3600000,0x00000015c3700000)]
  0x000001431b7dd800 JavaThread "RMI TCP Accept-0" daemon [_thread_in_native, id=61868, stack(0x00000015c3700000,0x00000015c3800000)]
  0x000001431b8a8800 JavaThread "RMI TCP Connection(1)-127.0.0.1" daemon [_thread_in_native, id=67960, stack(0x00000015c3900000,0x00000015c3a00000)]
  0x000001431bb40800 JavaThread "RMI Scheduler(0)" daemon [_thread_in_vm, id=70372, stack(0x00000015c3a00000,0x00000015c3b00000)]

Other Threads:
  0x000001437e6bc800 VMThread "VM Thread" [stack: 0x00000015c2a00000,0x00000015c2b00000] [id=72344]
  0x000001431b7ea000 WatcherThread [stack: 0x00000015c3800000,0x00000015c3900000] [id=70444]
  0x000001437b5a6800 GCTaskThread "GC Thread#0" [stack: 0x00000015c2500000,0x00000015c2600000] [id=64100]
  0x000001437f417800 GCTaskThread "GC Thread#1" [stack: 0x00000015c3300000,0x00000015c3400000] [id=71664]
  0x000001431b2c8800 GCTaskThread "GC Thread#2" [stack: 0x00000015c3400000,0x00000015c3500000] [id=71036]
  0x000001437b5d7000 ConcurrentGCThread "G1 Main Marker" [stack: 0x00000015c2600000,0x00000015c2700000] [id=70252]
  0x000001437b5d8800 ConcurrentGCThread "G1 Conc#0" [stack: 0x00000015c2700000,0x00000015c2800000] [id=72360]
  0x000001437e52a800 ConcurrentGCThread "G1 Refine#0" [stack: 0x00000015c2800000,0x00000015c2900000] [id=68340]
  0x000001437e52b800 ConcurrentGCThread "G1 Young RemSet Sampling" [stack: 0x00000015c2900000,0x00000015c2a00000] [id=63676]

Threads with active compile tasks:

VM state:not at safepoint (normal execution)

VM Mutex/Monitor currently owned by a thread: None

Heap address: 0x0000000081c00000, size: 2020 MB, Compressed Oops mode: 32-bit
Narrow klass base: 0x0000000000000000, Narrow klass shift: 3
Compressed class space size: 1073741824 Address: 0x0000000100000000

Heap:
 garbage-first heap   total 131072K, used 26505K [0x0000000081c00000, 0x0000000100000000)
  region size 1024K, 12 young (12288K), 2 survivors (2048K)
 Metaspace       used 13891K, capacity 14313K, committed 14464K, reserved 1062912K
  class space    used 1471K, capacity 1628K, committed 1664K, reserved 1048576K
Heap Regions: E=young(eden), S=young(survivor), O=old, HS=humongous(starts), HC=humongous(continues), CS=collection set, F=free, A=archive, TAMS=top-at-mark-start (previous, next)
|   0|0x0000000081c00000, 0x0000000081d00000, 0x0000000081d00000|100%|HS|  |TAMS 0x0000000081c00000, 0x0000000081c00000| Complete 
|   1|0x0000000081d00000, 0x0000000081e00000, 0x0000000081e00000|100%| O|  |TAMS 0x0000000081d00000, 0x0000000081d00000| Untracked 
|   2|0x0000000081e00000, 0x0000000081f00000, 0x0000000081f00000|100%| O|  |TAMS 0x0000000081e00000, 0x0000000081e00000| Untracked 
|   3|0x0000000081f00000, 0x0000000082000000, 0x0000000082000000|100%| O|  |TAMS 0x0000000081f00000, 0x0000000081f00000| Untracked 
|   4|0x0000000082000000, 0x0000000082100000, 0x0000000082100000|100%| O|  |TAMS 0x0000000082000000, 0x0000000082000000| Untracked 
|   5|0x0000000082100000, 0x0000000082200000, 0x0000000082200000|100%| O|  |TAMS 0x0000000082100000, 0x0000000082100000| Untracked 
|   6|0x0000000082200000, 0x0000000082300000, 0x0000000082300000|100%| O|  |TAMS 0x0000000082200000, 0x0000000082200000| Untracked 
|   7|0x0000000082300000, 0x0000000082400000, 0x0000000082400000|100%| O|  |TAMS 0x0000000082300000, 0x0000000082300000| Untracked 
|   8|0x0000000082400000, 0x0000000082500000, 0x0000000082500000|100%| O|  |TAMS 0x0000000082400000, 0x0000000082400000| Untracked 
|   9|0x0000000082500000, 0x0000000082600000, 0x0000000082600000|100%| O|  |TAMS 0x0000000082500000, 0x0000000082500000| Untracked 
|  10|0x0000000082600000, 0x0000000082700000, 0x0000000082700000|100%| O|  |TAMS 0x0000000082600000, 0x0000000082600000| Untracked 
|  11|0x0000000082700000, 0x0000000082800000, 0x0000000082800000|100%| O|  |TAMS 0x0000000082700000, 0x0000000082700000| Untracked 
|  12|0x0000000082800000, 0x0000000082900000, 0x0000000082900000|100%| O|  |TAMS 0x0000000082800000, 0x0000000082800000| Untracked 
|  13|0x0000000082900000, 0x0000000082a00000, 0x0000000082a00000|100%| O|  |TAMS 0x0000000082900000, 0x0000000082900000| Untracked 
|  14|0x0000000082a00000, 0x0000000082b00000, 0x0000000082b00000|100%| O|  |TAMS 0x0000000082a00000, 0x0000000082a00000| Untracked 
|  15|0x0000000082b00000, 0x0000000082be2600, 0x0000000082c00000| 88%| O|  |TAMS 0x0000000082b00000, 0x0000000082b00000| Untracked 
|  16|0x0000000082c00000, 0x0000000082c00000, 0x0000000082d00000|  0%| F|  |TAMS 0x0000000082c00000, 0x0000000082c00000| Untracked 
|  17|0x0000000082d00000, 0x0000000082d00000, 0x0000000082e00000|  0%| F|  |TAMS 0x0000000082d00000, 0x0000000082d00000| Untracked 
|  18|0x0000000082e00000, 0x0000000082e00000, 0x0000000082f00000|  0%| F|  |TAMS 0x0000000082e00000, 0x0000000082e00000| Untracked 
|  19|0x0000000082f00000, 0x0000000082f00000, 0x0000000083000000|  0%| F|  |TAMS 0x0000000082f00000, 0x0000000082f00000| Untracked 
|  20|0x0000000083000000, 0x0000000083000000, 0x0000000083100000|  0%| F|  |TAMS 0x0000000083000000, 0x0000000083000000| Untracked 
|  21|0x0000000083100000, 0x0000000083100000, 0x0000000083200000|  0%| F|  |TAMS 0x0000000083100000, 0x0000000083100000| Untracked 
|  22|0x0000000083200000, 0x0000000083200000, 0x0000000083300000|  0%| F|  |TAMS 0x0000000083200000, 0x0000000083200000| Untracked 
|  23|0x0000000083300000, 0x0000000083300000, 0x0000000083400000|  0%| F|  |TAMS 0x0000000083300000, 0x0000000083300000| Untracked 
|  24|0x0000000083400000, 0x0000000083400000, 0x0000000083500000|  0%| F|  |TAMS 0x0000000083400000, 0x0000000083400000| Untracked 
|  25|0x0000000083500000, 0x0000000083500000, 0x0000000083600000|  0%| F|  |TAMS 0x0000000083500000, 0x0000000083500000| Untracked 
|  26|0x0000000083600000, 0x0000000083600000, 0x0000000083700000|  0%| F|  |TAMS 0x0000000083600000, 0x0000000083600000| Untracked 
|  27|0x0000000083700000, 0x0000000083700000, 0x0000000083800000|  0%| F|  |TAMS 0x0000000083700000, 0x0000000083700000| Untracked 
|  28|0x0000000083800000, 0x0000000083800000, 0x0000000083900000|  0%| F|  |TAMS 0x0000000083800000, 0x0000000083800000| Untracked 
|  29|0x0000000083900000, 0x0000000083900000, 0x0000000083a00000|  0%| F|  |TAMS 0x0000000083900000, 0x0000000083900000| Untracked 
|  30|0x0000000083a00000, 0x0000000083a00000, 0x0000000083b00000|  0%| F|  |TAMS 0x0000000083a00000, 0x0000000083a00000| Untracked 
|  31|0x0000000083b00000, 0x0000000083b00000, 0x0000000083c00000|  0%| F|  |TAMS 0x0000000083b00000, 0x0000000083b00000| Untracked 
|  32|0x0000000083c00000, 0x0000000083c00000, 0x0000000083d00000|  0%| F|  |TAMS 0x0000000083c00000, 0x0000000083c00000| Untracked 
|  33|0x0000000083d00000, 0x0000000083d00000, 0x0000000083e00000|  0%| F|  |TAMS 0x0000000083d00000, 0x0000000083d00000| Untracked 
|  34|0x0000000083e00000, 0x0000000083e00000, 0x0000000083f00000|  0%| F|  |TAMS 0x0000000083e00000, 0x0000000083e00000| Untracked 
|  35|0x0000000083f00000, 0x0000000083f00000, 0x0000000084000000|  0%| F|  |TAMS 0x0000000083f00000, 0x0000000083f00000| Untracked 
|  36|0x0000000084000000, 0x0000000084000000, 0x0000000084100000|  0%| F|  |TAMS 0x0000000084000000, 0x0000000084000000| Untracked 
|  37|0x0000000084100000, 0x0000000084100000, 0x0000000084200000|  0%| F|  |TAMS 0x0000000084100000, 0x0000000084100000| Untracked 
|  38|0x0000000084200000, 0x0000000084200000, 0x0000000084300000|  0%| F|  |TAMS 0x0000000084200000, 0x0000000084200000| Untracked 
|  39|0x0000000084300000, 0x0000000084300000, 0x0000000084400000|  0%| F|  |TAMS 0x0000000084300000, 0x0000000084300000| Untracked 
|  40|0x0000000084400000, 0x0000000084400000, 0x0000000084500000|  0%| F|  |TAMS 0x0000000084400000, 0x0000000084400000| Untracked 
|  41|0x0000000084500000, 0x0000000084500000, 0x0000000084600000|  0%| F|  |TAMS 0x0000000084500000, 0x0000000084500000| Untracked 
|  42|0x0000000084600000, 0x0000000084600000, 0x0000000084700000|  0%| F|  |TAMS 0x0000000084600000, 0x0000000084600000| Untracked 
|  43|0x0000000084700000, 0x0000000084700000, 0x0000000084800000|  0%| F|  |TAMS 0x0000000084700000, 0x0000000084700000| Untracked 
|  44|0x0000000084800000, 0x0000000084800000, 0x0000000084900000|  0%| F|  |TAMS 0x0000000084800000, 0x0000000084800000| Untracked 
|  45|0x0000000084900000, 0x0000000084900000, 0x0000000084a00000|  0%| F|  |TAMS 0x0000000084900000, 0x0000000084900000| Untracked 
|  46|0x0000000084a00000, 0x0000000084a00000, 0x0000000084b00000|  0%| F|  |TAMS 0x0000000084a00000, 0x0000000084a00000| Untracked 
|  47|0x0000000084b00000, 0x0000000084b00000, 0x0000000084c00000|  0%| F|  |TAMS 0x0000000084b00000, 0x0000000084b00000| Untracked 
|  48|0x0000000084c00000, 0x0000000084c00000, 0x0000000084d00000|  0%| F|  |TAMS 0x0000000084c00000, 0x0000000084c00000| Untracked 
|  49|0x0000000084d00000, 0x0000000084d00000, 0x0000000084e00000|  0%| F|  |TAMS 0x0000000084d00000, 0x0000000084d00000| Untracked 
|  50|0x0000000084e00000, 0x0000000084e00000, 0x0000000084f00000|  0%| F|  |TAMS 0x0000000084e00000, 0x0000000084e00000| Untracked 
|  51|0x0000000084f00000, 0x0000000084f00000, 0x0000000085000000|  0%| F|  |TAMS 0x0000000084f00000, 0x0000000084f00000| Untracked 
|  52|0x0000000085000000, 0x0000000085000000, 0x0000000085100000|  0%| F|  |TAMS 0x0000000085000000, 0x0000000085000000| Untracked 
|  53|0x0000000085100000, 0x0000000085100000, 0x0000000085200000|  0%| F|  |TAMS 0x0000000085100000, 0x0000000085100000| Untracked 
|  54|0x0000000085200000, 0x0000000085200000, 0x0000000085300000|  0%| F|  |TAMS 0x0000000085200000, 0x0000000085200000| Untracked 
|  55|0x0000000085300000, 0x0000000085300000, 0x0000000085400000|  0%| F|  |TAMS 0x0000000085300000, 0x0000000085300000| Untracked 
|  56|0x0000000085400000, 0x0000000085400000, 0x0000000085500000|  0%| F|  |TAMS 0x0000000085400000, 0x0000000085400000| Untracked 
|  57|0x0000000085500000, 0x0000000085500000, 0x0000000085600000|  0%| F|  |TAMS 0x0000000085500000, 0x0000000085500000| Untracked 
|  58|0x0000000085600000, 0x0000000085600000, 0x0000000085700000|  0%| F|  |TAMS 0x0000000085600000, 0x0000000085600000| Untracked 
|  59|0x0000000085700000, 0x0000000085700000, 0x0000000085800000|  0%| F|  |TAMS 0x0000000085700000, 0x0000000085700000| Untracked 
|  60|0x0000000085800000, 0x0000000085800000, 0x0000000085900000|  0%| F|  |TAMS 0x0000000085800000, 0x0000000085800000| Untracked 
|  61|0x0000000085900000, 0x0000000085900000, 0x0000000085a00000|  0%| F|  |TAMS 0x0000000085900000, 0x0000000085900000| Untracked 
|  62|0x0000000085a00000, 0x0000000085a00000, 0x0000000085b00000|  0%| F|  |TAMS 0x0000000085a00000, 0x0000000085a00000| Untracked 
|  63|0x0000000085b00000, 0x0000000085b00000, 0x0000000085c00000|  0%| F|  |TAMS 0x0000000085b00000, 0x0000000085b00000| Untracked 
|  64|0x0000000085c00000, 0x0000000085c00000, 0x0000000085d00000|  0%| F|  |TAMS 0x0000000085c00000, 0x0000000085c00000| Untracked 
|  65|0x0000000085d00000, 0x0000000085d00000, 0x0000000085e00000|  0%| F|  |TAMS 0x0000000085d00000, 0x0000000085d00000| Untracked 
|  66|0x0000000085e00000, 0x0000000085e00000, 0x0000000085f00000|  0%| F|  |TAMS 0x0000000085e00000, 0x0000000085e00000| Untracked 
|  67|0x0000000085f00000, 0x0000000085f00000, 0x0000000086000000|  0%| F|  |TAMS 0x0000000085f00000, 0x0000000085f00000| Untracked 
|  68|0x0000000086000000, 0x0000000086000000, 0x0000000086100000|  0%| F|  |TAMS 0x0000000086000000, 0x0000000086000000| Untracked 
|  69|0x0000000086100000, 0x0000000086100000, 0x0000000086200000|  0%| F|  |TAMS 0x0000000086100000, 0x0000000086100000| Untracked 
|  70|0x0000000086200000, 0x0000000086200000, 0x0000000086300000|  0%| F|  |TAMS 0x0000000086200000, 0x0000000086200000| Untracked 
|  71|0x0000000086300000, 0x0000000086300000, 0x0000000086400000|  0%| F|  |TAMS 0x0000000086300000, 0x0000000086300000| Untracked 
|  72|0x0000000086400000, 0x0000000086400000, 0x0000000086500000|  0%| F|  |TAMS 0x0000000086400000, 0x0000000086400000| Untracked 
|  73|0x0000000086500000, 0x0000000086500000, 0x0000000086600000|  0%| F|  |TAMS 0x0000000086500000, 0x0000000086500000| Untracked 
|  74|0x0000000086600000, 0x0000000086600000, 0x0000000086700000|  0%| F|  |TAMS 0x0000000086600000, 0x0000000086600000| Untracked 
|  75|0x0000000086700000, 0x0000000086700000, 0x0000000086800000|  0%| F|  |TAMS 0x0000000086700000, 0x0000000086700000| Untracked 
|  76|0x0000000086800000, 0x0000000086800000, 0x0000000086900000|  0%| F|  |TAMS 0x0000000086800000, 0x0000000086800000| Untracked 
|  77|0x0000000086900000, 0x0000000086900000, 0x0000000086a00000|  0%| F|  |TAMS 0x0000000086900000, 0x0000000086900000| Untracked 
|  78|0x0000000086a00000, 0x0000000086a00000, 0x0000000086b00000|  0%| F|  |TAMS 0x0000000086a00000, 0x0000000086a00000| Untracked 
|  79|0x0000000086b00000, 0x0000000086b00000, 0x0000000086c00000|  0%| F|  |TAMS 0x0000000086b00000, 0x0000000086b00000| Untracked 
|  80|0x0000000086c00000, 0x0000000086c00000, 0x0000000086d00000|  0%| F|  |TAMS 0x0000000086c00000, 0x0000000086c00000| Untracked 
|  81|0x0000000086d00000, 0x0000000086d00000, 0x0000000086e00000|  0%| F|  |TAMS 0x0000000086d00000, 0x0000000086d00000| Untracked 
|  82|0x0000000086e00000, 0x0000000086e00000, 0x0000000086f00000|  0%| F|  |TAMS 0x0000000086e00000, 0x0000000086e00000| Untracked 
|  83|0x0000000086f00000, 0x0000000086f00000, 0x0000000087000000|  0%| F|  |TAMS 0x0000000086f00000, 0x0000000086f00000| Untracked 
|  84|0x0000000087000000, 0x0000000087000000, 0x0000000087100000|  0%| F|  |TAMS 0x0000000087000000, 0x0000000087000000| Untracked 
|  85|0x0000000087100000, 0x0000000087100000, 0x0000000087200000|  0%| F|  |TAMS 0x0000000087100000, 0x0000000087100000| Untracked 
|  86|0x0000000087200000, 0x0000000087200000, 0x0000000087300000|  0%| F|  |TAMS 0x0000000087200000, 0x0000000087200000| Untracked 
|  87|0x0000000087300000, 0x0000000087300000, 0x0000000087400000|  0%| F|  |TAMS 0x0000000087300000, 0x0000000087300000| Untracked 
|  88|0x0000000087400000, 0x0000000087400000, 0x0000000087500000|  0%| F|  |TAMS 0x0000000087400000, 0x0000000087400000| Untracked 
|  89|0x0000000087500000, 0x0000000087500000, 0x0000000087600000|  0%| F|  |TAMS 0x0000000087500000, 0x0000000087500000| Untracked 
|  90|0x0000000087600000, 0x0000000087600000, 0x0000000087700000|  0%| F|  |TAMS 0x0000000087600000, 0x0000000087600000| Untracked 
|  91|0x0000000087700000, 0x0000000087700000, 0x0000000087800000|  0%| F|  |TAMS 0x0000000087700000, 0x0000000087700000| Untracked 
|  92|0x0000000087800000, 0x0000000087800000, 0x0000000087900000|  0%| F|  |TAMS 0x0000000087800000, 0x0000000087800000| Untracked 
|  93|0x0000000087900000, 0x0000000087900000, 0x0000000087a00000|  0%| F|  |TAMS 0x0000000087900000, 0x0000000087900000| Untracked 
|  94|0x0000000087a00000, 0x0000000087a00000, 0x0000000087b00000|  0%| F|  |TAMS 0x0000000087a00000, 0x0000000087a00000| Untracked 
|  95|0x0000000087b00000, 0x0000000087b00000, 0x0000000087c00000|  0%| F|  |TAMS 0x0000000087b00000, 0x0000000087b00000| Untracked 
|  96|0x0000000087c00000, 0x0000000087c00000, 0x0000000087d00000|  0%| F|  |TAMS 0x0000000087c00000, 0x0000000087c00000| Untracked 
|  97|0x0000000087d00000, 0x0000000087d00000, 0x0000000087e00000|  0%| F|  |TAMS 0x0000000087d00000, 0x0000000087d00000| Untracked 
|  98|0x0000000087e00000, 0x0000000087e00000, 0x0000000087f00000|  0%| F|  |TAMS 0x0000000087e00000, 0x0000000087e00000| Untracked 
|  99|0x0000000087f00000, 0x0000000087f00000, 0x0000000088000000|  0%| F|  |TAMS 0x0000000087f00000, 0x0000000087f00000| Untracked 
| 100|0x0000000088000000, 0x0000000088000000, 0x0000000088100000|  0%| F|  |TAMS 0x0000000088000000, 0x0000000088000000| Untracked 
| 101|0x0000000088100000, 0x0000000088100000, 0x0000000088200000|  0%| F|  |TAMS 0x0000000088100000, 0x0000000088100000| Untracked 
| 102|0x0000000088200000, 0x0000000088200000, 0x0000000088300000|  0%| F|  |TAMS 0x0000000088200000, 0x0000000088200000| Untracked 
| 103|0x0000000088300000, 0x0000000088300000, 0x0000000088400000|  0%| F|  |TAMS 0x0000000088300000, 0x0000000088300000| Untracked 
| 104|0x0000000088400000, 0x0000000088400000, 0x0000000088500000|  0%| F|  |TAMS 0x0000000088400000, 0x0000000088400000| Untracked 
| 105|0x0000000088500000, 0x0000000088500000, 0x0000000088600000|  0%| F|  |TAMS 0x0000000088500000, 0x0000000088500000| Untracked 
| 106|0x0000000088600000, 0x0000000088600000, 0x0000000088700000|  0%| F|  |TAMS 0x0000000088600000, 0x0000000088600000| Untracked 
| 107|0x0000000088700000, 0x0000000088700000, 0x0000000088800000|  0%| F|  |TAMS 0x0000000088700000, 0x0000000088700000| Untracked 
| 108|0x0000000088800000, 0x0000000088800000, 0x0000000088900000|  0%| F|  |TAMS 0x0000000088800000, 0x0000000088800000| Untracked 
| 109|0x0000000088900000, 0x0000000088900000, 0x0000000088a00000|  0%| F|  |TAMS 0x0000000088900000, 0x0000000088900000| Untracked 
| 110|0x0000000088a00000, 0x0000000088a00000, 0x0000000088b00000|  0%| F|  |TAMS 0x0000000088a00000, 0x0000000088a00000| Untracked 
| 111|0x0000000088b00000, 0x0000000088b00000, 0x0000000088c00000|  0%| F|  |TAMS 0x0000000088b00000, 0x0000000088b00000| Untracked 
| 112|0x0000000088c00000, 0x0000000088c00000, 0x0000000088d00000|  0%| F|  |TAMS 0x0000000088c00000, 0x0000000088c00000| Untracked 
| 113|0x0000000088d00000, 0x0000000088d00000, 0x0000000088e00000|  0%| F|  |TAMS 0x0000000088d00000, 0x0000000088d00000| Untracked 
| 114|0x0000000088e00000, 0x0000000088e00000, 0x0000000088f00000|  0%| F|  |TAMS 0x0000000088e00000, 0x0000000088e00000| Untracked 
| 115|0x0000000088f00000, 0x0000000088f24590, 0x0000000089000000| 14%| E|  |TAMS 0x0000000088f00000, 0x0000000088f00000| Complete 
| 116|0x0000000089000000, 0x0000000089100000, 0x0000000089100000|100%| E|CS|TAMS 0x0000000089000000, 0x0000000089000000| Complete 
| 117|0x0000000089100000, 0x0000000089200000, 0x0000000089200000|100%| E|CS|TAMS 0x0000000089100000, 0x0000000089100000| Complete 
| 118|0x0000000089200000, 0x0000000089300000, 0x0000000089300000|100%| S|CS|TAMS 0x0000000089200000, 0x0000000089200000| Complete 
| 119|0x0000000089300000, 0x0000000089400000, 0x0000000089400000|100%| S|CS|TAMS 0x0000000089300000, 0x0000000089300000| Complete 
| 120|0x0000000089400000, 0x0000000089500000, 0x0000000089500000|100%| E|  |TAMS 0x0000000089400000, 0x0000000089400000| Complete 
| 121|0x0000000089500000, 0x0000000089600000, 0x0000000089600000|100%| E|CS|TAMS 0x0000000089500000, 0x0000000089500000| Complete 
| 122|0x0000000089600000, 0x0000000089700000, 0x0000000089700000|100%| E|CS|TAMS 0x0000000089600000, 0x0000000089600000| Complete 
| 123|0x0000000089700000, 0x0000000089800000, 0x0000000089800000|100%| E|CS|TAMS 0x0000000089700000, 0x0000000089700000| Complete 
| 124|0x0000000089800000, 0x0000000089900000, 0x0000000089900000|100%| E|CS|TAMS 0x0000000089800000, 0x0000000089800000| Complete 
| 125|0x0000000089900000, 0x0000000089a00000, 0x0000000089a00000|100%| E|CS|TAMS 0x0000000089900000, 0x0000000089900000| Complete 
| 126|0x0000000089a00000, 0x0000000089b00000, 0x0000000089b00000|100%| E|CS|TAMS 0x0000000089a00000, 0x0000000089a00000| Complete 
| 127|0x0000000089b00000, 0x0000000089c00000, 0x0000000089c00000|100%| E|CS|TAMS 0x0000000089b00000, 0x0000000089b00000| Complete 

Card table byte_map: [0x000001437ba50000,0x000001437be50000] _byte_map_base: 0x000001437b642000

Marking Bits (Prev, Next): (CMBitMap*) 0x000001437b5ce478, (CMBitMap*) 0x000001437b5ce4b0
 Prev Bits: [0x000001437c250000, 0x000001437e1e0000)
 Next Bits: [0x0000014317330000, 0x00000143192c0000)

Polling page: 0x0000014379420000

Metaspace:

Usage:
  Non-class:     12.39 MB capacity,    12.13 MB ( 98%) used,   226.72 KB (  2%) free+waste,    34.75 KB ( <1%) overhead. 
      Class:      1.59 MB capacity,     1.44 MB ( 91%) used,   136.40 KB (  8%) free+waste,    17.19 KB (  1%) overhead. 
       Both:     13.98 MB capacity,    13.57 MB ( 97%) used,   363.12 KB (  3%) free+waste,    51.94 KB ( <1%) overhead. 

Virtual space:
  Non-class space:       14.00 MB reserved,      12.50 MB ( 89%) committed 
      Class space:        1.00 GB reserved,       1.63 MB ( <1%) committed 
             Both:        1.01 GB reserved,      14.13 MB (  1%) committed 

Chunk freelists:
   Non-Class:  6.38 KB
       Class:  512 bytes
        Both:  6.88 KB

CodeHeap 'non-profiled nmethods': size=238912Kb used=1907Kb max_used=1907Kb free=237004Kb
 bounds [0x00000143089e0000, 0x0000014308c50000, 0x0000014317330000]
CodeHeap 'non-nmethods': size=6848Kb used=1108Kb max_used=1108Kb free=5739Kb
 bounds [0x0000014308330000, 0x00000143085a0000, 0x00000143089e0000]
 total_blobs=1729 nmethods=1295 adapters=345
 compilation: enabled
              stopped_count=0, restarted_count=0
 full_count=0

Compilation events (10 events):
Event: 2.177 Thread 0x000001437f068800 nmethod 1249 0x0000014308bacf90 code [0x0000014308bad140, 0x0000014308bad290]
Event: 2.177 Thread 0x000001437f068800 1252       1       java.lang.invoke.StringConcatFactory$RecipeElement::getTag (5 bytes)
Event: 2.177 Thread 0x000001437f068800 nmethod 1252 0x0000014308bad590 code [0x0000014308bad720, 0x0000014308bad838]
Event: 2.177 Thread 0x000001437f068800 1274       1       java.lang.invoke.MethodHandleNatives::isPullModeBSM (2 bytes)
Event: 2.177 Thread 0x000001437f068800 nmethod 1274 0x0000014308bad890 code [0x0000014308bada20, 0x0000014308badb18]
Event: 2.178 Thread 0x000001437f068800 1275       1       java.lang.invoke.ConstantCallSite::getTarget (20 bytes)
Event: 2.178 Thread 0x000001437f068800 nmethod 1275 0x0000014308badb90 code [0x0000014308badd40, 0x0000014308badf30]
Event: 2.178 Thread 0x000001437f068800 1276       1       java.security.CodeSource::getCertificates (98 bytes)
Event: 2.179 Thread 0x000001437f068800 nmethod 1276 0x0000014308bae010 code [0x0000014308bae220, 0x0000014308bae720]
Event: 2.179 Thread 0x000001437f068800 1278       1       jdk.internal.loader.URLClassPath::getResource (74 bytes)

GC Heap History (4 events):
Event: 1.337 GC heap before
{Heap before GC invocations=0 (full 0):
 garbage-first heap   total 131072K, used 14336K [0x0000000081c00000, 0x0000000100000000)
  region size 1024K, 14 young (14336K), 0 survivors (0K)
 Metaspace       used 6077K, capacity 6174K, committed 6272K, reserved 1056768K
  class space    used 538K, capacity 567K, committed 640K, reserved 1048576K
}
Event: 1.345 GC heap after
{Heap after GC invocations=1 (full 0):
 garbage-first heap   total 131072K, used 12093K [0x0000000081c00000, 0x0000000100000000)
  region size 1024K, 2 young (2048K), 2 survivors (2048K)
 Metaspace       used 6077K, capacity 6174K, committed 6272K, reserved 1056768K
  class space    used 538K, capacity 567K, committed 640K, reserved 1048576K
}
Event: 1.539 GC heap before
{Heap before GC invocations=1 (full 0):
 garbage-first heap   total 131072K, used 19261K [0x0000000081c00000, 0x0000000100000000)
  region size 1024K, 10 young (10240K), 2 survivors (2048K)
 Metaspace       used 8331K, capacity 8493K, committed 8576K, reserved 1056768K
  class space    used 826K, capacity 878K, committed 896K, reserved 1048576K
}
Event: 1.545 GC heap after
{Heap after GC invocations=2 (full 0):
 garbage-first heap   total 131072K, used 18313K [0x0000000081c00000, 0x0000000100000000)
  region size 1024K, 2 young (2048K), 2 survivors (2048K)
 Metaspace       used 8331K, capacity 8493K, committed 8576K, reserved 1056768K
  class space    used 826K, capacity 878K, committed 896K, reserved 1048576K
}

Deoptimization events (0 events):
No events

Classes redefined (0 events):
No events

Internal exceptions (10 events):
Event: 1.646 Thread 0x000001437b590000 Exception <a 'java/lang/NoSuchMethodError'{0x0000000089ad3240}: java.lang.invoke.DirectMethodHandle$Holder.invokeStaticInit(Ljava/lang/Object;IIII)Ljava/lang/Object;> (0x0000000089ad3240) thrown at [./open/src/hotspot/share/interpreter/linkResolver.cpp, l
Event: 1.899 Thread 0x000001437b590000 Exception <a 'java/lang/NoSuchMethodError'{0x000000008990a590}: java.lang.invoke.DirectMethodHandle$Holder.invokeStatic(Ljava/lang/Object;Ljava/lang/Object;IIII)Ljava/lang/Object;> (0x000000008990a590) thrown at [./open/src/hotspot/share/interpreter/linkR
Event: 1.899 Thread 0x000001437b590000 Exception <a 'java/lang/NoSuchMethodError'{0x000000008990d8d8}: java.lang.invoke.DirectMethodHandle$Holder.invokeStaticInit(Ljava/lang/Object;Ljava/lang/Object;IIII)Ljava/lang/Object;> (0x000000008990d8d8) thrown at [./open/src/hotspot/share/interpreter/l
Event: 1.910 Thread 0x000001437b590000 Exception <a 'java/lang/ClassNotFoundException'{0x000000008992ae38}: javax/management/remote/rmi/RMIServerImpl_Skel> (0x000000008992ae38) thrown at [./open/src/hotspot/share/classfile/systemDictionary.cpp, line 228]
Event: 1.965 Thread 0x000001437b590000 Exception <a 'java/lang/ClassNotFoundException'{0x00000000899fac60}: jdk/internal/agent/resources/spi/agentProvider> (0x00000000899fac60) thrown at [./open/src/hotspot/share/classfile/systemDictionary.cpp, line 228]
Event: 1.973 Thread 0x000001437b590000 Exception <a 'java/lang/NoSuchMethodError'{0x0000000089850d38}: java.lang.invoke.DirectMethodHandle$Holder.invokeStatic(Ljava/lang/Object;Ljava/lang/Object;Ljava/lang/Object;Ljava/lang/Object;Ljava/lang/Object;Ljava/lang/Object;Ljava/lang/Object;Ljava/lan
Event: 1.974 Thread 0x000001437b590000 Exception <a 'java/lang/NoSuchMethodError'{0x000000008985d558}: java.lang.invoke.DirectMethodHandle$Holder.invokeStatic(Ljava/lang/Object;Ljava/lang/Object;Ljava/lang/Object;Ljava/lang/Object;Ljava/lang/Object;Ljava/lang/Object;Ljava/lang/Object;Ljava/lan
Event: 1.975 Thread 0x000001437b590000 Exception <a 'java/lang/NoSuchMethodError'{0x0000000089877030}: java.lang.invoke.DelegatingMethodHandle$Holder.reinvoke_L(Ljava/lang/Object;ILjava/lang/Object;)Ljava/lang/Object;> (0x0000000089877030) thrown at [./open/src/hotspot/share/interpreter/linkRe
Event: 2.016 Thread 0x000001437b590000 Exception <a 'java/lang/ClassNotFoundException'{0x00000000896438f0}: javax/smartcardio/CardPermission> (0x00000000896438f0) thrown at [./open/src/hotspot/share/classfile/systemDictionary.cpp, line 228]
Event: 2.018 Thread 0x000001437b590000 Exception <a 'java/io/FileNotFoundException'{0x0000000089651f20}> (0x0000000089651f20) thrown at [./open/src/hotspot/share/prims/jni.cpp, line 611]

Events (10 events):
Event: 2.178 loading class org/springframework/util/ConcurrentReferenceHashMap$Entry
Event: 2.178 loading class org/springframework/util/ConcurrentReferenceHashMap$Entry done
Event: 2.179 loading class org/springframework/util/ConcurrentReferenceHashMap$SoftEntryReference
Event: 2.179 loading class org/springframework/util/ConcurrentReferenceHashMap$SoftEntryReference done
Event: 2.179 loading class sun/rmi/transport/tcp/TCPConnection
Event: 2.179 loading class sun/rmi/transport/Connection
Event: 2.179 loading class sun/rmi/transport/Connection done
Event: 2.179 loading class sun/rmi/transport/tcp/TCPConnection done
Event: 2.179 loading class sun/rmi/transport/StreamRemoteCall
Event: 2.179 loading class java/rmi/server/RemoteCall


Dynamic libraries:
0x00007ff7c7ef0000 - 0x00007ff7c7f37000 	C:\Program Files\Java\jdk-11.0.7\bin\javaw.exe
0x00007fff8a8e0000 - 0x00007fff8aad0000 	C:\WINDOWS\SYSTEM32\ntdll.dll
0x00007fff8a5b0000 - 0x00007fff8a662000 	C:\WINDOWS\System32\KERNEL32.DLL
0x00007fff87c30000 - 0x00007fff87ed4000 	C:\WINDOWS\System32\KERNELBASE.dll
0x00007fff88d00000 - 0x00007fff88da3000 	C:\WINDOWS\System32\ADVAPI32.dll
0x00007fff89da0000 - 0x00007fff89e3e000 	C:\WINDOWS\System32\msvcrt.dll
0x00007fff88c60000 - 0x00007fff88cf7000 	C:\WINDOWS\System32\sechost.dll
0x00007fff88990000 - 0x00007fff88ab0000 	C:\WINDOWS\System32\RPCRT4.dll
0x00007fff89f70000 - 0x00007fff8a104000 	C:\WINDOWS\System32\USER32.dll
0x00007fff88960000 - 0x00007fff88981000 	C:\WINDOWS\System32\win32u.dll
0x00007fff89a60000 - 0x00007fff89a86000 	C:\WINDOWS\System32\GDI32.dll
0x00007fff87990000 - 0x00007fff87b24000 	C:\WINDOWS\System32\gdi32full.dll
0x00007fff87b30000 - 0x00007fff87bce000 	C:\WINDOWS\System32\msvcp_win.dll
0x00007fff87870000 - 0x00007fff8796a000 	C:\WINDOWS\System32\ucrtbase.dll
0x00007fff7a390000 - 0x00007fff7a614000 	C:\WINDOWS\WinSxS\amd64_microsoft.windows.common-controls_6595b64144ccf1df_6.0.18362.836_none_e6c4b943130f18ed\COMCTL32.dll
0x00007fff8a170000 - 0x00007fff8a4a6000 	C:\WINDOWS\System32\combase.dll
0x00007fff886e0000 - 0x00007fff88760000 	C:\WINDOWS\System32\bcryptPrimitives.dll
0x00007fff7e470000 - 0x00007fff7e47a000 	C:\WINDOWS\SYSTEM32\VERSION.dll
0x00007fff89f40000 - 0x00007fff89f6e000 	C:\WINDOWS\System32\IMM32.DLL
0x00007fff7ef70000 - 0x00007fff7ef86000 	C:\Program Files\Java\jdk-11.0.7\bin\vcruntime140.dll
0x00007fff5fb00000 - 0x00007fff5fbaa000 	C:\Program Files\Java\jdk-11.0.7\bin\msvcp140.dll
0x00007fff48350000 - 0x00007fff48eb1000 	C:\Program Files\Java\jdk-11.0.7\bin\server\jvm.dll
0x00007fff89360000 - 0x00007fff89368000 	C:\WINDOWS\System32\PSAPI.DLL
0x00007fff83f30000 - 0x00007fff83f54000 	C:\WINDOWS\SYSTEM32\WINMM.dll
0x00007fff83f00000 - 0x00007fff83f2d000 	C:\WINDOWS\SYSTEM32\WINMMBASE.dll
0x00007fff88690000 - 0x00007fff886da000 	C:\WINDOWS\System32\cfgmgr32.dll
0x00007fff783f0000 - 0x00007fff783f9000 	C:\WINDOWS\SYSTEM32\WSOCK32.dll
0x00007fff89ba0000 - 0x00007fff89c0f000 	C:\WINDOWS\System32\WS2_32.dll
0x00007fff877b0000 - 0x00007fff877c1000 	C:\WINDOWS\System32\kernel.appcore.dll
0x00007fff80200000 - 0x00007fff80211000 	C:\Program Files\Java\jdk-11.0.7\bin\verify.dll
0x00007fff860d0000 - 0x00007fff862c4000 	C:\WINDOWS\SYSTEM32\DBGHELP.DLL
0x00007fff79080000 - 0x00007fff790aa000 	C:\WINDOWS\SYSTEM32\dbgcore.DLL
0x00007fff7ec90000 - 0x00007fff7ecb9000 	C:\Program Files\Java\jdk-11.0.7\bin\java.dll
0x00007fff84020000 - 0x00007fff8402a000 	C:\Program Files\Java\jdk-11.0.7\bin\jimage.dll
0x00007fff7fe60000 - 0x00007fff7fe76000 	C:\Program Files\Java\jdk-11.0.7\bin\zip.dll
0x00007fff89370000 - 0x00007fff89a54000 	C:\WINDOWS\System32\SHELL32.dll
0x00007fff89a90000 - 0x00007fff89b39000 	C:\WINDOWS\System32\shcore.dll
0x00007fff87f10000 - 0x00007fff8868e000 	C:\WINDOWS\System32\windows.storage.dll
0x00007fff877f0000 - 0x00007fff87813000 	C:\WINDOWS\System32\profapi.dll
0x00007fff87820000 - 0x00007fff8786a000 	C:\WINDOWS\System32\powrprof.dll
0x00007fff877a0000 - 0x00007fff877b0000 	C:\WINDOWS\System32\UMPDC.dll
0x00007fff8a550000 - 0x00007fff8a5a2000 	C:\WINDOWS\System32\shlwapi.dll
0x00007fff87970000 - 0x00007fff87987000 	C:\WINDOWS\System32\cryptsp.dll
0x00007fff7fe20000 - 0x00007fff7fe39000 	C:\Program Files\Java\jdk-11.0.7\bin\net.dll
0x00007fff7c1c0000 - 0x00007fff7c2b0000 	C:\WINDOWS\SYSTEM32\WINHTTP.dll
0x00007fff87010000 - 0x00007fff87077000 	C:\WINDOWS\system32\mswsock.dll
0x00007fff7ec70000 - 0x00007fff7ec83000 	C:\Program Files\Java\jdk-11.0.7\bin\nio.dll
0x00007fff82530000 - 0x00007fff82539000 	C:\Program Files\Java\jdk-11.0.7\bin\management.dll
0x00007fff802c0000 - 0x00007fff802cc000 	C:\Program Files\Java\jdk-11.0.7\bin\management_ext.dll
0x00007fff6e2a0000 - 0x00007fff6e2b6000 	C:\WINDOWS\system32\napinsp.dll
0x00007fff6e280000 - 0x00007fff6e29a000 	C:\WINDOWS\system32\pnrpnsp.dll
0x00007fff86d60000 - 0x00007fff86e2b000 	C:\WINDOWS\SYSTEM32\DNSAPI.dll
0x00007fff89f30000 - 0x00007fff89f38000 	C:\WINDOWS\System32\NSI.dll
0x00007fff86d20000 - 0x00007fff86d5a000 	C:\WINDOWS\SYSTEM32\IPHLPAPI.DLL
0x00007fff6e270000 - 0x00007fff6e27e000 	C:\WINDOWS\System32\winrnr.dll
0x00007fff82470000 - 0x00007fff8248c000 	C:\WINDOWS\system32\NLAapi.dll
0x00007fff82380000 - 0x00007fff82395000 	C:\WINDOWS\system32\wshbth.dll
0x00007fff7fa80000 - 0x00007fff7fa8a000 	C:\Windows\System32\rasadhlp.dll
0x00007fff7bd20000 - 0x00007fff7bd97000 	C:\WINDOWS\System32\fwpuclnt.dll
0x00007fff87ee0000 - 0x00007fff87f06000 	C:\WINDOWS\System32\bcrypt.dll
0x00007fff86b80000 - 0x00007fff86bb3000 	C:\WINDOWS\system32\rsaenh.dll
0x00007fff876c0000 - 0x00007fff876e5000 	C:\WINDOWS\SYSTEM32\USERENV.dll
0x00007fff871e0000 - 0x00007fff871ec000 	C:\WINDOWS\SYSTEM32\CRYPTBASE.dll
0x00007fff7be00000 - 0x00007fff7be16000 	C:\WINDOWS\SYSTEM32\dhcpcsvc6.DLL
0x00007fff7c1a0000 - 0x00007fff7c1bc000 	C:\WINDOWS\SYSTEM32\dhcpcsvc.DLL

dbghelp: loaded successfully - version: 4.0.5 - missing functions: none
symbol engine: initialized successfully - sym options: 0x614 - pdb path: .;C:\Program Files\Java\jdk-11.0.7\bin;C:\WINDOWS\SYSTEM32;C:\WINDOWS\WinSxS\amd64_microsoft.windows.common-controls_6595b64144ccf1df_6.0.18362.836_none_e6c4b943130f18ed;C:\Program Files\Java\jdk-11.0.7\bin\server

VM Arguments:
jvm_args: -Dcom.sun.management.jmxremote -Dcom.sun.management.jmxremote.port=63101 -Dcom.sun.management.jmxremote.authenticate=false -Dcom.sun.management.jmxremote.ssl=false -Djava.rmi.server.hostname=localhost -Dspring.jmx.enabled=true -Dspring.application.admin.enabled=true -Xverify:none -XX:TieredStopAtLevel=1 -Dspring.boot.project.name=proj_spring_ionic -Dfile.encoding=UTF-8 
java_command: com.devalex.spring_ionic.ProjSpringIonicApplication --spring.output.ansi.enabled=always
java_class_path (initial): C:\temp\ws-sts\proj_spring_ionic\target\classes;C:\Users\alexm\.m2\repository\org\springframework\boot\spring-boot-starter-web\2.2.7.RELEASE\spring-boot-starter-web-2.2.7.RELEASE.jar;C:\Users\alexm\.m2\repository\org\springframework\boot\spring-boot-starter\2.2.7.RELEASE\spring-boot-starter-2.2.7.RELEASE.jar;C:\Users\alexm\.m2\repository\org\springframework\boot\spring-boot-starter-logging\2.2.7.RELEASE\spring-boot-starter-logging-2.2.7.RELEASE.jar;C:\Users\alexm\.m2\repository\ch\qos\logback\logback-classic\1.2.3\logback-classic-1.2.3.jar;C:\Users\alexm\.m2\repository\ch\qos\logback\logback-core\1.2.3\logback-core-1.2.3.jar;C:\Users\alexm\.m2\repository\org\apache\logging\log4j\log4j-to-slf4j\2.12.1\log4j-to-slf4j-2.12.1.jar;C:\Users\alexm\.m2\repository\org\apache\logging\log4j\log4j-api\2.12.1\log4j-api-2.12.1.jar;C:\Users\alexm\.m2\repository\org\slf4j\jul-to-slf4j\1.7.30\jul-to-slf4j-1.7.30.jar;C:\Users\alexm\.m2\repository\jakarta\annotation\jakarta.annotation-api\1.3.5\jakarta.annotation-api-1.3.5.jar;C:\Users\alexm\.m2\repository\org\yaml\snakeyaml\1.25\snakeyaml-1.25.jar;C:\Users\alexm\.m2\repository\org\springframework\boot\spring-boot-starter-json\2.2.7.RELEASE\spring-boot-starter-json-2.2.7.RELEASE.jar;C:\Users\alexm\.m2\repository\com\fasterxml\jackson\datatype\jackson-datatype-jdk8\2.10.4\jackson-datatype-jdk8-2.10.4.jar;C:\Users\alexm\.m2\repository\com\fasterxml\jackson\datatype\jackson-datatype-jsr310\2.10.4\jackson-datatype-jsr310-2.10.4.jar;C:\Users\alexm\.m2\repository\com\fasterxml\jackson\module\jackson-module-parameter-names\2.10.4\jackson-module-parameter-names-2.10.4.jar;C:\Users\alexm\.m2\repository\org\springframework\boot\spring-boot-starter-tomcat\2.2.7.RELEASE\spring-boot-starter-tomcat-2.2.7.RELEASE.jar;C:\Users\alexm\.m2\repository\org\apache\tomcat\embed\tomcat-embed-core\9.0.34\tomcat-embed-core-9.0.34.jar;C:\Users\alexm\.m2\repository\org\apache\tomcat\embed\tomcat-embed-el\9.0.34\tomcat-embed-el-9.0.34
Launcher Type: SUN_STANDARD

[Global flags]
     bool BytecodeVerificationLocal                = false                                     {product} {command line}
     bool BytecodeVerificationRemote               = false                                     {product} {command line}
     intx CICompilerCount                          = 3                                         {product} {ergonomic}
     uint ConcGCThreads                            = 1                                         {product} {ergonomic}
     uint G1ConcRefinementThreads                  = 4                                         {product} {ergonomic}
   size_t G1HeapRegionSize                         = 1048576                                   {product} {ergonomic}
    uintx GCDrainStackTargetSize                   = 64                                        {product} {ergonomic}
   size_t InitialHeapSize                          = 134217728                                 {product} {ergonomic}
     bool ManagementServer                         = true                                      {product} {command line}
   size_t MarkStackSize                            = 4194304                                   {product} {ergonomic}
   size_t MaxHeapSize                              = 2118123520                                {product} {ergonomic}
   size_t MaxNewSize                               = 1270874112                                {product} {ergonomic}
   size_t MinHeapDeltaBytes                        = 1048576                                   {product} {ergonomic}
    uintx NonNMethodCodeHeapSize                   = 6973028                                {pd product} {ergonomic}
    uintx NonProfiledCodeHeapSize                  = 244685212                              {pd product} {ergonomic}
    uintx ProfiledCodeHeapSize                     = 0                                      {pd product} {ergonomic}
    uintx ReservedCodeCacheSize                    = 251658240                              {pd product} {ergonomic}
     bool SegmentedCodeCache                       = true                                      {product} {ergonomic}
     intx TieredStopAtLevel                        = 1                                         {product} {command line}
     bool UseCompressedClassPointers               = true                                 {lp64_product} {ergonomic}
     bool UseCompressedOops                        = true                                 {lp64_product} {ergonomic}
     bool UseG1GC                                  = true                                      {product} {ergonomic}
     bool UseLargePagesIndividualAllocation        = false                                  {pd product} {ergonomic}

Logging:
Log output configuration:
 #0: stdout all=warning uptime,level,tags
 #1: stderr all=off uptime,level,tags

Environment Variables:
JAVA_HOME=C:\Program Files\Java\jdk-11.0.7
PATH=C:/Program Files/Java/jdk-11.0.7/bin/server;C:/Program Files/Java/jdk-11.0.7/bin;C:\Program Files (x86)\Intel\Intel(R) Management Engine Components\iCLS\;C:\Program Files\Intel\Intel(R) Management Engine Components\iCLS\;C:\WINDOWS\system32;C:\WINDOWS;C:\WINDOWS\System32\Wbem;C:\WINDOWS\System32\WindowsPowerShell\v1.0\;C:\WINDOWS\System32\OpenSSH\;C:\Program Files (x86)\Intel\Intel(R) Management Engine Components\DAL;C:\Program Files\Intel\Intel(R) Management Engine Components\DAL;C:\Program Files (x86)\Intel\Intel(R) Management Engine Components\IPT;C:\Program Files\Intel\Intel(R) Management Engine Components\IPT;C:\Program Files\Git\cmd;C:\Program Files\MongoDB\Server\4.2\bin;C:\Program Files\Java\jdk-11.0.7\bin;C:\xampp\mysql\bin;C:\Program Files\MySQL\MySQL Shell 8.0\bin\;C:\Users\alexm\AppData\Local\Microsoft\WindowsApps;C:\Program Files\heroku\bin;C:\Users\alexm\Documents\sts-4.6.1.RELEASE;
USERNAME=alexm
OS=Windows_NT
PROCESSOR_IDENTIFIER=Intel64 Family 6 Model 142 Stepping 9, GenuineIntel



---------------  S Y S T E M  ---------------

OS: Windows 10 , 64 bit Build 18362 (10.0.18362.778)

CPU:total 4 (initial active 4) (2 cores per cpu, 2 threads per core) family 6 model 142 stepping 9, cmov, cx8, fxsr, mmx, sse, sse2, sse3, ssse3, sse4.1, sse4.2, popcnt, avx, avx2, aes, clmul, erms, 3dnowpref, lzcnt, ht, tsc, tscinvbit, bmi1, bmi2, adx, fma

Memory: 4k page, system-wide physical 8075M (1449M free)
TotalPageFile size 15811M (AvailPageFile size 2479M)
current process WorkingSet (physical memory assigned to process): 83M, peak: 83M
current process commit charge ("private bytes"): 221M, peak: 221M

vm_info: Java HotSpot(TM) 64-Bit Server VM (11.0.7+8-LTS) for windows-amd64 JRE (11.0.7+8-LTS), built on Mar 12 2020 02:04:32 by "mach5one" with MS VC++ 15.5 (VS2017)

END.
