#
# A fatal error has been detected by the Java Runtime Environment:
#
#  EXCEPTION_ACCESS_VIOLATION (0xc0000005) at pc=0x00007fff48a43949, pid=70736, tid=70368
#
# JRE version: Java(TM) SE Runtime Environment 18.9 (11.0.7+8) (build 11.0.7+8-LTS)
# Java VM: Java HotSpot(TM) 64-Bit Server VM 18.9 (11.0.7+8-LTS, mixed mode, tiered, compressed oops, g1 gc, windows-amd64)
# Problematic frame:
# V  [jvm.dll+0x6f3949]
#
# No core dump will be written. Minidumps are not enabled by default on client versions of Windows
#
# If you would like to submit a bug report, please visit:
#   https://bugreport.java.com/bugreport/crash.jsp
#

---------------  S U M M A R Y ------------

Command Line: -Dcom.sun.management.jmxremote -Dcom.sun.management.jmxremote.port=62634 -Dcom.sun.management.jmxremote.authenticate=false -Dcom.sun.management.jmxremote.ssl=false -Djava.rmi.server.hostname=localhost -Dspring.jmx.enabled=true -Dspring.application.admin.enabled=true -Xverify:none -XX:TieredStopAtLevel=1 -Dspring.boot.project.name=proj_spring_ionic -Dfile.encoding=UTF-8 com.devalex.spring_ionic.ProjSpringIonicApplication --spring.output.ansi.enabled=always

Host: Intel(R) Core(TM) i3-7020U CPU @ 2.30GHz, 4 cores, 7G,  Windows 10 , 64 bit Build 18362 (10.0.18362.778)
Time: Tue Jun  9 12:40:22 2020 Hora oficial do Brasil elapsed time: 2 seconds (0d 0h 0m 2s)

---------------  T H R E A D  ---------------

Current thread (0x000001ad6b95b800):  WatcherThread [stack: 0x0000004afd500000,0x0000004afd600000] [id=70368]

Stack: [0x0000004afd500000,0x0000004afd600000],  sp=0x0000004afd5ffb10,  free space=1022k
Native frames: (J=compiled Java code, j=interpreted, Vv=VM code, C=native code)
V  [jvm.dll+0x6f3949]
V  [jvm.dll+0x73fc7d]
V  [jvm.dll+0x765fe9]
V  [jvm.dll+0x75e875]
V  [jvm.dll+0x660b26]
C  [ucrtbase.dll+0x20e82]
C  [KERNEL32.DLL+0x17bd4]
C  [ntdll.dll+0x6ce51]


siginfo: EXCEPTION_ACCESS_VIOLATION (0xc0000005), reading address 0x0000000800000007


Register to memory mapping:

RIP=0x00007fff48a43949 jvm.dll
RAX=0x000001ad6b8fbf20 points into unknown readable memory: 07 00 00 00 08 00 00 00
RBX=0x0 is NULL
RCX=0x0000000800000007 is an unknown value
RDX=0x0000000000000032 is an unknown value
RSP=0x0000004afd5ffb10 points into unknown readable memory: 00 b8 95 6b ad 01 00 00
RBP=0x0000000000000002 is an unknown value
RSI=0x000001ad6b8fbf90 points into unknown readable memory: 10 69 93 6b ad 01 00 00
RDI=0x0 is NULL
R8 =0x0 is NULL
R9 =0x000001ad53750b80 is at begin+0 in a stub
StubRoutines::atomic_cmpxchg_long [0x000001ad53750b80, 0x000001ad53750b89[ (9 bytes)
R10=0x00000000546c6148 is an unknown value
R11=0x000007450b678281 is an unknown value
R12=0x0 is NULL
R13=0x000001ad6b95b800 points into unknown readable memory: 18 92 c5 48 ff 7f 00 00
R14=0x0000000000000032 is an unknown value
R15=0x000001ad6b79a440 points into unknown readable memory: 00 00 00 00 00 00 00 00


Registers:
RAX=0x000001ad6b8fbf20, RBX=0x0000000000000000, RCX=0x0000000800000007, RDX=0x0000000000000032
RSP=0x0000004afd5ffb10, RBP=0x0000000000000002, RSI=0x000001ad6b8fbf90, RDI=0x0000000000000000
R8 =0x0000000000000000, R9 =0x000001ad53750b80, R10=0x00000000546c6148, R11=0x000007450b678281
R12=0x0000000000000000, R13=0x000001ad6b95b800, R14=0x0000000000000032, R15=0x000001ad6b79a440
RIP=0x00007fff48a43949, EFLAGS=0x0000000000010202

Top of Stack: (sp=0x0000004afd5ffb10)
0x0000004afd5ffb10:   000001ad6b95b800 000001ad6b95b800
0x0000004afd5ffb20:   0003fb33a47abe68 00007fff489842d9
0x0000004afd5ffb30:   00007fff48dfabc8 00007fff48a8fc7d
0x0000004afd5ffb40:   0000000000000001 000001ad49bb4800
0x0000004afd5ffb50:   000001ad49bb4800 431bde82d7b634db
0x0000004afd5ffb60:   000001ad6b79a440 0003fb33a47abe68
0x0000004afd5ffb70:   000001ad49bb4800 00007fff48ab5fe9
0x0000004afd5ffb80:   0000000000000001 0000000000000032
0x0000004afd5ffb90:   0000000000000032 0000000000000002
0x0000004afd5ffba0:   0000000000000000 0000000000000000
0x0000004afd5ffbb0:   0000000000000000 0000000000000000
0x0000004afd5ffbc0:   0000000000000000 0000000000000000
0x0000004afd5ffbd0:   0000000000000000 0000000000000000
0x0000004afd5ffbe0:   000001ad6b95b800 0000000000000000
0x0000004afd5ffbf0:   0000000000100000 0000004afd5ffe40
0x0000004afd5ffc00:   0000004afd500000 00007fff48aae875 

Instructions: (pc=0x00007fff48a43949)
0x00007fff48a43929:   20 48 8b 35 67 23 3b 00 33 db 48 8b 06 39 18 7e
0x00007fff48a43939:   27 48 89 7c 24 30 8b fb 48 8b 40 18 48 8b 0c 07
0x00007fff48a43949:   48 8b 01 ff 50 08 48 8b 06 48 8d 7f 08 ff c3 3b
0x00007fff48a43959:   18 7c e5 48 8b 7c 24 30 48 8b 5c 24 38 48 83 c4 


Stack slot to memory mapping:
stack at sp + 0 slots: 0x000001ad6b95b800 points into unknown readable memory: 18 92 c5 48 ff 7f 00 00
stack at sp + 1 slots: 0x000001ad6b95b800 points into unknown readable memory: 18 92 c5 48 ff 7f 00 00
stack at sp + 2 slots: 0x0003fb33a47abe68 is an unknown value
stack at sp + 3 slots: 0x00007fff489842d9 jvm.dll
stack at sp + 4 slots: 0x00007fff48dfabc8 jvm.dll
stack at sp + 5 slots: 0x00007fff48a8fc7d jvm.dll
stack at sp + 6 slots: 0x0000000000000001 is an unknown value
stack at sp + 7 slots: 0x000001ad49bb4800 points into unknown readable memory: 01 00 00 00 00 00 00 00


---------------  P R O C E S S  ---------------

Threads class SMR info:
_java_thread_list=0x000001ad6b9368e0, length=12, elements={
0x000001ad49bba800, 0x000001ad6a75b800, 0x000001ad6a766000, 0x000001ad6a7b2800,
0x000001ad6a7b3000, 0x000001ad6a7b4000, 0x000001ad6a7de800, 0x000001ad69ee7000,
0x000001ad6a9d4800, 0x000001ad6b8e4800, 0x000001ad6b90b000, 0x000001ad6b951800
}

Java Threads: ( => current thread )
  0x000001ad49bba800 JavaThread "main" [_thread_blocked, id=70120, stack(0x0000004afc100000,0x0000004afc200000)]
  0x000001ad6a75b800 JavaThread "Reference Handler" daemon [_thread_blocked, id=65572, stack(0x0000004afc800000,0x0000004afc900000)]
  0x000001ad6a766000 JavaThread "Finalizer" daemon [_thread_blocked, id=60820, stack(0x0000004afc900000,0x0000004afca00000)]
  0x000001ad6a7b2800 JavaThread "Signal Dispatcher" daemon [_thread_blocked, id=72456, stack(0x0000004afca00000,0x0000004afcb00000)]
  0x000001ad6a7b3000 JavaThread "Attach Listener" daemon [_thread_blocked, id=68316, stack(0x0000004afcb00000,0x0000004afcc00000)]
  0x000001ad6a7b4000 JavaThread "C1 CompilerThread0" daemon [_thread_in_vm, id=70968, stack(0x0000004afcc00000,0x0000004afcd00000)]
  0x000001ad6a7de800 JavaThread "Sweeper thread" daemon [_thread_blocked, id=69700, stack(0x0000004afcd00000,0x0000004afce00000)]
  0x000001ad69ee7000 JavaThread "Common-Cleaner" daemon [_thread_blocked, id=70108, stack(0x0000004afce00000,0x0000004afcf00000)]
  0x000001ad6a9d4800 JavaThread "Service Thread" daemon [_thread_blocked, id=67224, stack(0x0000004afcf00000,0x0000004afd000000)]
  0x000001ad6b8e4800 JavaThread "RMI TCP Accept-0" daemon [_thread_in_native, id=70568, stack(0x0000004afd200000,0x0000004afd300000)]
  0x000001ad6b90b000 JavaThread "RMI TCP Accept-62634" daemon [_thread_in_native, id=64992, stack(0x0000004afd300000,0x0000004afd400000)]
  0x000001ad6b951800 JavaThread "RMI TCP Accept-0" daemon [_thread_in_native, id=70440, stack(0x0000004afd400000,0x0000004afd500000)]

Other Threads:
  0x000001ad6a735000 VMThread "VM Thread" [stack: 0x0000004afc700000,0x0000004afc800000] [id=72588]
=>0x000001ad6b95b800 WatcherThread [stack: 0x0000004afd500000,0x0000004afd600000] [id=70368]
  0x000001ad49bd3000 GCTaskThread "GC Thread#0" [stack: 0x0000004afc200000,0x0000004afc300000] [id=62880]
  0x000001ad6b431800 GCTaskThread "GC Thread#1" [stack: 0x0000004afd000000,0x0000004afd100000] [id=72136]
  0x000001ad6b432000 GCTaskThread "GC Thread#2" [stack: 0x0000004afd100000,0x0000004afd200000] [id=70692]
  0x000001ad49c01800 ConcurrentGCThread "G1 Main Marker" [stack: 0x0000004afc300000,0x0000004afc400000] [id=51712]
  0x000001ad49c03000 ConcurrentGCThread "G1 Conc#0" [stack: 0x0000004afc400000,0x0000004afc500000] [id=57300]
  0x000001ad69d96800 ConcurrentGCThread "G1 Refine#0" [stack: 0x0000004afc500000,0x0000004afc600000] [id=71576]
  0x000001ad69d99000 ConcurrentGCThread "G1 Young RemSet Sampling" [stack: 0x0000004afc600000,0x0000004afc700000] [id=71836]

Threads with active compile tasks:
C1 CompilerThread01064       1       java.lang.String::<init> (55 bytes)

VM state:synchronizing (normal execution)

VM Mutex/Monitor currently owned by a thread:  ([mutex/lock_event])
[0x000001ad49bb5190] Threads_lock - owner thread: 0x000001ad6a735000
[0x000001ad49bb4380] Compile_lock - owner thread: 0x000001ad49bba800
[0x000001ad49bb4800] PeriodicTask_lock - owner thread: 0x000001ad6b95b800

Heap address: 0x0000000081c00000, size: 2020 MB, Compressed Oops mode: 32-bit
Narrow klass base: 0x0000000000000000, Narrow klass shift: 3
Compressed class space size: 1073741824 Address: 0x0000000100000000

Heap:
 garbage-first heap   total 131072K, used 25449K [0x0000000081c00000, 0x0000000100000000)
  region size 1024K, 11 young (11264K), 2 survivors (2048K)
 Metaspace       used 13532K, capacity 13918K, committed 14208K, reserved 1062912K
  class space    used 1417K, capacity 1537K, committed 1664K, reserved 1048576K
Heap Regions: E=young(eden), S=young(survivor), O=old, HS=humongous(starts), HC=humongous(continues), CS=collection set, F=free, A=archive, TAMS=top-at-mark-start (previous, next)
|   0|0x0000000081c00000, 0x0000000081d00000, 0x0000000081d00000|100%|HS|  |TAMS 0x0000000081c00000, 0x0000000081c00000| Complete 
|   1|0x0000000081d00000, 0x0000000081e00000, 0x0000000081e00000|100%| O|  |TAMS 0x0000000081d00000, 0x0000000081d00000| Untracked 
|   2|0x0000000081e00000, 0x0000000081f00000, 0x0000000081f00000|100%| O|  |TAMS 0x0000000081e00000, 0x0000000081e00000| Untracked 
|   3|0x0000000081f00000, 0x0000000082000000, 0x0000000082000000|100%| O|  |TAMS 0x0000000081f00000, 0x0000000081f00000| Untracked 
|   4|0x0000000082000000, 0x0000000082100000, 0x0000000082100000|100%| O|  |TAMS 0x0000000082000000, 0x0000000082000000| Untracked 
|   5|0x0000000082100000, 0x0000000082200000, 0x0000000082200000|100%| O|  |TAMS 0x0000000082100000, 0x0000000082100000| Untracked 
|   6|0x0000000082200000, 0x0000000082300000, 0x0000000082300000|100%| O|  |TAMS 0x0000000082200000, 0x0000000082200000| Untracked 
|   7|0x0000000082300000, 0x0000000082400000, 0x0000000082400000|100%| O|  |TAMS 0x0000000082300000, 0x0000000082300000| Untracked 
|   8|0x0000000082400000, 0x0000000082500000, 0x0000000082500000|100%| O|  |TAMS 0x0000000082400000, 0x0000000082400000| Untracked 
|   9|0x0000000082500000, 0x0000000082600000, 0x0000000082600000|100%| O|  |TAMS 0x0000000082500000, 0x0000000082500000| Untracked 
|  10|0x0000000082600000, 0x0000000082700000, 0x0000000082700000|100%| O|  |TAMS 0x0000000082600000, 0x0000000082600000| Untracked 
|  11|0x0000000082700000, 0x0000000082800000, 0x0000000082800000|100%| O|  |TAMS 0x0000000082700000, 0x0000000082700000| Untracked 
|  12|0x0000000082800000, 0x0000000082900000, 0x0000000082900000|100%| O|  |TAMS 0x0000000082800000, 0x0000000082800000| Untracked 
|  13|0x0000000082900000, 0x0000000082a00000, 0x0000000082a00000|100%| O|  |TAMS 0x0000000082900000, 0x0000000082900000| Untracked 
|  14|0x0000000082a00000, 0x0000000082b00000, 0x0000000082b00000|100%| O|  |TAMS 0x0000000082a00000, 0x0000000082a00000| Untracked 
|  15|0x0000000082b00000, 0x0000000082bda600, 0x0000000082c00000| 85%| O|  |TAMS 0x0000000082b00000, 0x0000000082b00000| Untracked 
|  16|0x0000000082c00000, 0x0000000082c00000, 0x0000000082d00000|  0%| F|  |TAMS 0x0000000082c00000, 0x0000000082c00000| Untracked 
|  17|0x0000000082d00000, 0x0000000082d00000, 0x0000000082e00000|  0%| F|  |TAMS 0x0000000082d00000, 0x0000000082d00000| Untracked 
|  18|0x0000000082e00000, 0x0000000082e00000, 0x0000000082f00000|  0%| F|  |TAMS 0x0000000082e00000, 0x0000000082e00000| Untracked 
|  19|0x0000000082f00000, 0x0000000082f00000, 0x0000000083000000|  0%| F|  |TAMS 0x0000000082f00000, 0x0000000082f00000| Untracked 
|  20|0x0000000083000000, 0x0000000083000000, 0x0000000083100000|  0%| F|  |TAMS 0x0000000083000000, 0x0000000083000000| Untracked 
|  21|0x0000000083100000, 0x0000000083100000, 0x0000000083200000|  0%| F|  |TAMS 0x0000000083100000, 0x0000000083100000| Untracked 
|  22|0x0000000083200000, 0x0000000083200000, 0x0000000083300000|  0%| F|  |TAMS 0x0000000083200000, 0x0000000083200000| Untracked 
|  23|0x0000000083300000, 0x0000000083300000, 0x0000000083400000|  0%| F|  |TAMS 0x0000000083300000, 0x0000000083300000| Untracked 
|  24|0x0000000083400000, 0x0000000083400000, 0x0000000083500000|  0%| F|  |TAMS 0x0000000083400000, 0x0000000083400000| Untracked 
|  25|0x0000000083500000, 0x0000000083500000, 0x0000000083600000|  0%| F|  |TAMS 0x0000000083500000, 0x0000000083500000| Untracked 
|  26|0x0000000083600000, 0x0000000083600000, 0x0000000083700000|  0%| F|  |TAMS 0x0000000083600000, 0x0000000083600000| Untracked 
|  27|0x0000000083700000, 0x0000000083700000, 0x0000000083800000|  0%| F|  |TAMS 0x0000000083700000, 0x0000000083700000| Untracked 
|  28|0x0000000083800000, 0x0000000083800000, 0x0000000083900000|  0%| F|  |TAMS 0x0000000083800000, 0x0000000083800000| Untracked 
|  29|0x0000000083900000, 0x0000000083900000, 0x0000000083a00000|  0%| F|  |TAMS 0x0000000083900000, 0x0000000083900000| Untracked 
|  30|0x0000000083a00000, 0x0000000083a00000, 0x0000000083b00000|  0%| F|  |TAMS 0x0000000083a00000, 0x0000000083a00000| Untracked 
|  31|0x0000000083b00000, 0x0000000083b00000, 0x0000000083c00000|  0%| F|  |TAMS 0x0000000083b00000, 0x0000000083b00000| Untracked 
|  32|0x0000000083c00000, 0x0000000083c00000, 0x0000000083d00000|  0%| F|  |TAMS 0x0000000083c00000, 0x0000000083c00000| Untracked 
|  33|0x0000000083d00000, 0x0000000083d00000, 0x0000000083e00000|  0%| F|  |TAMS 0x0000000083d00000, 0x0000000083d00000| Untracked 
|  34|0x0000000083e00000, 0x0000000083e00000, 0x0000000083f00000|  0%| F|  |TAMS 0x0000000083e00000, 0x0000000083e00000| Untracked 
|  35|0x0000000083f00000, 0x0000000083f00000, 0x0000000084000000|  0%| F|  |TAMS 0x0000000083f00000, 0x0000000083f00000| Untracked 
|  36|0x0000000084000000, 0x0000000084000000, 0x0000000084100000|  0%| F|  |TAMS 0x0000000084000000, 0x0000000084000000| Untracked 
|  37|0x0000000084100000, 0x0000000084100000, 0x0000000084200000|  0%| F|  |TAMS 0x0000000084100000, 0x0000000084100000| Untracked 
|  38|0x0000000084200000, 0x0000000084200000, 0x0000000084300000|  0%| F|  |TAMS 0x0000000084200000, 0x0000000084200000| Untracked 
|  39|0x0000000084300000, 0x0000000084300000, 0x0000000084400000|  0%| F|  |TAMS 0x0000000084300000, 0x0000000084300000| Untracked 
|  40|0x0000000084400000, 0x0000000084400000, 0x0000000084500000|  0%| F|  |TAMS 0x0000000084400000, 0x0000000084400000| Untracked 
|  41|0x0000000084500000, 0x0000000084500000, 0x0000000084600000|  0%| F|  |TAMS 0x0000000084500000, 0x0000000084500000| Untracked 
|  42|0x0000000084600000, 0x0000000084600000, 0x0000000084700000|  0%| F|  |TAMS 0x0000000084600000, 0x0000000084600000| Untracked 
|  43|0x0000000084700000, 0x0000000084700000, 0x0000000084800000|  0%| F|  |TAMS 0x0000000084700000, 0x0000000084700000| Untracked 
|  44|0x0000000084800000, 0x0000000084800000, 0x0000000084900000|  0%| F|  |TAMS 0x0000000084800000, 0x0000000084800000| Untracked 
|  45|0x0000000084900000, 0x0000000084900000, 0x0000000084a00000|  0%| F|  |TAMS 0x0000000084900000, 0x0000000084900000| Untracked 
|  46|0x0000000084a00000, 0x0000000084a00000, 0x0000000084b00000|  0%| F|  |TAMS 0x0000000084a00000, 0x0000000084a00000| Untracked 
|  47|0x0000000084b00000, 0x0000000084b00000, 0x0000000084c00000|  0%| F|  |TAMS 0x0000000084b00000, 0x0000000084b00000| Untracked 
|  48|0x0000000084c00000, 0x0000000084c00000, 0x0000000084d00000|  0%| F|  |TAMS 0x0000000084c00000, 0x0000000084c00000| Untracked 
|  49|0x0000000084d00000, 0x0000000084d00000, 0x0000000084e00000|  0%| F|  |TAMS 0x0000000084d00000, 0x0000000084d00000| Untracked 
|  50|0x0000000084e00000, 0x0000000084e00000, 0x0000000084f00000|  0%| F|  |TAMS 0x0000000084e00000, 0x0000000084e00000| Untracked 
|  51|0x0000000084f00000, 0x0000000084f00000, 0x0000000085000000|  0%| F|  |TAMS 0x0000000084f00000, 0x0000000084f00000| Untracked 
|  52|0x0000000085000000, 0x0000000085000000, 0x0000000085100000|  0%| F|  |TAMS 0x0000000085000000, 0x0000000085000000| Untracked 
|  53|0x0000000085100000, 0x0000000085100000, 0x0000000085200000|  0%| F|  |TAMS 0x0000000085100000, 0x0000000085100000| Untracked 
|  54|0x0000000085200000, 0x0000000085200000, 0x0000000085300000|  0%| F|  |TAMS 0x0000000085200000, 0x0000000085200000| Untracked 
|  55|0x0000000085300000, 0x0000000085300000, 0x0000000085400000|  0%| F|  |TAMS 0x0000000085300000, 0x0000000085300000| Untracked 
|  56|0x0000000085400000, 0x0000000085400000, 0x0000000085500000|  0%| F|  |TAMS 0x0000000085400000, 0x0000000085400000| Untracked 
|  57|0x0000000085500000, 0x0000000085500000, 0x0000000085600000|  0%| F|  |TAMS 0x0000000085500000, 0x0000000085500000| Untracked 
|  58|0x0000000085600000, 0x0000000085600000, 0x0000000085700000|  0%| F|  |TAMS 0x0000000085600000, 0x0000000085600000| Untracked 
|  59|0x0000000085700000, 0x0000000085700000, 0x0000000085800000|  0%| F|  |TAMS 0x0000000085700000, 0x0000000085700000| Untracked 
|  60|0x0000000085800000, 0x0000000085800000, 0x0000000085900000|  0%| F|  |TAMS 0x0000000085800000, 0x0000000085800000| Untracked 
|  61|0x0000000085900000, 0x0000000085900000, 0x0000000085a00000|  0%| F|  |TAMS 0x0000000085900000, 0x0000000085900000| Untracked 
|  62|0x0000000085a00000, 0x0000000085a00000, 0x0000000085b00000|  0%| F|  |TAMS 0x0000000085a00000, 0x0000000085a00000| Untracked 
|  63|0x0000000085b00000, 0x0000000085b00000, 0x0000000085c00000|  0%| F|  |TAMS 0x0000000085b00000, 0x0000000085b00000| Untracked 
|  64|0x0000000085c00000, 0x0000000085c00000, 0x0000000085d00000|  0%| F|  |TAMS 0x0000000085c00000, 0x0000000085c00000| Untracked 
|  65|0x0000000085d00000, 0x0000000085d00000, 0x0000000085e00000|  0%| F|  |TAMS 0x0000000085d00000, 0x0000000085d00000| Untracked 
|  66|0x0000000085e00000, 0x0000000085e00000, 0x0000000085f00000|  0%| F|  |TAMS 0x0000000085e00000, 0x0000000085e00000| Untracked 
|  67|0x0000000085f00000, 0x0000000085f00000, 0x0000000086000000|  0%| F|  |TAMS 0x0000000085f00000, 0x0000000085f00000| Untracked 
|  68|0x0000000086000000, 0x0000000086000000, 0x0000000086100000|  0%| F|  |TAMS 0x0000000086000000, 0x0000000086000000| Untracked 
|  69|0x0000000086100000, 0x0000000086100000, 0x0000000086200000|  0%| F|  |TAMS 0x0000000086100000, 0x0000000086100000| Untracked 
|  70|0x0000000086200000, 0x0000000086200000, 0x0000000086300000|  0%| F|  |TAMS 0x0000000086200000, 0x0000000086200000| Untracked 
|  71|0x0000000086300000, 0x0000000086300000, 0x0000000086400000|  0%| F|  |TAMS 0x0000000086300000, 0x0000000086300000| Untracked 
|  72|0x0000000086400000, 0x0000000086400000, 0x0000000086500000|  0%| F|  |TAMS 0x0000000086400000, 0x0000000086400000| Untracked 
|  73|0x0000000086500000, 0x0000000086500000, 0x0000000086600000|  0%| F|  |TAMS 0x0000000086500000, 0x0000000086500000| Untracked 
|  74|0x0000000086600000, 0x0000000086600000, 0x0000000086700000|  0%| F|  |TAMS 0x0000000086600000, 0x0000000086600000| Untracked 
|  75|0x0000000086700000, 0x0000000086700000, 0x0000000086800000|  0%| F|  |TAMS 0x0000000086700000, 0x0000000086700000| Untracked 
|  76|0x0000000086800000, 0x0000000086800000, 0x0000000086900000|  0%| F|  |TAMS 0x0000000086800000, 0x0000000086800000| Untracked 
|  77|0x0000000086900000, 0x0000000086900000, 0x0000000086a00000|  0%| F|  |TAMS 0x0000000086900000, 0x0000000086900000| Untracked 
|  78|0x0000000086a00000, 0x0000000086a00000, 0x0000000086b00000|  0%| F|  |TAMS 0x0000000086a00000, 0x0000000086a00000| Untracked 
|  79|0x0000000086b00000, 0x0000000086b00000, 0x0000000086c00000|  0%| F|  |TAMS 0x0000000086b00000, 0x0000000086b00000| Untracked 
|  80|0x0000000086c00000, 0x0000000086c00000, 0x0000000086d00000|  0%| F|  |TAMS 0x0000000086c00000, 0x0000000086c00000| Untracked 
|  81|0x0000000086d00000, 0x0000000086d00000, 0x0000000086e00000|  0%| F|  |TAMS 0x0000000086d00000, 0x0000000086d00000| Untracked 
|  82|0x0000000086e00000, 0x0000000086e00000, 0x0000000086f00000|  0%| F|  |TAMS 0x0000000086e00000, 0x0000000086e00000| Untracked 
|  83|0x0000000086f00000, 0x0000000086f00000, 0x0000000087000000|  0%| F|  |TAMS 0x0000000086f00000, 0x0000000086f00000| Untracked 
|  84|0x0000000087000000, 0x0000000087000000, 0x0000000087100000|  0%| F|  |TAMS 0x0000000087000000, 0x0000000087000000| Untracked 
|  85|0x0000000087100000, 0x0000000087100000, 0x0000000087200000|  0%| F|  |TAMS 0x0000000087100000, 0x0000000087100000| Untracked 
|  86|0x0000000087200000, 0x0000000087200000, 0x0000000087300000|  0%| F|  |TAMS 0x0000000087200000, 0x0000000087200000| Untracked 
|  87|0x0000000087300000, 0x0000000087300000, 0x0000000087400000|  0%| F|  |TAMS 0x0000000087300000, 0x0000000087300000| Untracked 
|  88|0x0000000087400000, 0x0000000087400000, 0x0000000087500000|  0%| F|  |TAMS 0x0000000087400000, 0x0000000087400000| Untracked 
|  89|0x0000000087500000, 0x0000000087500000, 0x0000000087600000|  0%| F|  |TAMS 0x0000000087500000, 0x0000000087500000| Untracked 
|  90|0x0000000087600000, 0x0000000087600000, 0x0000000087700000|  0%| F|  |TAMS 0x0000000087600000, 0x0000000087600000| Untracked 
|  91|0x0000000087700000, 0x0000000087700000, 0x0000000087800000|  0%| F|  |TAMS 0x0000000087700000, 0x0000000087700000| Untracked 
|  92|0x0000000087800000, 0x0000000087800000, 0x0000000087900000|  0%| F|  |TAMS 0x0000000087800000, 0x0000000087800000| Untracked 
|  93|0x0000000087900000, 0x0000000087900000, 0x0000000087a00000|  0%| F|  |TAMS 0x0000000087900000, 0x0000000087900000| Untracked 
|  94|0x0000000087a00000, 0x0000000087a00000, 0x0000000087b00000|  0%| F|  |TAMS 0x0000000087a00000, 0x0000000087a00000| Untracked 
|  95|0x0000000087b00000, 0x0000000087b00000, 0x0000000087c00000|  0%| F|  |TAMS 0x0000000087b00000, 0x0000000087b00000| Untracked 
|  96|0x0000000087c00000, 0x0000000087c00000, 0x0000000087d00000|  0%| F|  |TAMS 0x0000000087c00000, 0x0000000087c00000| Untracked 
|  97|0x0000000087d00000, 0x0000000087d00000, 0x0000000087e00000|  0%| F|  |TAMS 0x0000000087d00000, 0x0000000087d00000| Untracked 
|  98|0x0000000087e00000, 0x0000000087e00000, 0x0000000087f00000|  0%| F|  |TAMS 0x0000000087e00000, 0x0000000087e00000| Untracked 
|  99|0x0000000087f00000, 0x0000000087f00000, 0x0000000088000000|  0%| F|  |TAMS 0x0000000087f00000, 0x0000000087f00000| Untracked 
| 100|0x0000000088000000, 0x0000000088000000, 0x0000000088100000|  0%| F|  |TAMS 0x0000000088000000, 0x0000000088000000| Untracked 
| 101|0x0000000088100000, 0x0000000088100000, 0x0000000088200000|  0%| F|  |TAMS 0x0000000088100000, 0x0000000088100000| Untracked 
| 102|0x0000000088200000, 0x0000000088200000, 0x0000000088300000|  0%| F|  |TAMS 0x0000000088200000, 0x0000000088200000| Untracked 
| 103|0x0000000088300000, 0x0000000088300000, 0x0000000088400000|  0%| F|  |TAMS 0x0000000088300000, 0x0000000088300000| Untracked 
| 104|0x0000000088400000, 0x0000000088400000, 0x0000000088500000|  0%| F|  |TAMS 0x0000000088400000, 0x0000000088400000| Untracked 
| 105|0x0000000088500000, 0x0000000088500000, 0x0000000088600000|  0%| F|  |TAMS 0x0000000088500000, 0x0000000088500000| Untracked 
| 106|0x0000000088600000, 0x0000000088600000, 0x0000000088700000|  0%| F|  |TAMS 0x0000000088600000, 0x0000000088600000| Untracked 
| 107|0x0000000088700000, 0x0000000088700000, 0x0000000088800000|  0%| F|  |TAMS 0x0000000088700000, 0x0000000088700000| Untracked 
| 108|0x0000000088800000, 0x0000000088800000, 0x0000000088900000|  0%| F|  |TAMS 0x0000000088800000, 0x0000000088800000| Untracked 
| 109|0x0000000088900000, 0x0000000088900000, 0x0000000088a00000|  0%| F|  |TAMS 0x0000000088900000, 0x0000000088900000| Untracked 
| 110|0x0000000088a00000, 0x0000000088a00000, 0x0000000088b00000|  0%| F|  |TAMS 0x0000000088a00000, 0x0000000088a00000| Untracked 
| 111|0x0000000088b00000, 0x0000000088b00000, 0x0000000088c00000|  0%| F|  |TAMS 0x0000000088b00000, 0x0000000088b00000| Untracked 
| 112|0x0000000088c00000, 0x0000000088c00000, 0x0000000088d00000|  0%| F|  |TAMS 0x0000000088c00000, 0x0000000088c00000| Untracked 
| 113|0x0000000088d00000, 0x0000000088d00000, 0x0000000088e00000|  0%| F|  |TAMS 0x0000000088d00000, 0x0000000088d00000| Untracked 
| 114|0x0000000088e00000, 0x0000000088e00000, 0x0000000088f00000|  0%| F|  |TAMS 0x0000000088e00000, 0x0000000088e00000| Untracked 
| 115|0x0000000088f00000, 0x0000000088f00000, 0x0000000089000000|  0%| F|  |TAMS 0x0000000088f00000, 0x0000000088f00000| Untracked 
| 116|0x0000000089000000, 0x0000000089000000, 0x0000000089100000|  0%| F|  |TAMS 0x0000000089000000, 0x0000000089000000| Untracked 
| 117|0x0000000089100000, 0x0000000089200000, 0x0000000089200000|100%| E|  |TAMS 0x0000000089100000, 0x0000000089100000| Complete 
| 118|0x0000000089200000, 0x0000000089300000, 0x0000000089300000|100%| S|CS|TAMS 0x0000000089200000, 0x0000000089200000| Complete 
| 119|0x0000000089300000, 0x0000000089400000, 0x0000000089400000|100%| S|CS|TAMS 0x0000000089300000, 0x0000000089300000| Complete 
| 120|0x0000000089400000, 0x0000000089500000, 0x0000000089500000|100%| E|  |TAMS 0x0000000089400000, 0x0000000089400000| Complete 
| 121|0x0000000089500000, 0x0000000089600000, 0x0000000089600000|100%| E|CS|TAMS 0x0000000089500000, 0x0000000089500000| Complete 
| 122|0x0000000089600000, 0x0000000089700000, 0x0000000089700000|100%| E|CS|TAMS 0x0000000089600000, 0x0000000089600000| Complete 
| 123|0x0000000089700000, 0x0000000089800000, 0x0000000089800000|100%| E|CS|TAMS 0x0000000089700000, 0x0000000089700000| Complete 
| 124|0x0000000089800000, 0x0000000089900000, 0x0000000089900000|100%| E|CS|TAMS 0x0000000089800000, 0x0000000089800000| Complete 
| 125|0x0000000089900000, 0x0000000089a00000, 0x0000000089a00000|100%| E|CS|TAMS 0x0000000089900000, 0x0000000089900000| Complete 
| 126|0x0000000089a00000, 0x0000000089b00000, 0x0000000089b00000|100%| E|CS|TAMS 0x0000000089a00000, 0x0000000089a00000| Complete 
| 127|0x0000000089b00000, 0x0000000089c00000, 0x0000000089c00000|100%| E|CS|TAMS 0x0000000089b00000, 0x0000000089b00000| Complete 

Card table byte_map: [0x000001ad63180000,0x000001ad63580000] _byte_map_base: 0x000001ad62d72000

Marking Bits (Prev, Next): (CMBitMap*) 0x000001ad49bf8f18, (CMBitMap*) 0x000001ad49bf8f50
 Prev Bits: [0x000001ad63980000, 0x000001ad65910000)
 Next Bits: [0x000001ad65910000, 0x000001ad678a0000)

Polling page: 0x000001ad49c30000

Metaspace:

Usage:
  Non-class:     12.09 MB capacity,    11.83 MB ( 98%) used,   234.73 KB (  2%) free+waste,    31.50 KB ( <1%) overhead. 
      Class:      1.50 MB capacity,     1.38 MB ( 92%) used,   104.08 KB (  7%) free+waste,    15.38 KB (  1%) overhead. 
       Both:     13.59 MB capacity,    13.22 MB ( 97%) used,   338.80 KB (  2%) free+waste,    46.88 KB ( <1%) overhead. 

Virtual space:
  Non-class space:       14.00 MB reserved,      12.25 MB ( 88%) committed 
      Class space:        1.00 GB reserved,       1.63 MB ( <1%) committed 
             Both:        1.01 GB reserved,      13.88 MB (  1%) committed 

Chunk freelists:
   Non-Class:  4.38 KB
       Class:  0 bytes
        Both:  4.38 KB

CodeHeap 'non-profiled nmethods': size=238912Kb used=1431Kb max_used=1431Kb free=237480Kb
 bounds [0x000001ad53e00000, 0x000001ad54070000, 0x000001ad62750000]
CodeHeap 'non-nmethods': size=6848Kb used=1106Kb max_used=1106Kb free=5741Kb
 bounds [0x000001ad53750000, 0x000001ad539c0000, 0x000001ad53e00000]
 total_blobs=1492 nmethods=1063 adapters=339
 compilation: enabled
              stopped_count=0, restarted_count=0
 full_count=0

Compilation events (10 events):
Event: 2.123 Thread 0x000001ad6a7b4000 1059       1       java.nio.MappedByteBuffer::<init> (15 bytes)
Event: 2.123 Thread 0x000001ad6a7b4000 nmethod 1059 0x000001ad53f64810 code [0x000001ad53f649c0, 0x000001ad53f64b50]
Event: 2.123 Thread 0x000001ad6a7b4000 1060       1       java.nio.charset.Charset::isSupported (13 bytes)
Event: 2.124 Thread 0x000001ad6a7b4000 nmethod 1060 0x000001ad53f64c10 code [0x000001ad53f64dc0, 0x000001ad53f64ef0]
Event: 2.124 Thread 0x000001ad6a7b4000 1061       1       java.nio.charset.Charset::forName (20 bytes)
Event: 2.124 Thread 0x000001ad6a7b4000 nmethod 1061 0x000001ad53f64f90 code [0x000001ad53f65140, 0x000001ad53f652c0]
Event: 2.124 Thread 0x000001ad6a7b4000 1062       1       java.lang.StringCoding::deref (19 bytes)
Event: 2.124 Thread 0x000001ad6a7b4000 nmethod 1062 0x000001ad53f65390 code [0x000001ad53f65540, 0x000001ad53f656e0]
Event: 2.124 Thread 0x000001ad6a7b4000 1063   !   1       java.lang.StringCoding::lookupCharset (24 bytes)
Event: 2.124 Thread 0x000001ad6a7b4000 nmethod 1063 0x000001ad53f65790 code [0x000001ad53f65980, 0x000001ad53f65c40]

GC Heap History (4 events):
Event: 1.029 GC heap before
{Heap before GC invocations=0 (full 0):
 garbage-first heap   total 131072K, used 14336K [0x0000000081c00000, 0x0000000100000000)
  region size 1024K, 14 young (14336K), 0 survivors (0K)
 Metaspace       used 6087K, capacity 6174K, committed 6272K, reserved 1056768K
  class space    used 538K, capacity 567K, committed 640K, reserved 1048576K
}
Event: 1.036 GC heap after
{Heap after GC invocations=1 (full 0):
 garbage-first heap   total 131072K, used 11972K [0x0000000081c00000, 0x0000000100000000)
  region size 1024K, 2 young (2048K), 2 survivors (2048K)
 Metaspace       used 6087K, capacity 6174K, committed 6272K, reserved 1056768K
  class space    used 538K, capacity 567K, committed 640K, reserved 1048576K
}
Event: 1.234 GC heap before
{Heap before GC invocations=1 (full 0):
 garbage-first heap   total 131072K, used 19140K [0x0000000081c00000, 0x0000000100000000)
  region size 1024K, 10 young (10240K), 2 survivors (2048K)
 Metaspace       used 8343K, capacity 8493K, committed 8576K, reserved 1056768K
  class space    used 826K, capacity 878K, committed 896K, reserved 1048576K
}
Event: 1.240 GC heap after
{Heap after GC invocations=2 (full 0):
 garbage-first heap   total 131072K, used 18281K [0x0000000081c00000, 0x0000000100000000)
  region size 1024K, 2 young (2048K), 2 survivors (2048K)
 Metaspace       used 8343K, capacity 8493K, committed 8576K, reserved 1056768K
  class space    used 826K, capacity 878K, committed 896K, reserved 1048576K
}

Deoptimization events (0 events):
No events

Classes redefined (0 events):
No events

Internal exceptions (10 events):
Event: 1.404 Thread 0x000001ad49bba800 Exception <a 'java/lang/NoSuchMethodError'{0x0000000089ad6c30}: java.lang.invoke.DirectMethodHandle$Holder.invokeStaticInit(Ljava/lang/Object;IIII)Ljava/lang/Object;> (0x0000000089ad6c30) thrown at [./open/src/hotspot/share/interpreter/linkResolver.cpp, l
Event: 2.026 Thread 0x000001ad49bba800 Exception <a 'java/lang/NoSuchMethodError'{0x000000008990cb30}: java.lang.invoke.DirectMethodHandle$Holder.invokeStatic(Ljava/lang/Object;Ljava/lang/Object;IIII)Ljava/lang/Object;> (0x000000008990cb30) thrown at [./open/src/hotspot/share/interpreter/linkR
Event: 2.026 Thread 0x000001ad49bba800 Exception <a 'java/lang/NoSuchMethodError'{0x000000008990fe78}: java.lang.invoke.DirectMethodHandle$Holder.invokeStaticInit(Ljava/lang/Object;Ljava/lang/Object;IIII)Ljava/lang/Object;> (0x000000008990fe78) thrown at [./open/src/hotspot/share/interpreter/l
Event: 2.039 Thread 0x000001ad49bba800 Exception <a 'java/lang/ClassNotFoundException'{0x000000008992d3d8}: javax/management/remote/rmi/RMIServerImpl_Skel> (0x000000008992d3d8) thrown at [./open/src/hotspot/share/classfile/systemDictionary.cpp, line 228]
Event: 2.085 Thread 0x000001ad49bba800 Exception <a 'java/lang/ClassNotFoundException'{0x0000000089802e40}: jdk/internal/agent/resources/spi/agentProvider> (0x0000000089802e40) thrown at [./open/src/hotspot/share/classfile/systemDictionary.cpp, line 228]
Event: 2.098 Thread 0x000001ad49bba800 Exception <a 'java/lang/NoSuchMethodError'{0x0000000089858718}: java.lang.invoke.DirectMethodHandle$Holder.invokeStatic(Ljava/lang/Object;Ljava/lang/Object;Ljava/lang/Object;Ljava/lang/Object;Ljava/lang/Object;Ljava/lang/Object;Ljava/lang/Object;Ljava/lan
Event: 2.100 Thread 0x000001ad49bba800 Exception <a 'java/lang/NoSuchMethodError'{0x0000000089864f38}: java.lang.invoke.DirectMethodHandle$Holder.invokeStatic(Ljava/lang/Object;Ljava/lang/Object;Ljava/lang/Object;Ljava/lang/Object;Ljava/lang/Object;Ljava/lang/Object;Ljava/lang/Object;Ljava/lan
Event: 2.103 Thread 0x000001ad49bba800 Exception <a 'java/lang/NoSuchMethodError'{0x000000008987ea10}: java.lang.invoke.DelegatingMethodHandle$Holder.reinvoke_L(Ljava/lang/Object;ILjava/lang/Object;)Ljava/lang/Object;> (0x000000008987ea10) thrown at [./open/src/hotspot/share/interpreter/linkRe
Event: 2.147 Thread 0x000001ad49bba800 Exception <a 'java/lang/ClassNotFoundException'{0x000000008964bc88}: javax/smartcardio/CardPermission> (0x000000008964bc88) thrown at [./open/src/hotspot/share/classfile/systemDictionary.cpp, line 228]
Event: 2.152 Thread 0x000001ad49bba800 Exception <a 'java/io/FileNotFoundException'{0x000000008965a2a0}> (0x000000008965a2a0) thrown at [./open/src/hotspot/share/prims/jni.cpp, line 611]

Events (10 events):
Event: 2.157 loading class java/security/PermissionsEnumerator
Event: 2.157 loading class java/security/PermissionsEnumerator done
Event: 2.157 loading class java/security/AccessControlException
Event: 2.157 loading class java/security/AccessControlException done
Event: 2.158 loading class ch/qos/logback/core/status/InfoStatus
Event: 2.158 loading class ch/qos/logback/core/status/InfoStatus done
Event: 2.158 loading class ch/qos/logback/core/status/StatusBase
Event: 2.158 loading class ch/qos/logback/core/status/StatusBase done
Event: 2.159 loading class ch/qos/logback/core/status/Status
Event: 2.159 loading class ch/qos/logback/core/status/Status done


Dynamic libraries:
0x00007ff7c7ef0000 - 0x00007ff7c7f37000 	C:\Program Files\Java\jdk-11.0.7\bin\javaw.exe
0x00007fff8a8e0000 - 0x00007fff8aad0000 	C:\WINDOWS\SYSTEM32\ntdll.dll
0x00007fff8a5b0000 - 0x00007fff8a662000 	C:\WINDOWS\System32\KERNEL32.DLL
0x00007fff87c30000 - 0x00007fff87ed4000 	C:\WINDOWS\System32\KERNELBASE.dll
0x00007fff845b0000 - 0x00007fff8463f000 	C:\WINDOWS\SYSTEM32\apphelp.dll
0x00007fff2c300000 - 0x00007fff2c792000 	C:\WINDOWS\SYSTEM32\AcLayers.DLL
0x00007fff89da0000 - 0x00007fff89e3e000 	C:\WINDOWS\System32\msvcrt.dll
0x00007fff89f70000 - 0x00007fff8a104000 	C:\WINDOWS\System32\USER32.dll
0x00007fff88960000 - 0x00007fff88981000 	C:\WINDOWS\System32\win32u.dll
0x00007fff89a60000 - 0x00007fff89a86000 	C:\WINDOWS\System32\GDI32.dll
0x00007fff87990000 - 0x00007fff87b24000 	C:\WINDOWS\System32\gdi32full.dll
0x00007fff87b30000 - 0x00007fff87bce000 	C:\WINDOWS\System32\msvcp_win.dll
0x00007fff87870000 - 0x00007fff8796a000 	C:\WINDOWS\System32\ucrtbase.dll
0x00007fff8a550000 - 0x00007fff8a5a2000 	C:\WINDOWS\System32\SHLWAPI.dll
0x00007fff8a170000 - 0x00007fff8a4a6000 	C:\WINDOWS\System32\combase.dll
0x00007fff88990000 - 0x00007fff88ab0000 	C:\WINDOWS\System32\RPCRT4.dll
0x00007fff886e0000 - 0x00007fff88760000 	C:\WINDOWS\System32\bcryptPrimitives.dll
0x00007fff88d00000 - 0x00007fff88da3000 	C:\WINDOWS\System32\ADVAPI32.dll
0x00007fff88c60000 - 0x00007fff88cf7000 	C:\WINDOWS\System32\sechost.dll
0x000001ad49890000 - 0x000001ad49893000 	C:\WINDOWS\SYSTEM32\sfc.dll
0x00007fff68290000 - 0x00007fff68319000 	C:\WINDOWS\SYSTEM32\WINSPOOL.DRV
0x00007fff877b0000 - 0x00007fff877c1000 	C:\WINDOWS\System32\kernel.appcore.dll
0x00007fff87ee0000 - 0x00007fff87f06000 	C:\WINDOWS\System32\bcrypt.dll
0x00007fff854e0000 - 0x00007fff855d0000 	C:\WINDOWS\SYSTEM32\PROPSYS.dll
0x00007fff89cd0000 - 0x00007fff89d94000 	C:\WINDOWS\System32\OLEAUT32.dll
0x00007fff89a90000 - 0x00007fff89b39000 	C:\WINDOWS\System32\shcore.dll
0x00007fff86d20000 - 0x00007fff86d5a000 	C:\WINDOWS\SYSTEM32\IPHLPAPI.DLL
0x00007fff76db0000 - 0x00007fff76dc1000 	C:\WINDOWS\SYSTEM32\sfc_os.DLL
0x00007fff89f40000 - 0x00007fff89f6e000 	C:\WINDOWS\System32\IMM32.DLL
0x00007fff7a390000 - 0x00007fff7a614000 	C:\WINDOWS\WinSxS\amd64_microsoft.windows.common-controls_6595b64144ccf1df_6.0.18362.836_none_e6c4b943130f18ed\COMCTL32.dll
0x00007fff7e470000 - 0x00007fff7e47a000 	C:\WINDOWS\SYSTEM32\VERSION.dll
0x00007fff7ef70000 - 0x00007fff7ef86000 	C:\Program Files\Java\jdk-11.0.7\bin\vcruntime140.dll
0x00007fff5fb00000 - 0x00007fff5fbaa000 	C:\Program Files\Java\jdk-11.0.7\bin\msvcp140.dll
0x00007fff48350000 - 0x00007fff48eb1000 	C:\Program Files\Java\jdk-11.0.7\bin\server\jvm.dll
0x00007fff89360000 - 0x00007fff89368000 	C:\WINDOWS\System32\PSAPI.DLL
0x00007fff83f30000 - 0x00007fff83f54000 	C:\WINDOWS\SYSTEM32\WINMM.dll
0x00007fff83f00000 - 0x00007fff83f2d000 	C:\WINDOWS\SYSTEM32\WINMMBASE.dll
0x00007fff88690000 - 0x00007fff886da000 	C:\WINDOWS\System32\cfgmgr32.dll
0x00007fff783f0000 - 0x00007fff783f9000 	C:\WINDOWS\SYSTEM32\WSOCK32.dll
0x00007fff89ba0000 - 0x00007fff89c0f000 	C:\WINDOWS\System32\WS2_32.dll
0x00007fff80200000 - 0x00007fff80211000 	C:\Program Files\Java\jdk-11.0.7\bin\verify.dll
0x00007fff860d0000 - 0x00007fff862c4000 	C:\WINDOWS\SYSTEM32\DBGHELP.DLL
0x00007fff79080000 - 0x00007fff790aa000 	C:\WINDOWS\SYSTEM32\dbgcore.DLL
0x00007fff7ec90000 - 0x00007fff7ecb9000 	C:\Program Files\Java\jdk-11.0.7\bin\java.dll
0x00007fff84020000 - 0x00007fff8402a000 	C:\Program Files\Java\jdk-11.0.7\bin\jimage.dll
0x00007fff7fe60000 - 0x00007fff7fe76000 	C:\Program Files\Java\jdk-11.0.7\bin\zip.dll
0x00007fff89370000 - 0x00007fff89a54000 	C:\WINDOWS\System32\SHELL32.dll
0x00007fff87f10000 - 0x00007fff8868e000 	C:\WINDOWS\System32\windows.storage.dll
0x00007fff877f0000 - 0x00007fff87813000 	C:\WINDOWS\System32\profapi.dll
0x00007fff87820000 - 0x00007fff8786a000 	C:\WINDOWS\System32\powrprof.dll
0x00007fff877a0000 - 0x00007fff877b0000 	C:\WINDOWS\System32\UMPDC.dll
0x00007fff87970000 - 0x00007fff87987000 	C:\WINDOWS\System32\cryptsp.dll
0x00007fff7fe20000 - 0x00007fff7fe39000 	C:\Program Files\Java\jdk-11.0.7\bin\net.dll
0x00007fff7c1c0000 - 0x00007fff7c2b0000 	C:\WINDOWS\SYSTEM32\WINHTTP.dll
0x00007fff87010000 - 0x00007fff87077000 	C:\WINDOWS\system32\mswsock.dll
0x00007fff7ec70000 - 0x00007fff7ec83000 	C:\Program Files\Java\jdk-11.0.7\bin\nio.dll
0x00007fff82530000 - 0x00007fff82539000 	C:\Program Files\Java\jdk-11.0.7\bin\management.dll
0x00007fff802c0000 - 0x00007fff802cc000 	C:\Program Files\Java\jdk-11.0.7\bin\management_ext.dll
0x00007fff6e2a0000 - 0x00007fff6e2b6000 	C:\WINDOWS\system32\napinsp.dll
0x00007fff6e280000 - 0x00007fff6e29a000 	C:\WINDOWS\system32\pnrpnsp.dll
0x00007fff86d60000 - 0x00007fff86e2b000 	C:\WINDOWS\SYSTEM32\DNSAPI.dll
0x00007fff89f30000 - 0x00007fff89f38000 	C:\WINDOWS\System32\NSI.dll
0x00007fff6e270000 - 0x00007fff6e27e000 	C:\WINDOWS\System32\winrnr.dll
0x00007fff82470000 - 0x00007fff8248c000 	C:\WINDOWS\system32\NLAapi.dll
0x00007fff82380000 - 0x00007fff82395000 	C:\WINDOWS\system32\wshbth.dll
0x00007fff7fa80000 - 0x00007fff7fa8a000 	C:\Windows\System32\rasadhlp.dll
0x00007fff7bd20000 - 0x00007fff7bd97000 	C:\WINDOWS\System32\fwpuclnt.dll
0x00007fff86b80000 - 0x00007fff86bb3000 	C:\WINDOWS\system32\rsaenh.dll
0x00007fff876c0000 - 0x00007fff876e5000 	C:\WINDOWS\SYSTEM32\USERENV.dll
0x00007fff871e0000 - 0x00007fff871ec000 	C:\WINDOWS\SYSTEM32\CRYPTBASE.dll
0x00007fff7be00000 - 0x00007fff7be16000 	C:\WINDOWS\SYSTEM32\dhcpcsvc6.DLL
0x00007fff7c1a0000 - 0x00007fff7c1bc000 	C:\WINDOWS\SYSTEM32\dhcpcsvc.DLL

dbghelp: loaded successfully - version: 4.0.5 - missing functions: none
symbol engine: initialized successfully - sym options: 0x614 - pdb path: .;C:\Program Files\Java\jdk-11.0.7\bin;C:\WINDOWS\SYSTEM32;C:\WINDOWS\WinSxS\amd64_microsoft.windows.common-controls_6595b64144ccf1df_6.0.18362.836_none_e6c4b943130f18ed;C:\Program Files\Java\jdk-11.0.7\bin\server

VM Arguments:
jvm_args: -Dcom.sun.management.jmxremote -Dcom.sun.management.jmxremote.port=62634 -Dcom.sun.management.jmxremote.authenticate=false -Dcom.sun.management.jmxremote.ssl=false -Djava.rmi.server.hostname=localhost -Dspring.jmx.enabled=true -Dspring.application.admin.enabled=true -Xverify:none -XX:TieredStopAtLevel=1 -Dspring.boot.project.name=proj_spring_ionic -Dfile.encoding=UTF-8 
java_command: com.devalex.spring_ionic.ProjSpringIonicApplication --spring.output.ansi.enabled=always
java_class_path (initial): C:\temp\ws-sts\proj_spring_ionic\target\classes;C:\Users\alexm\.m2\repository\org\springframework\boot\spring-boot-starter-web\2.2.7.RELEASE\spring-boot-starter-web-2.2.7.RELEASE.jar;C:\Users\alexm\.m2\repository\org\springframework\boot\spring-boot-starter\2.2.7.RELEASE\spring-boot-starter-2.2.7.RELEASE.jar;C:\Users\alexm\.m2\repository\org\springframework\boot\spring-boot-starter-logging\2.2.7.RELEASE\spring-boot-starter-logging-2.2.7.RELEASE.jar;C:\Users\alexm\.m2\repository\ch\qos\logback\logback-classic\1.2.3\logback-classic-1.2.3.jar;C:\Users\alexm\.m2\repository\ch\qos\logback\logback-core\1.2.3\logback-core-1.2.3.jar;C:\Users\alexm\.m2\repository\org\apache\logging\log4j\log4j-to-slf4j\2.12.1\log4j-to-slf4j-2.12.1.jar;C:\Users\alexm\.m2\repository\org\apache\logging\log4j\log4j-api\2.12.1\log4j-api-2.12.1.jar;C:\Users\alexm\.m2\repository\org\slf4j\jul-to-slf4j\1.7.30\jul-to-slf4j-1.7.30.jar;C:\Users\alexm\.m2\repository\jakarta\annotation\jakarta.annotation-api\1.3.5\jakarta.annotation-api-1.3.5.jar;C:\Users\alexm\.m2\repository\org\yaml\snakeyaml\1.25\snakeyaml-1.25.jar;C:\Users\alexm\.m2\repository\org\springframework\boot\spring-boot-starter-json\2.2.7.RELEASE\spring-boot-starter-json-2.2.7.RELEASE.jar;C:\Users\alexm\.m2\repository\com\fasterxml\jackson\datatype\jackson-datatype-jdk8\2.10.4\jackson-datatype-jdk8-2.10.4.jar;C:\Users\alexm\.m2\repository\com\fasterxml\jackson\datatype\jackson-datatype-jsr310\2.10.4\jackson-datatype-jsr310-2.10.4.jar;C:\Users\alexm\.m2\repository\com\fasterxml\jackson\module\jackson-module-parameter-names\2.10.4\jackson-module-parameter-names-2.10.4.jar;C:\Users\alexm\.m2\repository\org\springframework\boot\spring-boot-starter-tomcat\2.2.7.RELEASE\spring-boot-starter-tomcat-2.2.7.RELEASE.jar;C:\Users\alexm\.m2\repository\org\apache\tomcat\embed\tomcat-embed-core\9.0.34\tomcat-embed-core-9.0.34.jar;C:\Users\alexm\.m2\repository\org\apache\tomcat\embed\tomcat-embed-el\9.0.34\tomcat-embed-el-9.0.34
Launcher Type: SUN_STANDARD

[Global flags]
     bool BytecodeVerificationLocal                = false                                     {product} {command line}
     bool BytecodeVerificationRemote               = false                                     {product} {command line}
     intx CICompilerCount                          = 3                                         {product} {ergonomic}
     uint ConcGCThreads                            = 1                                         {product} {ergonomic}
     uint G1ConcRefinementThreads                  = 4                                         {product} {ergonomic}
   size_t G1HeapRegionSize                         = 1048576                                   {product} {ergonomic}
    uintx GCDrainStackTargetSize                   = 64                                        {product} {ergonomic}
   size_t InitialHeapSize                          = 134217728                                 {product} {ergonomic}
     bool ManagementServer                         = true                                      {product} {command line}
   size_t MarkStackSize                            = 4194304                                   {product} {ergonomic}
   size_t MaxHeapSize                              = 2118123520                                {product} {ergonomic}
   size_t MaxNewSize                               = 1270874112                                {product} {ergonomic}
   size_t MinHeapDeltaBytes                        = 1048576                                   {product} {ergonomic}
    uintx NonNMethodCodeHeapSize                   = 6973028                                {pd product} {ergonomic}
    uintx NonProfiledCodeHeapSize                  = 244685212                              {pd product} {ergonomic}
    uintx ProfiledCodeHeapSize                     = 0                                      {pd product} {ergonomic}
    uintx ReservedCodeCacheSize                    = 251658240                              {pd product} {ergonomic}
     bool SegmentedCodeCache                       = true                                      {product} {ergonomic}
     intx TieredStopAtLevel                        = 1                                         {product} {command line}
     bool UseCompressedClassPointers               = true                                 {lp64_product} {ergonomic}
     bool UseCompressedOops                        = true                                 {lp64_product} {ergonomic}
     bool UseG1GC                                  = true                                      {product} {ergonomic}
     bool UseLargePagesIndividualAllocation        = false                                  {pd product} {ergonomic}

Logging:
Log output configuration:
 #0: stdout all=warning uptime,level,tags
 #1: stderr all=off uptime,level,tags

Environment Variables:
JAVA_HOME=C:\Program Files\Java\jdk-11.0.7
PATH=C:/Program Files/Java/jdk-11.0.7/bin/server;C:/Program Files/Java/jdk-11.0.7/bin;C:\Program Files (x86)\Intel\Intel(R) Management Engine Components\iCLS\;C:\Program Files\Intel\Intel(R) Management Engine Components\iCLS\;C:\WINDOWS\system32;C:\WINDOWS;C:\WINDOWS\System32\Wbem;C:\WINDOWS\System32\WindowsPowerShell\v1.0\;C:\WINDOWS\System32\OpenSSH\;C:\Program Files (x86)\Intel\Intel(R) Management Engine Components\DAL;C:\Program Files\Intel\Intel(R) Management Engine Components\DAL;C:\Program Files (x86)\Intel\Intel(R) Management Engine Components\IPT;C:\Program Files\Intel\Intel(R) Management Engine Components\IPT;C:\Program Files\Git\cmd;C:\Program Files\MongoDB\Server\4.2\bin;C:\Program Files\Java\jdk-11.0.7\bin;C:\xampp\mysql\bin;C:\Program Files\MySQL\MySQL Shell 8.0\bin\;C:\Users\alexm\AppData\Local\Microsoft\WindowsApps;C:\Program Files\heroku\bin;C:\Users\alexm\Documents\sts-4.6.1.RELEASE;
USERNAME=alexm
OS=Windows_NT
PROCESSOR_IDENTIFIER=Intel64 Family 6 Model 142 Stepping 9, GenuineIntel



---------------  S Y S T E M  ---------------

OS: Windows 10 , 64 bit Build 18362 (10.0.18362.778)

CPU:total 4 (initial active 4) (2 cores per cpu, 2 threads per core) family 6 model 142 stepping 9, cmov, cx8, fxsr, mmx, sse, sse2, sse3, ssse3, sse4.1, sse4.2, popcnt, avx, avx2, aes, clmul, erms, 3dnowpref, lzcnt, ht, tsc, tscinvbit, bmi1, bmi2, adx, fma

Memory: 4k page, system-wide physical 8075M (1323M free)
TotalPageFile size 15811M (AvailPageFile size 2309M)
current process WorkingSet (physical memory assigned to process): 82M, peak: 82M
current process commit charge ("private bytes"): 222M, peak: 222M

vm_info: Java HotSpot(TM) 64-Bit Server VM (11.0.7+8-LTS) for windows-amd64 JRE (11.0.7+8-LTS), built on Mar 12 2020 02:04:32 by "mach5one" with MS VC++ 15.5 (VS2017)

END.
