#
# A fatal error has been detected by the Java Runtime Environment:
#
#  EXCEPTION_ACCESS_VIOLATION (0xc0000005) at pc=0x00007fff8a91d66e, pid=68148, tid=68316
#
# JRE version: Java(TM) SE Runtime Environment 18.9 (11.0.7+8) (build 11.0.7+8-LTS)
# Java VM: Java HotSpot(TM) 64-Bit Server VM 18.9 (11.0.7+8-LTS, mixed mode, tiered, compressed oops, g1 gc, windows-amd64)
# Problematic frame:
# C  [ntdll.dll+0x3d66e]
#
# No core dump will be written. Minidumps are not enabled by default on client versions of Windows
#
# If you would like to submit a bug report, please visit:
#   https://bugreport.java.com/bugreport/crash.jsp
# The crash happened outside the Java Virtual Machine in native code.
# See problematic frame for where to report the bug.
#

---------------  S U M M A R Y ------------

Command Line: -Dcom.sun.management.jmxremote -Dcom.sun.management.jmxremote.port=62274 -Dcom.sun.management.jmxremote.authenticate=false -Dcom.sun.management.jmxremote.ssl=false -Djava.rmi.server.hostname=localhost -Dspring.jmx.enabled=true -Dspring.application.admin.enabled=true -Xverify:none -XX:TieredStopAtLevel=1 -Dspring.boot.project.name=proj_spring_ionic -Dfile.encoding=UTF-8 com.devalex.spring_ionic.ProjSpringIonicApplication --spring.output.ansi.enabled=always

Host: Intel(R) Core(TM) i3-7020U CPU @ 2.30GHz, 4 cores, 7G,  Windows 10 , 64 bit Build 18362 (10.0.18362.778)
Time: Tue Jun  9 12:23:43 2020 Hora oficial do Brasil elapsed time: 2 seconds (0d 0h 0m 2s)

---------------  T H R E A D  ---------------

Current thread (0x00000169c6eaa800):  JavaThread "main" [_thread_in_native, id=68316, stack(0x0000003cccf00000,0x0000003ccd000000)]

Stack: [0x0000003cccf00000,0x0000003ccd000000],  sp=0x0000003cccffde70,  free space=1015k
Native frames: (J=compiled Java code, j=interpreted, Vv=VM code, C=native code)
C  [ntdll.dll+0x3d66e]
C  [ntdll.dll+0x3ba3b]
C  [AcLayers.DLL+0x6e35]
C  [ucrtbase.dll+0x12596]
C  [java.dll+0x18fc]

Java frames: (J=compiled Java code, j=interpreted, Vv=VM code)
j  java.lang.ClassLoader.defineClass1(Ljava/lang/ClassLoader;Ljava/lang/String;[BIILjava/security/ProtectionDomain;Ljava/lang/String;)Ljava/lang/Class;+0 java.base@11.0.7
j  java.lang.ClassLoader.defineClass(Ljava/lang/String;[BIILjava/security/ProtectionDomain;)Ljava/lang/Class;+27 java.base@11.0.7
j  java.security.SecureClassLoader.defineClass(Ljava/lang/String;[BIILjava/security/CodeSource;)Ljava/lang/Class;+12 java.base@11.0.7
j  jdk.internal.loader.BuiltinClassLoader.defineClass(Ljava/lang/String;Ljdk/internal/loader/Resource;)Ljava/lang/Class;+117 java.base@11.0.7
j  jdk.internal.loader.BuiltinClassLoader.findClassOnClassPathOrNull(Ljava/lang/String;)Ljava/lang/Class;+37 java.base@11.0.7
J 1276 c1 jdk.internal.loader.BuiltinClassLoader.loadClassOrNull(Ljava/lang/String;Z)Ljava/lang/Class; java.base@11.0.7 (143 bytes) @ 0x00000169cfacdfac [0x00000169cfacdb00+0x00000000000004ac]
j  jdk.internal.loader.BuiltinClassLoader.loadClass(Ljava/lang/String;Z)Ljava/lang/Class;+3 java.base@11.0.7
j  jdk.internal.loader.ClassLoaders$AppClassLoader.loadClass(Ljava/lang/String;Z)Ljava/lang/Class;+36 java.base@11.0.7
j  java.lang.ClassLoader.loadClass(Ljava/lang/String;)Ljava/lang/Class;+3 java.base@11.0.7
v  ~StubRoutines::call_stub
j  org.springframework.boot.SpringApplication.<init>(Lorg/springframework/core/io/ResourceLoader;[Ljava/lang/Class;)V+103
j  org.springframework.boot.SpringApplication.<init>([Ljava/lang/Class;)V+3
j  org.springframework.boot.SpringApplication.run([Ljava/lang/Class;[Ljava/lang/String;)Lorg/springframework/context/ConfigurableApplicationContext;+5
j  org.springframework.boot.SpringApplication.run(Ljava/lang/Class;[Ljava/lang/String;)Lorg/springframework/context/ConfigurableApplicationContext;+9
j  com.devalex.spring_ionic.ProjSpringIonicApplication.main([Ljava/lang/String;)V+3
v  ~StubRoutines::call_stub

siginfo: EXCEPTION_ACCESS_VIOLATION (0xc0000005), reading address 0x00000007ffffffff


Register to memory mapping:

RIP=0x00007fff8a91d66e ntdll.dll
RAX=0x0000000000000005 is an unknown value
RBX=0x00000169c4c70000 points into unknown readable memory: 00 00 00 00 00 00 00 00
RCX=0x0000000000000005 is an unknown value
RDX=0x00007fff8aa01170 ntdll.dll
RSP=0x0000003cccffde70 is pointing into the stack for thread: 0x00000169c6eaa800
RBP=0x0000003cccffe0f9 is pointing into the stack for thread: 0x00000169c6eaa800
RSI=0x00000169e6ecba20 points into unknown readable memory: 63 74 3b 4a 29 4c 6a 61
RDI=0x00000169c4c70150 points into unknown readable memory: 40 28 ca e6 69 01 00 00
R8 =0x0000000800000007 is an unknown value
R9 =0x00000169c4c70320 points into unknown readable memory: fc 8f 35 05 02 02 01 00
R10=0x0000000000000003 is an unknown value
R11=0x0000000081e65b01 is pointing into object: java.util.WeakHashMap$Entry 
{0x0000000081e65ae0} - klass: 'java/util/WeakHashMap$Entry'
R12=0x0 is NULL
R13=0x0000000000000019 is an unknown value
R14=0x000000000000000b is an unknown value
R15=0x00000169e6ecb890 points into unknown readable memory: 00 00 00 00 00 00 00 00


Registers:
RAX=0x0000000000000005, RBX=0x00000169c4c70000, RCX=0x0000000000000005, RDX=0x00007fff8aa01170
RSP=0x0000003cccffde70, RBP=0x0000003cccffe0f9, RSI=0x00000169e6ecba20, RDI=0x00000169c4c70150
R8 =0x0000000800000007, R9 =0x00000169c4c70320, R10=0x0000000000000003, R11=0x0000000081e65b01
R12=0x0000000000000000, R13=0x0000000000000019, R14=0x000000000000000b, R15=0x00000169e6ecb890
RIP=0x00007fff8a91d66e, EFLAGS=0x0000000000010206

Top of Stack: (sp=0x0000003cccffde70)
0x0000003cccffde70:   00000169c4c70000 00000169e6ecba20
0x0000003cccffde80:   00000169e6ecb8a0 0000000000000024
0x0000003cccffde90:   0000000000000024 0000000000000024
0x0000003cccffdea0:   00000001ccffdf01 0000000000000000
0x0000003cccffdeb0:   00000000ccffdf00 0000000000000000
0x0000003cccffdec0:   0000003c00000001 0000000000000017
0x0000003cccffded0:   0000000000000024 00000169e6ecb890
0x0000003cccffdee0:   0000003cccffdfa0 000000000000000b
0x0000003cccffdef0:   00000169e6ecb890 00000000000000f0
0x0000003cccffdf00:   0000003cccffdf60 00000169c6eaa800
0x0000003cccffdf10:   0000003cccffdf40 0000000000000019
0x0000003cccffdf20:   0000000000009925 00000169c4c31500
0x0000003cccffdf30:   0000000000000001 00000169c4c70324
0x0000003cccffdf40:   0000000088d4d4f8 00000169c6eaa800
0x0000003cccffdf50:   0000000100000820 000000000000017b
0x0000003cccffdf60:   0000000000000024 00000169c6eb9900 

Instructions: (pc=0x00007fff8a91d66e)
0x00007fff8a91d64e:   eb b0 84 d2 0f 85 6d 02 00 00 8b c2 48 c1 e8 08
0x00007fff8a91d65e:   0f b6 c8 42 0f b6 04 11 83 c0 08 e9 bf fe ff ff
0x00007fff8a91d66e:   41 8b 40 f8 89 84 24 50 01 00 00 85 43 7c 0f 84
0x00007fff8a91d67e:   3c 02 00 00 8b 8b 88 00 00 00 33 c8 89 8c 24 50 


Stack slot to memory mapping:
stack at sp + 0 slots: 0x00000169c4c70000 points into unknown readable memory: 00 00 00 00 00 00 00 00
stack at sp + 1 slots: 0x00000169e6ecba20 points into unknown readable memory: 63 74 3b 4a 29 4c 6a 61
stack at sp + 2 slots: 0x00000169e6ecb8a0 points into unknown readable memory: 80 58 c8 e6 69 01 00 00
stack at sp + 3 slots: 0x0000000000000024 is an unknown value
stack at sp + 4 slots: 0x0000000000000024 is an unknown value
stack at sp + 5 slots: 0x0000000000000024 is an unknown value
stack at sp + 6 slots: 0x00000001ccffdf01 is an unknown value
stack at sp + 7 slots: 0x0 is NULL


---------------  P R O C E S S  ---------------

Threads class SMR info:
_java_thread_list=0x00000169e6df7b70, length=16, elements={
0x00000169c6eaa800, 0x00000169e5ad3800, 0x00000169e5adf000, 0x00000169e5b31800,
0x00000169e5b32800, 0x00000169e5b34800, 0x00000169e5b3b800, 0x00000169e5261800,
0x00000169e5d5b800, 0x00000169e6c85000, 0x00000169e6cad000, 0x00000169e6cef800,
0x00000169e6d08800, 0x00000169e6d99000, 0x00000169e6def000, 0x00000169e6e47800
}

Java Threads: ( => current thread )
=>0x00000169c6eaa800 JavaThread "main" [_thread_in_native, id=68316, stack(0x0000003cccf00000,0x0000003ccd000000)]
  0x00000169e5ad3800 JavaThread "Reference Handler" daemon [_thread_blocked, id=64788, stack(0x0000003ccd600000,0x0000003ccd700000)]
  0x00000169e5adf000 JavaThread "Finalizer" daemon [_thread_blocked, id=70120, stack(0x0000003ccd700000,0x0000003ccd800000)]
  0x00000169e5b31800 JavaThread "Signal Dispatcher" daemon [_thread_blocked, id=47088, stack(0x0000003ccd800000,0x0000003ccd900000)]
  0x00000169e5b32800 JavaThread "Attach Listener" daemon [_thread_blocked, id=70116, stack(0x0000003ccd900000,0x0000003ccda00000)]
  0x00000169e5b34800 JavaThread "C1 CompilerThread0" daemon [_thread_in_vm, id=71588, stack(0x0000003ccda00000,0x0000003ccdb00000)]
  0x00000169e5b3b800 JavaThread "Sweeper thread" daemon [_thread_blocked, id=70688, stack(0x0000003ccdb00000,0x0000003ccdc00000)]
  0x00000169e5261800 JavaThread "Common-Cleaner" daemon [_thread_blocked, id=71340, stack(0x0000003ccdc00000,0x0000003ccdd00000)]
  0x00000169e5d5b800 JavaThread "Service Thread" daemon [_thread_blocked, id=58408, stack(0x0000003ccdd00000,0x0000003ccde00000)]
  0x00000169e6c85000 JavaThread "RMI TCP Accept-0" daemon [_thread_in_native, id=71220, stack(0x0000003cce000000,0x0000003cce100000)]
  0x00000169e6cad000 JavaThread "RMI TCP Accept-62274" daemon [_thread_in_native, id=66232, stack(0x0000003cce100000,0x0000003cce200000)]
  0x00000169e6cef800 JavaThread "RMI TCP Connection(1)-127.0.0.1" daemon [_thread_in_native, id=60136, stack(0x0000003cce200000,0x0000003cce300000)]
  0x00000169e6d08800 JavaThread "RMI TCP Accept-0" daemon [_thread_in_vm, id=69248, stack(0x0000003cce300000,0x0000003cce400000)]
  0x00000169e6d99000 JavaThread "RMI Scheduler(0)" daemon [_thread_blocked, id=71128, stack(0x0000003cce500000,0x0000003cce600000)]
  0x00000169e6def000 JavaThread "RMI TCP Connection(2)-127.0.0.1" daemon [_thread_in_vm, id=64928, stack(0x0000003cce600000,0x0000003cce700000)]
  0x00000169e6e47800 JavaThread "JMX server connection timeout 19" daemon [_thread_blocked, id=70316, stack(0x0000003cce700000,0x0000003cce800000)]

Other Threads:
  0x00000169e52a7000 VMThread "VM Thread" [stack: 0x0000003ccd500000,0x0000003ccd600000] [id=64388]
  0x00000169e6d12800 WatcherThread [stack: 0x0000003cce400000,0x0000003cce500000] [id=71008]
  0x00000169c6ec3000 GCTaskThread "GC Thread#0" [stack: 0x0000003ccd000000,0x0000003ccd100000] [id=53596]
  0x00000169e5ea9800 GCTaskThread "GC Thread#1" [stack: 0x0000003ccde00000,0x0000003ccdf00000] [id=70048]
  0x00000169e67ba800 GCTaskThread "GC Thread#2" [stack: 0x0000003ccdf00000,0x0000003cce000000] [id=68284]
  0x00000169c6ef1000 ConcurrentGCThread "G1 Main Marker" [stack: 0x0000003ccd100000,0x0000003ccd200000] [id=68532]
  0x00000169c6ef3000 ConcurrentGCThread "G1 Conc#0" [stack: 0x0000003ccd200000,0x0000003ccd300000] [id=67844]
  0x00000169e5112800 ConcurrentGCThread "G1 Refine#0" [stack: 0x0000003ccd300000,0x0000003ccd400000] [id=69960]
  0x00000169e5113800 ConcurrentGCThread "G1 Young RemSet Sampling" [stack: 0x0000003ccd400000,0x0000003ccd500000] [id=61608]

Threads with active compile tasks:
C1 CompilerThread01293       1       java.net.URLStreamHandler::parseURL (1201 bytes)

VM state:not at safepoint (normal execution)

VM Mutex/Monitor currently owned by a thread:  ([mutex/lock_event])
[0x00000169c6e9ee40] StringTableWeakAlloc_lock - owner thread: 0x00000169e6def000
[0x00000169c6e9ed20] CodeCache_lock - owner thread: 0x00000169e5b34800
[0x00000169c6ea3f90] Compile_lock - owner thread: 0x00000169e5b34800
[0x00000169c6ea5730] MethodCompileQueue_lock - owner thread: 0x00000169e5b34800

Heap address: 0x0000000081c00000, size: 2020 MB, Compressed Oops mode: 32-bit
Narrow klass base: 0x0000000000000000, Narrow klass shift: 3
Compressed class space size: 1073741824 Address: 0x0000000100000000

Heap:
 garbage-first heap   total 131072K, used 31331K [0x0000000081c00000, 0x0000000100000000)
  region size 1024K, 15 young (15360K), 1 survivors (1024K)
 Metaspace       used 14105K, capacity 14587K, committed 14848K, reserved 1062912K
  class space    used 1511K, capacity 1698K, committed 1792K, reserved 1048576K
Heap Regions: E=young(eden), S=young(survivor), O=old, HS=humongous(starts), HC=humongous(continues), CS=collection set, F=free, A=archive, TAMS=top-at-mark-start (previous, next)
|   0|0x0000000081c00000, 0x0000000081d00000, 0x0000000081d00000|100%|HS|  |TAMS 0x0000000081c00000, 0x0000000081c00000| Complete 
|   1|0x0000000081d00000, 0x0000000081e00000, 0x0000000081e00000|100%| O|  |TAMS 0x0000000081d00000, 0x0000000081d00000| Untracked 
|   2|0x0000000081e00000, 0x0000000081f00000, 0x0000000081f00000|100%| O|  |TAMS 0x0000000081e00000, 0x0000000081e00000| Untracked 
|   3|0x0000000081f00000, 0x0000000082000000, 0x0000000082000000|100%| O|  |TAMS 0x0000000081f00000, 0x0000000081f00000| Untracked 
|   4|0x0000000082000000, 0x0000000082100000, 0x0000000082100000|100%| O|  |TAMS 0x0000000082000000, 0x0000000082000000| Untracked 
|   5|0x0000000082100000, 0x0000000082200000, 0x0000000082200000|100%| O|  |TAMS 0x0000000082100000, 0x0000000082100000| Untracked 
|   6|0x0000000082200000, 0x0000000082300000, 0x0000000082300000|100%| O|  |TAMS 0x0000000082200000, 0x0000000082200000| Untracked 
|   7|0x0000000082300000, 0x0000000082400000, 0x0000000082400000|100%| O|  |TAMS 0x0000000082300000, 0x0000000082300000| Untracked 
|   8|0x0000000082400000, 0x0000000082500000, 0x0000000082500000|100%| O|  |TAMS 0x0000000082400000, 0x0000000082400000| Untracked 
|   9|0x0000000082500000, 0x0000000082600000, 0x0000000082600000|100%| O|  |TAMS 0x0000000082500000, 0x0000000082500000| Untracked 
|  10|0x0000000082600000, 0x0000000082700000, 0x0000000082700000|100%| O|  |TAMS 0x0000000082600000, 0x0000000082600000| Untracked 
|  11|0x0000000082700000, 0x0000000082800000, 0x0000000082800000|100%| O|  |TAMS 0x0000000082700000, 0x0000000082700000| Untracked 
|  12|0x0000000082800000, 0x0000000082900000, 0x0000000082900000|100%| O|  |TAMS 0x0000000082800000, 0x0000000082800000| Untracked 
|  13|0x0000000082900000, 0x0000000082a00000, 0x0000000082a00000|100%| O|  |TAMS 0x0000000082900000, 0x0000000082900000| Untracked 
|  14|0x0000000082a00000, 0x0000000082b00000, 0x0000000082b00000|100%| O|  |TAMS 0x0000000082a00000, 0x0000000082a00000| Untracked 
|  15|0x0000000082b00000, 0x0000000082c00000, 0x0000000082c00000|100%| O|  |TAMS 0x0000000082b00000, 0x0000000082b00000| Untracked 
|  16|0x0000000082c00000, 0x0000000082c98c00, 0x0000000082d00000| 59%| O|  |TAMS 0x0000000082c00000, 0x0000000082c00000| Untracked 
|  17|0x0000000082d00000, 0x0000000082d00000, 0x0000000082e00000|  0%| F|  |TAMS 0x0000000082d00000, 0x0000000082d00000| Untracked 
|  18|0x0000000082e00000, 0x0000000082e00000, 0x0000000082f00000|  0%| F|  |TAMS 0x0000000082e00000, 0x0000000082e00000| Untracked 
|  19|0x0000000082f00000, 0x0000000082f00000, 0x0000000083000000|  0%| F|  |TAMS 0x0000000082f00000, 0x0000000082f00000| Untracked 
|  20|0x0000000083000000, 0x0000000083000000, 0x0000000083100000|  0%| F|  |TAMS 0x0000000083000000, 0x0000000083000000| Untracked 
|  21|0x0000000083100000, 0x0000000083100000, 0x0000000083200000|  0%| F|  |TAMS 0x0000000083100000, 0x0000000083100000| Untracked 
|  22|0x0000000083200000, 0x0000000083200000, 0x0000000083300000|  0%| F|  |TAMS 0x0000000083200000, 0x0000000083200000| Untracked 
|  23|0x0000000083300000, 0x0000000083300000, 0x0000000083400000|  0%| F|  |TAMS 0x0000000083300000, 0x0000000083300000| Untracked 
|  24|0x0000000083400000, 0x0000000083400000, 0x0000000083500000|  0%| F|  |TAMS 0x0000000083400000, 0x0000000083400000| Untracked 
|  25|0x0000000083500000, 0x0000000083500000, 0x0000000083600000|  0%| F|  |TAMS 0x0000000083500000, 0x0000000083500000| Untracked 
|  26|0x0000000083600000, 0x0000000083600000, 0x0000000083700000|  0%| F|  |TAMS 0x0000000083600000, 0x0000000083600000| Untracked 
|  27|0x0000000083700000, 0x0000000083700000, 0x0000000083800000|  0%| F|  |TAMS 0x0000000083700000, 0x0000000083700000| Untracked 
|  28|0x0000000083800000, 0x0000000083800000, 0x0000000083900000|  0%| F|  |TAMS 0x0000000083800000, 0x0000000083800000| Untracked 
|  29|0x0000000083900000, 0x0000000083900000, 0x0000000083a00000|  0%| F|  |TAMS 0x0000000083900000, 0x0000000083900000| Untracked 
|  30|0x0000000083a00000, 0x0000000083a00000, 0x0000000083b00000|  0%| F|  |TAMS 0x0000000083a00000, 0x0000000083a00000| Untracked 
|  31|0x0000000083b00000, 0x0000000083b00000, 0x0000000083c00000|  0%| F|  |TAMS 0x0000000083b00000, 0x0000000083b00000| Untracked 
|  32|0x0000000083c00000, 0x0000000083c00000, 0x0000000083d00000|  0%| F|  |TAMS 0x0000000083c00000, 0x0000000083c00000| Untracked 
|  33|0x0000000083d00000, 0x0000000083d00000, 0x0000000083e00000|  0%| F|  |TAMS 0x0000000083d00000, 0x0000000083d00000| Untracked 
|  34|0x0000000083e00000, 0x0000000083e00000, 0x0000000083f00000|  0%| F|  |TAMS 0x0000000083e00000, 0x0000000083e00000| Untracked 
|  35|0x0000000083f00000, 0x0000000083f00000, 0x0000000084000000|  0%| F|  |TAMS 0x0000000083f00000, 0x0000000083f00000| Untracked 
|  36|0x0000000084000000, 0x0000000084000000, 0x0000000084100000|  0%| F|  |TAMS 0x0000000084000000, 0x0000000084000000| Untracked 
|  37|0x0000000084100000, 0x0000000084100000, 0x0000000084200000|  0%| F|  |TAMS 0x0000000084100000, 0x0000000084100000| Untracked 
|  38|0x0000000084200000, 0x0000000084200000, 0x0000000084300000|  0%| F|  |TAMS 0x0000000084200000, 0x0000000084200000| Untracked 
|  39|0x0000000084300000, 0x0000000084300000, 0x0000000084400000|  0%| F|  |TAMS 0x0000000084300000, 0x0000000084300000| Untracked 
|  40|0x0000000084400000, 0x0000000084400000, 0x0000000084500000|  0%| F|  |TAMS 0x0000000084400000, 0x0000000084400000| Untracked 
|  41|0x0000000084500000, 0x0000000084500000, 0x0000000084600000|  0%| F|  |TAMS 0x0000000084500000, 0x0000000084500000| Untracked 
|  42|0x0000000084600000, 0x0000000084600000, 0x0000000084700000|  0%| F|  |TAMS 0x0000000084600000, 0x0000000084600000| Untracked 
|  43|0x0000000084700000, 0x0000000084700000, 0x0000000084800000|  0%| F|  |TAMS 0x0000000084700000, 0x0000000084700000| Untracked 
|  44|0x0000000084800000, 0x0000000084800000, 0x0000000084900000|  0%| F|  |TAMS 0x0000000084800000, 0x0000000084800000| Untracked 
|  45|0x0000000084900000, 0x0000000084900000, 0x0000000084a00000|  0%| F|  |TAMS 0x0000000084900000, 0x0000000084900000| Untracked 
|  46|0x0000000084a00000, 0x0000000084a00000, 0x0000000084b00000|  0%| F|  |TAMS 0x0000000084a00000, 0x0000000084a00000| Untracked 
|  47|0x0000000084b00000, 0x0000000084b00000, 0x0000000084c00000|  0%| F|  |TAMS 0x0000000084b00000, 0x0000000084b00000| Untracked 
|  48|0x0000000084c00000, 0x0000000084c00000, 0x0000000084d00000|  0%| F|  |TAMS 0x0000000084c00000, 0x0000000084c00000| Untracked 
|  49|0x0000000084d00000, 0x0000000084d00000, 0x0000000084e00000|  0%| F|  |TAMS 0x0000000084d00000, 0x0000000084d00000| Untracked 
|  50|0x0000000084e00000, 0x0000000084e00000, 0x0000000084f00000|  0%| F|  |TAMS 0x0000000084e00000, 0x0000000084e00000| Untracked 
|  51|0x0000000084f00000, 0x0000000084f00000, 0x0000000085000000|  0%| F|  |TAMS 0x0000000084f00000, 0x0000000084f00000| Untracked 
|  52|0x0000000085000000, 0x0000000085000000, 0x0000000085100000|  0%| F|  |TAMS 0x0000000085000000, 0x0000000085000000| Untracked 
|  53|0x0000000085100000, 0x0000000085100000, 0x0000000085200000|  0%| F|  |TAMS 0x0000000085100000, 0x0000000085100000| Untracked 
|  54|0x0000000085200000, 0x0000000085200000, 0x0000000085300000|  0%| F|  |TAMS 0x0000000085200000, 0x0000000085200000| Untracked 
|  55|0x0000000085300000, 0x0000000085300000, 0x0000000085400000|  0%| F|  |TAMS 0x0000000085300000, 0x0000000085300000| Untracked 
|  56|0x0000000085400000, 0x0000000085400000, 0x0000000085500000|  0%| F|  |TAMS 0x0000000085400000, 0x0000000085400000| Untracked 
|  57|0x0000000085500000, 0x0000000085500000, 0x0000000085600000|  0%| F|  |TAMS 0x0000000085500000, 0x0000000085500000| Untracked 
|  58|0x0000000085600000, 0x0000000085600000, 0x0000000085700000|  0%| F|  |TAMS 0x0000000085600000, 0x0000000085600000| Untracked 
|  59|0x0000000085700000, 0x0000000085700000, 0x0000000085800000|  0%| F|  |TAMS 0x0000000085700000, 0x0000000085700000| Untracked 
|  60|0x0000000085800000, 0x0000000085800000, 0x0000000085900000|  0%| F|  |TAMS 0x0000000085800000, 0x0000000085800000| Untracked 
|  61|0x0000000085900000, 0x0000000085900000, 0x0000000085a00000|  0%| F|  |TAMS 0x0000000085900000, 0x0000000085900000| Untracked 
|  62|0x0000000085a00000, 0x0000000085a00000, 0x0000000085b00000|  0%| F|  |TAMS 0x0000000085a00000, 0x0000000085a00000| Untracked 
|  63|0x0000000085b00000, 0x0000000085b00000, 0x0000000085c00000|  0%| F|  |TAMS 0x0000000085b00000, 0x0000000085b00000| Untracked 
|  64|0x0000000085c00000, 0x0000000085c00000, 0x0000000085d00000|  0%| F|  |TAMS 0x0000000085c00000, 0x0000000085c00000| Untracked 
|  65|0x0000000085d00000, 0x0000000085d00000, 0x0000000085e00000|  0%| F|  |TAMS 0x0000000085d00000, 0x0000000085d00000| Untracked 
|  66|0x0000000085e00000, 0x0000000085e00000, 0x0000000085f00000|  0%| F|  |TAMS 0x0000000085e00000, 0x0000000085e00000| Untracked 
|  67|0x0000000085f00000, 0x0000000085f00000, 0x0000000086000000|  0%| F|  |TAMS 0x0000000085f00000, 0x0000000085f00000| Untracked 
|  68|0x0000000086000000, 0x0000000086000000, 0x0000000086100000|  0%| F|  |TAMS 0x0000000086000000, 0x0000000086000000| Untracked 
|  69|0x0000000086100000, 0x0000000086100000, 0x0000000086200000|  0%| F|  |TAMS 0x0000000086100000, 0x0000000086100000| Untracked 
|  70|0x0000000086200000, 0x0000000086200000, 0x0000000086300000|  0%| F|  |TAMS 0x0000000086200000, 0x0000000086200000| Untracked 
|  71|0x0000000086300000, 0x0000000086300000, 0x0000000086400000|  0%| F|  |TAMS 0x0000000086300000, 0x0000000086300000| Untracked 
|  72|0x0000000086400000, 0x0000000086400000, 0x0000000086500000|  0%| F|  |TAMS 0x0000000086400000, 0x0000000086400000| Untracked 
|  73|0x0000000086500000, 0x0000000086500000, 0x0000000086600000|  0%| F|  |TAMS 0x0000000086500000, 0x0000000086500000| Untracked 
|  74|0x0000000086600000, 0x0000000086600000, 0x0000000086700000|  0%| F|  |TAMS 0x0000000086600000, 0x0000000086600000| Untracked 
|  75|0x0000000086700000, 0x0000000086700000, 0x0000000086800000|  0%| F|  |TAMS 0x0000000086700000, 0x0000000086700000| Untracked 
|  76|0x0000000086800000, 0x0000000086800000, 0x0000000086900000|  0%| F|  |TAMS 0x0000000086800000, 0x0000000086800000| Untracked 
|  77|0x0000000086900000, 0x0000000086900000, 0x0000000086a00000|  0%| F|  |TAMS 0x0000000086900000, 0x0000000086900000| Untracked 
|  78|0x0000000086a00000, 0x0000000086a00000, 0x0000000086b00000|  0%| F|  |TAMS 0x0000000086a00000, 0x0000000086a00000| Untracked 
|  79|0x0000000086b00000, 0x0000000086b00000, 0x0000000086c00000|  0%| F|  |TAMS 0x0000000086b00000, 0x0000000086b00000| Untracked 
|  80|0x0000000086c00000, 0x0000000086c00000, 0x0000000086d00000|  0%| F|  |TAMS 0x0000000086c00000, 0x0000000086c00000| Untracked 
|  81|0x0000000086d00000, 0x0000000086d00000, 0x0000000086e00000|  0%| F|  |TAMS 0x0000000086d00000, 0x0000000086d00000| Untracked 
|  82|0x0000000086e00000, 0x0000000086e00000, 0x0000000086f00000|  0%| F|  |TAMS 0x0000000086e00000, 0x0000000086e00000| Untracked 
|  83|0x0000000086f00000, 0x0000000086f00000, 0x0000000087000000|  0%| F|  |TAMS 0x0000000086f00000, 0x0000000086f00000| Untracked 
|  84|0x0000000087000000, 0x0000000087000000, 0x0000000087100000|  0%| F|  |TAMS 0x0000000087000000, 0x0000000087000000| Untracked 
|  85|0x0000000087100000, 0x0000000087100000, 0x0000000087200000|  0%| F|  |TAMS 0x0000000087100000, 0x0000000087100000| Untracked 
|  86|0x0000000087200000, 0x0000000087200000, 0x0000000087300000|  0%| F|  |TAMS 0x0000000087200000, 0x0000000087200000| Untracked 
|  87|0x0000000087300000, 0x0000000087300000, 0x0000000087400000|  0%| F|  |TAMS 0x0000000087300000, 0x0000000087300000| Untracked 
|  88|0x0000000087400000, 0x0000000087400000, 0x0000000087500000|  0%| F|  |TAMS 0x0000000087400000, 0x0000000087400000| Untracked 
|  89|0x0000000087500000, 0x0000000087500000, 0x0000000087600000|  0%| F|  |TAMS 0x0000000087500000, 0x0000000087500000| Untracked 
|  90|0x0000000087600000, 0x0000000087600000, 0x0000000087700000|  0%| F|  |TAMS 0x0000000087600000, 0x0000000087600000| Untracked 
|  91|0x0000000087700000, 0x0000000087700000, 0x0000000087800000|  0%| F|  |TAMS 0x0000000087700000, 0x0000000087700000| Untracked 
|  92|0x0000000087800000, 0x0000000087800000, 0x0000000087900000|  0%| F|  |TAMS 0x0000000087800000, 0x0000000087800000| Untracked 
|  93|0x0000000087900000, 0x0000000087900000, 0x0000000087a00000|  0%| F|  |TAMS 0x0000000087900000, 0x0000000087900000| Untracked 
|  94|0x0000000087a00000, 0x0000000087a00000, 0x0000000087b00000|  0%| F|  |TAMS 0x0000000087a00000, 0x0000000087a00000| Untracked 
|  95|0x0000000087b00000, 0x0000000087b00000, 0x0000000087c00000|  0%| F|  |TAMS 0x0000000087b00000, 0x0000000087b00000| Untracked 
|  96|0x0000000087c00000, 0x0000000087c00000, 0x0000000087d00000|  0%| F|  |TAMS 0x0000000087c00000, 0x0000000087c00000| Untracked 
|  97|0x0000000087d00000, 0x0000000087d00000, 0x0000000087e00000|  0%| F|  |TAMS 0x0000000087d00000, 0x0000000087d00000| Untracked 
|  98|0x0000000087e00000, 0x0000000087e00000, 0x0000000087f00000|  0%| F|  |TAMS 0x0000000087e00000, 0x0000000087e00000| Untracked 
|  99|0x0000000087f00000, 0x0000000087f00000, 0x0000000088000000|  0%| F|  |TAMS 0x0000000087f00000, 0x0000000087f00000| Untracked 
| 100|0x0000000088000000, 0x0000000088000000, 0x0000000088100000|  0%| F|  |TAMS 0x0000000088000000, 0x0000000088000000| Untracked 
| 101|0x0000000088100000, 0x0000000088100000, 0x0000000088200000|  0%| F|  |TAMS 0x0000000088100000, 0x0000000088100000| Untracked 
| 102|0x0000000088200000, 0x0000000088200000, 0x0000000088300000|  0%| F|  |TAMS 0x0000000088200000, 0x0000000088200000| Untracked 
| 103|0x0000000088300000, 0x0000000088300000, 0x0000000088400000|  0%| F|  |TAMS 0x0000000088300000, 0x0000000088300000| Untracked 
| 104|0x0000000088400000, 0x0000000088400000, 0x0000000088500000|  0%| F|  |TAMS 0x0000000088400000, 0x0000000088400000| Untracked 
| 105|0x0000000088500000, 0x0000000088500000, 0x0000000088600000|  0%| F|  |TAMS 0x0000000088500000, 0x0000000088500000| Untracked 
| 106|0x0000000088600000, 0x0000000088600000, 0x0000000088700000|  0%| F|  |TAMS 0x0000000088600000, 0x0000000088600000| Untracked 
| 107|0x0000000088700000, 0x0000000088700000, 0x0000000088800000|  0%| F|  |TAMS 0x0000000088700000, 0x0000000088700000| Untracked 
| 108|0x0000000088800000, 0x0000000088800000, 0x0000000088900000|  0%| F|  |TAMS 0x0000000088800000, 0x0000000088800000| Untracked 
| 109|0x0000000088900000, 0x0000000088900000, 0x0000000088a00000|  0%| F|  |TAMS 0x0000000088900000, 0x0000000088900000| Untracked 
| 110|0x0000000088a00000, 0x0000000088a00000, 0x0000000088b00000|  0%| F|  |TAMS 0x0000000088a00000, 0x0000000088a00000| Untracked 
| 111|0x0000000088b00000, 0x0000000088b00000, 0x0000000088c00000|  0%| F|  |TAMS 0x0000000088b00000, 0x0000000088b00000| Untracked 
| 112|0x0000000088c00000, 0x0000000088c00000, 0x0000000088d00000|  0%| F|  |TAMS 0x0000000088c00000, 0x0000000088c00000| Untracked 
| 113|0x0000000088d00000, 0x0000000088d99e20, 0x0000000088e00000| 60%| E|  |TAMS 0x0000000088d00000, 0x0000000088d00000| Complete 
| 114|0x0000000088e00000, 0x0000000088f00000, 0x0000000088f00000|100%| E|CS|TAMS 0x0000000088e00000, 0x0000000088e00000| Complete 
| 115|0x0000000088f00000, 0x0000000089000000, 0x0000000089000000|100%| E|CS|TAMS 0x0000000088f00000, 0x0000000088f00000| Complete 
| 116|0x0000000089000000, 0x0000000089100000, 0x0000000089100000|100%| E|CS|TAMS 0x0000000089000000, 0x0000000089000000| Complete 
| 117|0x0000000089100000, 0x0000000089200000, 0x0000000089200000|100%| E|CS|TAMS 0x0000000089100000, 0x0000000089100000| Complete 
| 118|0x0000000089200000, 0x0000000089300000, 0x0000000089300000|100%| E|CS|TAMS 0x0000000089200000, 0x0000000089200000| Complete 
| 119|0x0000000089300000, 0x0000000089400000, 0x0000000089400000|100%| E|CS|TAMS 0x0000000089300000, 0x0000000089300000| Complete 
| 120|0x0000000089400000, 0x0000000089500000, 0x0000000089500000|100%| E|CS|TAMS 0x0000000089400000, 0x0000000089400000| Complete 
| 121|0x0000000089500000, 0x0000000089600000, 0x0000000089600000|100%| S|CS|TAMS 0x0000000089500000, 0x0000000089500000| Complete 
| 122|0x0000000089600000, 0x0000000089700000, 0x0000000089700000|100%| E|CS|TAMS 0x0000000089600000, 0x0000000089600000| Complete 
| 123|0x0000000089700000, 0x0000000089800000, 0x0000000089800000|100%| E|CS|TAMS 0x0000000089700000, 0x0000000089700000| Complete 
| 124|0x0000000089800000, 0x0000000089900000, 0x0000000089900000|100%| E|CS|TAMS 0x0000000089800000, 0x0000000089800000| Complete 
| 125|0x0000000089900000, 0x0000000089a00000, 0x0000000089a00000|100%| E|CS|TAMS 0x0000000089900000, 0x0000000089900000| Complete 
| 126|0x0000000089a00000, 0x0000000089b00000, 0x0000000089b00000|100%| E|CS|TAMS 0x0000000089a00000, 0x0000000089a00000| Complete 
| 127|0x0000000089b00000, 0x0000000089c00000, 0x0000000089c00000|100%| E|CS|TAMS 0x0000000089b00000, 0x0000000089b00000| Complete 

Card table byte_map: [0x00000169de650000,0x00000169dea50000] _byte_map_base: 0x00000169de242000

Marking Bits (Prev, Next): (CMBitMap*) 0x00000169c6ee8808, (CMBitMap*) 0x00000169c6ee8840
 Prev Bits: [0x00000169dee50000, 0x00000169e0de0000)
 Next Bits: [0x00000169e0de0000, 0x00000169e2d70000)

Polling page: 0x00000169c6620000

Metaspace:

Usage:
  Non-class:     12.59 MB capacity,    12.30 MB ( 98%) used,   256.14 KB (  2%) free+waste,    38.69 KB ( <1%) overhead. 
      Class:      1.66 MB capacity,     1.48 MB ( 89%) used,   167.03 KB ( 10%) free+waste,    19.56 KB (  1%) overhead. 
       Both:     14.25 MB capacity,    13.77 MB ( 97%) used,   423.17 KB (  3%) free+waste,    58.25 KB ( <1%) overhead. 

Virtual space:
  Non-class space:       14.00 MB reserved,      12.75 MB ( 91%) committed 
      Class space:        1.00 GB reserved,       1.75 MB ( <1%) committed 
             Both:        1.01 GB reserved,      14.50 MB (  1%) committed 

Chunk freelists:
   Non-Class:  0 bytes
       Class:  0 bytes
        Both:  0 bytes

CodeHeap 'non-profiled nmethods': size=238912Kb used=1889Kb max_used=1889Kb free=237022Kb
 bounds [0x00000169cf900000, 0x00000169cfb70000, 0x00000169de250000]
CodeHeap 'non-nmethods': size=6848Kb used=1124Kb max_used=1124Kb free=5723Kb
 bounds [0x00000169cf250000, 0x00000169cf4c0000, 0x00000169cf900000]
 total_blobs=1747 nmethods=1294 adapters=362
 compilation: enabled
              stopped_count=0, restarted_count=0
 full_count=0

Compilation events (10 events):
Event: 2.116 Thread 0x00000169e5b34800 nmethod 1287 0x00000169cfacfd90 code [0x00000169cfacff20, 0x00000169cfad0038]
Event: 2.116 Thread 0x00000169e5b34800 1283       1       java.lang.invoke.DirectMethodHandle::preparedLambdaForm (31 bytes)
Event: 2.116 Thread 0x00000169e5b34800 nmethod 1283 0x00000169cfad0090 code [0x00000169cfad0260, 0x00000169cfad0410]
Event: 2.116 Thread 0x00000169e5b34800 1288       1       jdk.internal.org.objectweb.asm.AnnotationWriter::put (109 bytes)
Event: 2.117 Thread 0x00000169e5b34800 nmethod 1288 0x00000169cfad0910 code [0x00000169cfad0ae0, 0x00000169cfad0dc0]
Event: 2.117 Thread 0x00000169e5b34800 1289       1       java.util.jar.Attributes::getValue (9 bytes)
Event: 2.117 Thread 0x00000169e5b34800 nmethod 1289 0x00000169cfad1010 code [0x00000169cfad11c0, 0x00000169cfad1330]
Event: 2.117 Thread 0x00000169e5b34800 1290       1       java.util.jar.Attributes::get (11 bytes)
Event: 2.117 Thread 0x00000169e5b34800 nmethod 1290 0x00000169cfad1410 code [0x00000169cfad15c0, 0x00000169cfad1710]
Event: 2.117 Thread 0x00000169e5b34800 1293       1       java.net.URLStreamHandler::parseURL (1201 bytes)

GC Heap History (4 events):
Event: 1.142 GC heap before
{Heap before GC invocations=0 (full 0):
 garbage-first heap   total 131072K, used 14336K [0x0000000081c00000, 0x0000000100000000)
  region size 1024K, 14 young (14336K), 0 survivors (0K)
 Metaspace       used 6072K, capacity 6170K, committed 6272K, reserved 1056768K
  class space    used 538K, capacity 567K, committed 640K, reserved 1048576K
}
Event: 1.154 GC heap after
{Heap after GC invocations=1 (full 0):
 garbage-first heap   total 131072K, used 12233K [0x0000000081c00000, 0x0000000100000000)
  region size 1024K, 2 young (2048K), 2 survivors (2048K)
 Metaspace       used 6072K, capacity 6170K, committed 6272K, reserved 1056768K
  class space    used 538K, capacity 567K, committed 640K, reserved 1048576K
}
Event: 1.300 GC heap before
{Heap before GC invocations=1 (full 0):
 garbage-first heap   total 131072K, used 17353K [0x0000000081c00000, 0x0000000100000000)
  region size 1024K, 8 young (8192K), 2 survivors (2048K)
 Metaspace       used 7123K, capacity 7177K, committed 7424K, reserved 1056768K
  class space    used 651K, capacity 668K, committed 768K, reserved 1048576K
}
Event: 1.309 GC heap after
{Heap after GC invocations=2 (full 0):
 garbage-first heap   total 131072K, used 18019K [0x0000000081c00000, 0x0000000100000000)
  region size 1024K, 1 young (1024K), 1 survivors (1024K)
 Metaspace       used 7123K, capacity 7177K, committed 7424K, reserved 1056768K
  class space    used 651K, capacity 668K, committed 768K, reserved 1048576K
}

Deoptimization events (0 events):
No events

Classes redefined (0 events):
No events

Internal exceptions (10 events):
Event: 1.877 Thread 0x00000169c6eaa800 Exception <a 'java/lang/ClassNotFoundException'{0x00000000897299b0}: javax/management/remote/rmi/RMIServerImpl_Skel> (0x00000000897299b0) thrown at [./open/src/hotspot/share/classfile/systemDictionary.cpp, line 228]
Event: 1.920 Thread 0x00000169e6cef800 Exception <a 'java/lang/NoSuchMethodError'{0x00000000896454f8}: java.lang.invoke.DirectMethodHandle$Holder.invokeStatic(Ljava/lang/Object;Ljava/lang/Object;Ljava/lang/Object;Ljava/lang/Object;Ljava/lang/Object;Ljava/lang/Object;Ljava/lang/Object;Ljava/lan
Event: 1.922 Thread 0x00000169e6cef800 Exception <a 'java/lang/NoSuchMethodError'{0x0000000089651fa8}: java.lang.invoke.DirectMethodHandle$Holder.invokeStatic(Ljava/lang/Object;Ljava/lang/Object;Ljava/lang/Object;Ljava/lang/Object;Ljava/lang/Object;Ljava/lang/Object;Ljava/lang/Object;Ljava/lan
Event: 1.924 Thread 0x00000169c6eaa800 Exception <a 'java/lang/ClassNotFoundException'{0x00000000897fe498}: jdk/internal/agent/resources/spi/agentProvider> (0x00000000897fe498) thrown at [./open/src/hotspot/share/classfile/systemDictionary.cpp, line 228]
Event: 1.925 Thread 0x00000169e6cef800 Exception <a 'java/lang/NoSuchMethodError'{0x000000008966ba80}: java.lang.invoke.DelegatingMethodHandle$Holder.reinvoke_L(Ljava/lang/Object;ILjava/lang/Object;)Ljava/lang/Object;> (0x000000008966ba80) thrown at [./open/src/hotspot/share/interpreter/linkRe
Event: 2.010 Thread 0x00000169c6eaa800 Exception <a 'java/lang/ClassNotFoundException'{0x0000000089228bb0}: javax/smartcardio/CardPermission> (0x0000000089228bb0) thrown at [./open/src/hotspot/share/classfile/systemDictionary.cpp, line 228]
Event: 2.024 Thread 0x00000169c6eaa800 Exception <a 'java/io/FileNotFoundException'{0x0000000089236f78}> (0x0000000089236f78) thrown at [./open/src/hotspot/share/prims/jni.cpp, line 611]
Event: 2.072 Thread 0x00000169e6def000 Exception <a 'java/lang/NoSuchMethodError'{0x0000000089023888}: static [B.<clinit>()V> (0x0000000089023888) thrown at [./open/src/hotspot/share/prims/jni.cpp, line 1362]
Event: 2.121 Thread 0x00000169e6def000 Exception <a 'java/lang/ClassNotFoundException'{0x0000000088e181e0}: javax/management/remote/rmi/RMIConnectionImpl_Skel> (0x0000000088e181e0) thrown at [./open/src/hotspot/share/classfile/systemDictionary.cpp, line 228]
Event: 2.132 Thread 0x00000169e6e47800 Exception <a 'java/lang/NoSuchMethodError'{0x0000000088d1bae8}: java.lang.invoke.Invokers$Holder.linkToTargetMethod(Ljava/lang/Object;JLjava/lang/Object;)Ljava/lang/Object;> (0x0000000088d1bae8) thrown at [./open/src/hotspot/share/interpreter/linkResolver

Events (10 events):
Event: 2.127 Executing VM operation: RevokeBias
Event: 2.127 Executing VM operation: RevokeBias done
Event: 2.128 loading class org/springframework/core/io/ResourceLoader
Event: 2.128 loading class org/springframework/core/io/ResourceLoader done
Event: 2.133 loading class org/springframework/context/ConfigurableApplicationContext
Event: 2.133 loading class org/springframework/context/ConfigurableApplicationContext done
Event: 2.133 loading class org/springframework/context/Lifecycle
Event: 2.133 loading class org/springframework/context/Lifecycle done
Event: 2.136 loading class org/springframework/context/ApplicationContextInitializer
Event: 2.136 loading class org/springframework/context/ApplicationContextInitializer done


Dynamic libraries:
0x00007ff7c7ef0000 - 0x00007ff7c7f37000 	C:\Program Files\Java\jdk-11.0.7\bin\javaw.exe
0x00007fff8a8e0000 - 0x00007fff8aad0000 	C:\WINDOWS\SYSTEM32\ntdll.dll
0x00007fff8a5b0000 - 0x00007fff8a662000 	C:\WINDOWS\System32\KERNEL32.DLL
0x00007fff87c30000 - 0x00007fff87ed4000 	C:\WINDOWS\System32\KERNELBASE.dll
0x00007fff845b0000 - 0x00007fff8463f000 	C:\WINDOWS\SYSTEM32\apphelp.dll
0x00007fff2c300000 - 0x00007fff2c792000 	C:\WINDOWS\SYSTEM32\AcLayers.DLL
0x00007fff89da0000 - 0x00007fff89e3e000 	C:\WINDOWS\System32\msvcrt.dll
0x00007fff89f70000 - 0x00007fff8a104000 	C:\WINDOWS\System32\USER32.dll
0x00007fff88960000 - 0x00007fff88981000 	C:\WINDOWS\System32\win32u.dll
0x00007fff89a60000 - 0x00007fff89a86000 	C:\WINDOWS\System32\GDI32.dll
0x00007fff87990000 - 0x00007fff87b24000 	C:\WINDOWS\System32\gdi32full.dll
0x00007fff87b30000 - 0x00007fff87bce000 	C:\WINDOWS\System32\msvcp_win.dll
0x00007fff87870000 - 0x00007fff8796a000 	C:\WINDOWS\System32\ucrtbase.dll
0x00007fff8a550000 - 0x00007fff8a5a2000 	C:\WINDOWS\System32\SHLWAPI.dll
0x00007fff8a170000 - 0x00007fff8a4a6000 	C:\WINDOWS\System32\combase.dll
0x00007fff88990000 - 0x00007fff88ab0000 	C:\WINDOWS\System32\RPCRT4.dll
0x00007fff886e0000 - 0x00007fff88760000 	C:\WINDOWS\System32\bcryptPrimitives.dll
0x00007fff88d00000 - 0x00007fff88da3000 	C:\WINDOWS\System32\ADVAPI32.dll
0x00007fff88c60000 - 0x00007fff88cf7000 	C:\WINDOWS\System32\sechost.dll
0x00000169c4bd0000 - 0x00000169c4bd3000 	C:\WINDOWS\SYSTEM32\sfc.dll
0x00007fff68290000 - 0x00007fff68319000 	C:\WINDOWS\SYSTEM32\WINSPOOL.DRV
0x00007fff877b0000 - 0x00007fff877c1000 	C:\WINDOWS\System32\kernel.appcore.dll
0x00007fff87ee0000 - 0x00007fff87f06000 	C:\WINDOWS\System32\bcrypt.dll
0x00007fff854e0000 - 0x00007fff855d0000 	C:\WINDOWS\SYSTEM32\PROPSYS.dll
0x00007fff89cd0000 - 0x00007fff89d94000 	C:\WINDOWS\System32\OLEAUT32.dll
0x00007fff89a90000 - 0x00007fff89b39000 	C:\WINDOWS\System32\shcore.dll
0x00007fff86d20000 - 0x00007fff86d5a000 	C:\WINDOWS\SYSTEM32\IPHLPAPI.DLL
0x00007fff76db0000 - 0x00007fff76dc1000 	C:\WINDOWS\SYSTEM32\sfc_os.DLL
0x00007fff89f40000 - 0x00007fff89f6e000 	C:\WINDOWS\System32\IMM32.DLL
0x00007fff7a390000 - 0x00007fff7a614000 	C:\WINDOWS\WinSxS\amd64_microsoft.windows.common-controls_6595b64144ccf1df_6.0.18362.836_none_e6c4b943130f18ed\COMCTL32.dll
0x00007fff7e470000 - 0x00007fff7e47a000 	C:\WINDOWS\SYSTEM32\VERSION.dll
0x00007fff7ef70000 - 0x00007fff7ef86000 	C:\Program Files\Java\jdk-11.0.7\bin\vcruntime140.dll
0x00007fff5fb00000 - 0x00007fff5fbaa000 	C:\Program Files\Java\jdk-11.0.7\bin\msvcp140.dll
0x00007fff48350000 - 0x00007fff48eb1000 	C:\Program Files\Java\jdk-11.0.7\bin\server\jvm.dll
0x00007fff89360000 - 0x00007fff89368000 	C:\WINDOWS\System32\PSAPI.DLL
0x00007fff83f30000 - 0x00007fff83f54000 	C:\WINDOWS\SYSTEM32\WINMM.dll
0x00007fff83f00000 - 0x00007fff83f2d000 	C:\WINDOWS\SYSTEM32\WINMMBASE.dll
0x00007fff88690000 - 0x00007fff886da000 	C:\WINDOWS\System32\cfgmgr32.dll
0x00007fff783f0000 - 0x00007fff783f9000 	C:\WINDOWS\SYSTEM32\WSOCK32.dll
0x00007fff89ba0000 - 0x00007fff89c0f000 	C:\WINDOWS\System32\WS2_32.dll
0x00007fff80200000 - 0x00007fff80211000 	C:\Program Files\Java\jdk-11.0.7\bin\verify.dll
0x00007fff860d0000 - 0x00007fff862c4000 	C:\WINDOWS\SYSTEM32\DBGHELP.DLL
0x00007fff79080000 - 0x00007fff790aa000 	C:\WINDOWS\SYSTEM32\dbgcore.DLL
0x00007fff7ec90000 - 0x00007fff7ecb9000 	C:\Program Files\Java\jdk-11.0.7\bin\java.dll
0x00007fff84020000 - 0x00007fff8402a000 	C:\Program Files\Java\jdk-11.0.7\bin\jimage.dll
0x00007fff7fe60000 - 0x00007fff7fe76000 	C:\Program Files\Java\jdk-11.0.7\bin\zip.dll
0x00007fff89370000 - 0x00007fff89a54000 	C:\WINDOWS\System32\SHELL32.dll
0x00007fff87f10000 - 0x00007fff8868e000 	C:\WINDOWS\System32\windows.storage.dll
0x00007fff877f0000 - 0x00007fff87813000 	C:\WINDOWS\System32\profapi.dll
0x00007fff87820000 - 0x00007fff8786a000 	C:\WINDOWS\System32\powrprof.dll
0x00007fff877a0000 - 0x00007fff877b0000 	C:\WINDOWS\System32\UMPDC.dll
0x00007fff87970000 - 0x00007fff87987000 	C:\WINDOWS\System32\cryptsp.dll
0x00007fff7fe20000 - 0x00007fff7fe39000 	C:\Program Files\Java\jdk-11.0.7\bin\net.dll
0x00007fff7c1c0000 - 0x00007fff7c2b0000 	C:\WINDOWS\SYSTEM32\WINHTTP.dll
0x00007fff87010000 - 0x00007fff87077000 	C:\WINDOWS\system32\mswsock.dll
0x00007fff7ec70000 - 0x00007fff7ec83000 	C:\Program Files\Java\jdk-11.0.7\bin\nio.dll
0x00007fff82530000 - 0x00007fff82539000 	C:\Program Files\Java\jdk-11.0.7\bin\management.dll
0x00007fff802c0000 - 0x00007fff802cc000 	C:\Program Files\Java\jdk-11.0.7\bin\management_ext.dll
0x00007fff6e2a0000 - 0x00007fff6e2b6000 	C:\WINDOWS\system32\napinsp.dll
0x00007fff6e280000 - 0x00007fff6e29a000 	C:\WINDOWS\system32\pnrpnsp.dll
0x00007fff86d60000 - 0x00007fff86e2b000 	C:\WINDOWS\SYSTEM32\DNSAPI.dll
0x00007fff89f30000 - 0x00007fff89f38000 	C:\WINDOWS\System32\NSI.dll
0x00007fff6e270000 - 0x00007fff6e27e000 	C:\WINDOWS\System32\winrnr.dll
0x00007fff82470000 - 0x00007fff8248c000 	C:\WINDOWS\system32\NLAapi.dll
0x00007fff82380000 - 0x00007fff82395000 	C:\WINDOWS\system32\wshbth.dll
0x00007fff7fa80000 - 0x00007fff7fa8a000 	C:\Windows\System32\rasadhlp.dll
0x00007fff7bd20000 - 0x00007fff7bd97000 	C:\WINDOWS\System32\fwpuclnt.dll
0x00007fff86b80000 - 0x00007fff86bb3000 	C:\WINDOWS\system32\rsaenh.dll
0x00007fff876c0000 - 0x00007fff876e5000 	C:\WINDOWS\SYSTEM32\USERENV.dll
0x00007fff871e0000 - 0x00007fff871ec000 	C:\WINDOWS\SYSTEM32\CRYPTBASE.dll
0x00007fff7be00000 - 0x00007fff7be16000 	C:\WINDOWS\SYSTEM32\dhcpcsvc6.DLL
0x00007fff7c1a0000 - 0x00007fff7c1bc000 	C:\WINDOWS\SYSTEM32\dhcpcsvc.DLL

dbghelp: loaded successfully - version: 4.0.5 - missing functions: none
symbol engine: initialized successfully - sym options: 0x614 - pdb path: .;C:\Program Files\Java\jdk-11.0.7\bin;C:\WINDOWS\SYSTEM32;C:\WINDOWS\WinSxS\amd64_microsoft.windows.common-controls_6595b64144ccf1df_6.0.18362.836_none_e6c4b943130f18ed;C:\Program Files\Java\jdk-11.0.7\bin\server

VM Arguments:
jvm_args: -Dcom.sun.management.jmxremote -Dcom.sun.management.jmxremote.port=62274 -Dcom.sun.management.jmxremote.authenticate=false -Dcom.sun.management.jmxremote.ssl=false -Djava.rmi.server.hostname=localhost -Dspring.jmx.enabled=true -Dspring.application.admin.enabled=true -Xverify:none -XX:TieredStopAtLevel=1 -Dspring.boot.project.name=proj_spring_ionic -Dfile.encoding=UTF-8 
java_command: com.devalex.spring_ionic.ProjSpringIonicApplication --spring.output.ansi.enabled=always
java_class_path (initial): C:\temp\ws-sts\proj_spring_ionic\target\classes;C:\Users\alexm\.m2\repository\org\springframework\boot\spring-boot-starter-web\2.2.7.RELEASE\spring-boot-starter-web-2.2.7.RELEASE.jar;C:\Users\alexm\.m2\repository\org\springframework\boot\spring-boot-starter\2.2.7.RELEASE\spring-boot-starter-2.2.7.RELEASE.jar;C:\Users\alexm\.m2\repository\org\springframework\boot\spring-boot-starter-logging\2.2.7.RELEASE\spring-boot-starter-logging-2.2.7.RELEASE.jar;C:\Users\alexm\.m2\repository\ch\qos\logback\logback-classic\1.2.3\logback-classic-1.2.3.jar;C:\Users\alexm\.m2\repository\ch\qos\logback\logback-core\1.2.3\logback-core-1.2.3.jar;C:\Users\alexm\.m2\repository\org\apache\logging\log4j\log4j-to-slf4j\2.12.1\log4j-to-slf4j-2.12.1.jar;C:\Users\alexm\.m2\repository\org\apache\logging\log4j\log4j-api\2.12.1\log4j-api-2.12.1.jar;C:\Users\alexm\.m2\repository\org\slf4j\jul-to-slf4j\1.7.30\jul-to-slf4j-1.7.30.jar;C:\Users\alexm\.m2\repository\jakarta\annotation\jakarta.annotation-api\1.3.5\jakarta.annotation-api-1.3.5.jar;C:\Users\alexm\.m2\repository\org\yaml\snakeyaml\1.25\snakeyaml-1.25.jar;C:\Users\alexm\.m2\repository\org\springframework\boot\spring-boot-starter-json\2.2.7.RELEASE\spring-boot-starter-json-2.2.7.RELEASE.jar;C:\Users\alexm\.m2\repository\com\fasterxml\jackson\datatype\jackson-datatype-jdk8\2.10.4\jackson-datatype-jdk8-2.10.4.jar;C:\Users\alexm\.m2\repository\com\fasterxml\jackson\datatype\jackson-datatype-jsr310\2.10.4\jackson-datatype-jsr310-2.10.4.jar;C:\Users\alexm\.m2\repository\com\fasterxml\jackson\module\jackson-module-parameter-names\2.10.4\jackson-module-parameter-names-2.10.4.jar;C:\Users\alexm\.m2\repository\org\springframework\boot\spring-boot-starter-tomcat\2.2.7.RELEASE\spring-boot-starter-tomcat-2.2.7.RELEASE.jar;C:\Users\alexm\.m2\repository\org\apache\tomcat\embed\tomcat-embed-core\9.0.34\tomcat-embed-core-9.0.34.jar;C:\Users\alexm\.m2\repository\org\apache\tomcat\embed\tomcat-embed-el\9.0.34\tomcat-embed-el-9.0.34
Launcher Type: SUN_STANDARD

[Global flags]
     bool BytecodeVerificationLocal                = false                                     {product} {command line}
     bool BytecodeVerificationRemote               = false                                     {product} {command line}
     intx CICompilerCount                          = 3                                         {product} {ergonomic}
     uint ConcGCThreads                            = 1                                         {product} {ergonomic}
     uint G1ConcRefinementThreads                  = 4                                         {product} {ergonomic}
   size_t G1HeapRegionSize                         = 1048576                                   {product} {ergonomic}
    uintx GCDrainStackTargetSize                   = 64                                        {product} {ergonomic}
   size_t InitialHeapSize                          = 134217728                                 {product} {ergonomic}
     bool ManagementServer                         = true                                      {product} {command line}
   size_t MarkStackSize                            = 4194304                                   {product} {ergonomic}
   size_t MaxHeapSize                              = 2118123520                                {product} {ergonomic}
   size_t MaxNewSize                               = 1270874112                                {product} {ergonomic}
   size_t MinHeapDeltaBytes                        = 1048576                                   {product} {ergonomic}
    uintx NonNMethodCodeHeapSize                   = 6973028                                {pd product} {ergonomic}
    uintx NonProfiledCodeHeapSize                  = 244685212                              {pd product} {ergonomic}
    uintx ProfiledCodeHeapSize                     = 0                                      {pd product} {ergonomic}
    uintx ReservedCodeCacheSize                    = 251658240                              {pd product} {ergonomic}
     bool SegmentedCodeCache                       = true                                      {product} {ergonomic}
     intx TieredStopAtLevel                        = 1                                         {product} {command line}
     bool UseCompressedClassPointers               = true                                 {lp64_product} {ergonomic}
     bool UseCompressedOops                        = true                                 {lp64_product} {ergonomic}
     bool UseG1GC                                  = true                                      {product} {ergonomic}
     bool UseLargePagesIndividualAllocation        = false                                  {pd product} {ergonomic}

Logging:
Log output configuration:
 #0: stdout all=warning uptime,level,tags
 #1: stderr all=off uptime,level,tags

Environment Variables:
JAVA_HOME=C:\Program Files\Java\jdk-11.0.7
PATH=C:/Program Files/Java/jdk-11.0.7/bin/server;C:/Program Files/Java/jdk-11.0.7/bin;C:\Program Files (x86)\Intel\Intel(R) Management Engine Components\iCLS\;C:\Program Files\Intel\Intel(R) Management Engine Components\iCLS\;C:\WINDOWS\system32;C:\WINDOWS;C:\WINDOWS\System32\Wbem;C:\WINDOWS\System32\WindowsPowerShell\v1.0\;C:\WINDOWS\System32\OpenSSH\;C:\Program Files (x86)\Intel\Intel(R) Management Engine Components\DAL;C:\Program Files\Intel\Intel(R) Management Engine Components\DAL;C:\Program Files (x86)\Intel\Intel(R) Management Engine Components\IPT;C:\Program Files\Intel\Intel(R) Management Engine Components\IPT;C:\Program Files\Git\cmd;C:\Program Files\MongoDB\Server\4.2\bin;C:\Program Files\Java\jdk-11.0.7\bin;C:\xampp\mysql\bin;C:\Program Files\MySQL\MySQL Shell 8.0\bin\;C:\Users\alexm\AppData\Local\Microsoft\WindowsApps;C:\Program Files\heroku\bin;C:\Users\alexm\Documents\sts-4.6.1.RELEASE;
USERNAME=alexm
OS=Windows_NT
PROCESSOR_IDENTIFIER=Intel64 Family 6 Model 142 Stepping 9, GenuineIntel



---------------  S Y S T E M  ---------------

OS: Windows 10 , 64 bit Build 18362 (10.0.18362.778)

CPU:total 4 (initial active 4) (2 cores per cpu, 2 threads per core) family 6 model 142 stepping 9, cmov, cx8, fxsr, mmx, sse, sse2, sse3, ssse3, sse4.1, sse4.2, popcnt, avx, avx2, aes, clmul, erms, 3dnowpref, lzcnt, ht, tsc, tscinvbit, bmi1, bmi2, adx, fma

Memory: 4k page, system-wide physical 8075M (1475M free)
TotalPageFile size 15811M (AvailPageFile size 2772M)
current process WorkingSet (physical memory assigned to process): 87M, peak: 87M
current process commit charge ("private bytes"): 227M, peak: 227M

vm_info: Java HotSpot(TM) 64-Bit Server VM (11.0.7+8-LTS) for windows-amd64 JRE (11.0.7+8-LTS), built on Mar 12 2020 02:04:32 by "mach5one" with MS VC++ 15.5 (VS2017)

END.
